[2023-09-22T19:41:03.296+0000] {processor.py:157} INFO - Started process (PID=44) to work on /opt/airflow/dags/tlc_etl.py
[2023-09-22T19:41:03.306+0000] {processor.py:829} INFO - Processing file /opt/airflow/dags/tlc_etl.py for tasks to queue
[2023-09-22T19:41:03.331+0000] {logging_mixin.py:151} INFO - [2023-09-22T19:41:03.329+0000] {dagbag.py:539} INFO - Filling up the DagBag from /opt/airflow/dags/tlc_etl.py
[2023-09-22T19:41:03.581+0000] {processor.py:839} INFO - DAG(s) dict_keys(['Nyc_Yellow_Taxi']) retrieved from /opt/airflow/dags/tlc_etl.py
[2023-09-22T19:41:04.207+0000] {logging_mixin.py:151} INFO - [2023-09-22T19:41:04.206+0000] {security.py:708} INFO - Not syncing DAG-level permissions for DAG 'DAG:Nyc_Yellow_Taxi' as access control is unset.
[2023-09-22T19:41:04.210+0000] {logging_mixin.py:151} INFO - [2023-09-22T19:41:04.208+0000] {dag.py:2915} INFO - Sync 1 DAGs
[2023-09-22T19:41:04.360+0000] {logging_mixin.py:151} INFO - [2023-09-22T19:41:04.360+0000] {dag.py:3696} INFO - Setting next_dagrun for Nyc_Yellow_Taxi to 2023-09-21T22:00:00+00:00, run_after=2023-09-22T22:00:00+00:00
[2023-09-22T19:41:04.531+0000] {processor.py:179} INFO - Processing /opt/airflow/dags/tlc_etl.py took 1.252 seconds
[2023-09-22T19:41:34.712+0000] {processor.py:157} INFO - Started process (PID=52) to work on /opt/airflow/dags/tlc_etl.py
[2023-09-22T19:41:34.713+0000] {processor.py:829} INFO - Processing file /opt/airflow/dags/tlc_etl.py for tasks to queue
[2023-09-22T19:41:34.716+0000] {logging_mixin.py:151} INFO - [2023-09-22T19:41:34.716+0000] {dagbag.py:539} INFO - Filling up the DagBag from /opt/airflow/dags/tlc_etl.py
[2023-09-22T19:41:34.789+0000] {processor.py:839} INFO - DAG(s) dict_keys(['Nyc_Yellow_Taxi']) retrieved from /opt/airflow/dags/tlc_etl.py
[2023-09-22T19:41:34.823+0000] {logging_mixin.py:151} INFO - [2023-09-22T19:41:34.822+0000] {dag.py:2915} INFO - Sync 1 DAGs
[2023-09-22T19:41:34.850+0000] {logging_mixin.py:151} INFO - [2023-09-22T19:41:34.850+0000] {dag.py:3696} INFO - Setting next_dagrun for Nyc_Yellow_Taxi to 2023-09-21T22:00:00+00:00, run_after=2023-09-22T22:00:00+00:00
[2023-09-22T19:41:34.881+0000] {processor.py:179} INFO - Processing /opt/airflow/dags/tlc_etl.py took 0.173 seconds
[2023-09-22T19:42:04.925+0000] {processor.py:157} INFO - Started process (PID=60) to work on /opt/airflow/dags/tlc_etl.py
[2023-09-22T19:42:04.926+0000] {processor.py:829} INFO - Processing file /opt/airflow/dags/tlc_etl.py for tasks to queue
[2023-09-22T19:42:04.929+0000] {logging_mixin.py:151} INFO - [2023-09-22T19:42:04.928+0000] {dagbag.py:539} INFO - Filling up the DagBag from /opt/airflow/dags/tlc_etl.py
[2023-09-22T19:42:04.985+0000] {processor.py:839} INFO - DAG(s) dict_keys(['Nyc_Yellow_Taxi']) retrieved from /opt/airflow/dags/tlc_etl.py
[2023-09-22T19:42:05.014+0000] {logging_mixin.py:151} INFO - [2023-09-22T19:42:05.014+0000] {dag.py:2915} INFO - Sync 1 DAGs
[2023-09-22T19:42:05.040+0000] {logging_mixin.py:151} INFO - [2023-09-22T19:42:05.040+0000] {dag.py:3696} INFO - Setting next_dagrun for Nyc_Yellow_Taxi to 2023-09-21T22:00:00+00:00, run_after=2023-09-22T22:00:00+00:00
[2023-09-22T19:42:05.080+0000] {processor.py:179} INFO - Processing /opt/airflow/dags/tlc_etl.py took 0.158 seconds
[2023-09-22T19:42:35.334+0000] {processor.py:157} INFO - Started process (PID=69) to work on /opt/airflow/dags/tlc_etl.py
[2023-09-22T19:42:35.337+0000] {processor.py:829} INFO - Processing file /opt/airflow/dags/tlc_etl.py for tasks to queue
[2023-09-22T19:42:35.343+0000] {logging_mixin.py:151} INFO - [2023-09-22T19:42:35.342+0000] {dagbag.py:539} INFO - Filling up the DagBag from /opt/airflow/dags/tlc_etl.py
[2023-09-22T19:42:35.469+0000] {processor.py:839} INFO - DAG(s) dict_keys(['Nyc_Yellow_Taxi']) retrieved from /opt/airflow/dags/tlc_etl.py
[2023-09-22T19:42:35.538+0000] {logging_mixin.py:151} INFO - [2023-09-22T19:42:35.537+0000] {dag.py:2915} INFO - Sync 1 DAGs
[2023-09-22T19:42:35.595+0000] {logging_mixin.py:151} INFO - [2023-09-22T19:42:35.595+0000] {dag.py:3696} INFO - Setting next_dagrun for Nyc_Yellow_Taxi to 2023-09-21T22:00:00+00:00, run_after=2023-09-22T22:00:00+00:00
[2023-09-22T19:42:35.638+0000] {processor.py:179} INFO - Processing /opt/airflow/dags/tlc_etl.py took 0.321 seconds
[2023-09-22T19:43:06.014+0000] {processor.py:157} INFO - Started process (PID=77) to work on /opt/airflow/dags/tlc_etl.py
[2023-09-22T19:43:06.018+0000] {processor.py:829} INFO - Processing file /opt/airflow/dags/tlc_etl.py for tasks to queue
[2023-09-22T19:43:06.026+0000] {logging_mixin.py:151} INFO - [2023-09-22T19:43:06.025+0000] {dagbag.py:539} INFO - Filling up the DagBag from /opt/airflow/dags/tlc_etl.py
[2023-09-22T19:43:06.118+0000] {processor.py:839} INFO - DAG(s) dict_keys(['Nyc_Yellow_Taxi']) retrieved from /opt/airflow/dags/tlc_etl.py
[2023-09-22T19:43:06.174+0000] {logging_mixin.py:151} INFO - [2023-09-22T19:43:06.173+0000] {dag.py:2915} INFO - Sync 1 DAGs
[2023-09-22T19:43:06.224+0000] {logging_mixin.py:151} INFO - [2023-09-22T19:43:06.223+0000] {dag.py:3696} INFO - Setting next_dagrun for Nyc_Yellow_Taxi to 2023-09-21T22:00:00+00:00, run_after=2023-09-22T22:00:00+00:00
[2023-09-22T19:43:06.254+0000] {processor.py:179} INFO - Processing /opt/airflow/dags/tlc_etl.py took 0.249 seconds
[2023-09-22T19:43:36.487+0000] {processor.py:157} INFO - Started process (PID=85) to work on /opt/airflow/dags/tlc_etl.py
[2023-09-22T19:43:36.494+0000] {processor.py:829} INFO - Processing file /opt/airflow/dags/tlc_etl.py for tasks to queue
[2023-09-22T19:43:36.503+0000] {logging_mixin.py:151} INFO - [2023-09-22T19:43:36.502+0000] {dagbag.py:539} INFO - Filling up the DagBag from /opt/airflow/dags/tlc_etl.py
[2023-09-22T19:43:36.653+0000] {processor.py:839} INFO - DAG(s) dict_keys(['Nyc_Yellow_Taxi']) retrieved from /opt/airflow/dags/tlc_etl.py
[2023-09-22T19:43:36.742+0000] {logging_mixin.py:151} INFO - [2023-09-22T19:43:36.741+0000] {dag.py:2915} INFO - Sync 1 DAGs
[2023-09-22T19:43:36.822+0000] {logging_mixin.py:151} INFO - [2023-09-22T19:43:36.822+0000] {dag.py:3696} INFO - Setting next_dagrun for Nyc_Yellow_Taxi to 2023-09-21T22:00:00+00:00, run_after=2023-09-22T22:00:00+00:00
[2023-09-22T19:43:36.866+0000] {processor.py:179} INFO - Processing /opt/airflow/dags/tlc_etl.py took 0.390 seconds
[2023-09-22T19:44:06.967+0000] {processor.py:157} INFO - Started process (PID=93) to work on /opt/airflow/dags/tlc_etl.py
[2023-09-22T19:44:06.968+0000] {processor.py:829} INFO - Processing file /opt/airflow/dags/tlc_etl.py for tasks to queue
[2023-09-22T19:44:06.972+0000] {logging_mixin.py:151} INFO - [2023-09-22T19:44:06.972+0000] {dagbag.py:539} INFO - Filling up the DagBag from /opt/airflow/dags/tlc_etl.py
[2023-09-22T19:44:07.040+0000] {processor.py:839} INFO - DAG(s) dict_keys(['Nyc_Yellow_Taxi']) retrieved from /opt/airflow/dags/tlc_etl.py
[2023-09-22T19:44:07.084+0000] {logging_mixin.py:151} INFO - [2023-09-22T19:44:07.083+0000] {dag.py:2915} INFO - Sync 1 DAGs
[2023-09-22T19:44:07.112+0000] {logging_mixin.py:151} INFO - [2023-09-22T19:44:07.111+0000] {dag.py:3696} INFO - Setting next_dagrun for Nyc_Yellow_Taxi to 2023-09-21T22:00:00+00:00, run_after=2023-09-22T22:00:00+00:00
[2023-09-22T19:44:07.134+0000] {processor.py:179} INFO - Processing /opt/airflow/dags/tlc_etl.py took 0.171 seconds
[2023-09-22T19:44:37.322+0000] {processor.py:157} INFO - Started process (PID=101) to work on /opt/airflow/dags/tlc_etl.py
[2023-09-22T19:44:37.324+0000] {processor.py:829} INFO - Processing file /opt/airflow/dags/tlc_etl.py for tasks to queue
[2023-09-22T19:44:37.329+0000] {logging_mixin.py:151} INFO - [2023-09-22T19:44:37.329+0000] {dagbag.py:539} INFO - Filling up the DagBag from /opt/airflow/dags/tlc_etl.py
[2023-09-22T19:44:37.432+0000] {processor.py:839} INFO - DAG(s) dict_keys(['Nyc_Yellow_Taxi']) retrieved from /opt/airflow/dags/tlc_etl.py
[2023-09-22T19:44:37.494+0000] {logging_mixin.py:151} INFO - [2023-09-22T19:44:37.493+0000] {dag.py:2915} INFO - Sync 1 DAGs
[2023-09-22T19:44:37.547+0000] {logging_mixin.py:151} INFO - [2023-09-22T19:44:37.547+0000] {dag.py:3696} INFO - Setting next_dagrun for Nyc_Yellow_Taxi to 2023-09-21T22:00:00+00:00, run_after=2023-09-22T22:00:00+00:00
[2023-09-22T19:44:37.579+0000] {processor.py:179} INFO - Processing /opt/airflow/dags/tlc_etl.py took 0.263 seconds
[2023-09-22T19:45:07.789+0000] {processor.py:157} INFO - Started process (PID=109) to work on /opt/airflow/dags/tlc_etl.py
[2023-09-22T19:45:07.790+0000] {processor.py:829} INFO - Processing file /opt/airflow/dags/tlc_etl.py for tasks to queue
[2023-09-22T19:45:07.794+0000] {logging_mixin.py:151} INFO - [2023-09-22T19:45:07.793+0000] {dagbag.py:539} INFO - Filling up the DagBag from /opt/airflow/dags/tlc_etl.py
[2023-09-22T19:45:07.874+0000] {processor.py:839} INFO - DAG(s) dict_keys(['Nyc_Yellow_Taxi']) retrieved from /opt/airflow/dags/tlc_etl.py
[2023-09-22T19:45:07.919+0000] {logging_mixin.py:151} INFO - [2023-09-22T19:45:07.918+0000] {dag.py:2915} INFO - Sync 1 DAGs
[2023-09-22T19:45:07.947+0000] {logging_mixin.py:151} INFO - [2023-09-22T19:45:07.947+0000] {dag.py:3696} INFO - Setting next_dagrun for Nyc_Yellow_Taxi to 2023-09-21T22:00:00+00:00, run_after=2023-09-22T22:00:00+00:00
[2023-09-22T19:45:07.986+0000] {processor.py:179} INFO - Processing /opt/airflow/dags/tlc_etl.py took 0.201 seconds
[2023-09-22T19:45:38.198+0000] {processor.py:157} INFO - Started process (PID=117) to work on /opt/airflow/dags/tlc_etl.py
[2023-09-22T19:45:38.199+0000] {processor.py:829} INFO - Processing file /opt/airflow/dags/tlc_etl.py for tasks to queue
[2023-09-22T19:45:38.202+0000] {logging_mixin.py:151} INFO - [2023-09-22T19:45:38.201+0000] {dagbag.py:539} INFO - Filling up the DagBag from /opt/airflow/dags/tlc_etl.py
[2023-09-22T19:45:38.282+0000] {processor.py:839} INFO - DAG(s) dict_keys(['Nyc_Yellow_Taxi']) retrieved from /opt/airflow/dags/tlc_etl.py
[2023-09-22T19:45:38.317+0000] {logging_mixin.py:151} INFO - [2023-09-22T19:45:38.316+0000] {dag.py:2915} INFO - Sync 1 DAGs
[2023-09-22T19:45:38.354+0000] {logging_mixin.py:151} INFO - [2023-09-22T19:45:38.353+0000] {dag.py:3696} INFO - Setting next_dagrun for Nyc_Yellow_Taxi to 2023-09-21T22:00:00+00:00, run_after=2023-09-22T22:00:00+00:00
[2023-09-22T19:45:38.376+0000] {processor.py:179} INFO - Processing /opt/airflow/dags/tlc_etl.py took 0.183 seconds
[2023-09-22T19:46:08.536+0000] {processor.py:157} INFO - Started process (PID=125) to work on /opt/airflow/dags/tlc_etl.py
[2023-09-22T19:46:08.537+0000] {processor.py:829} INFO - Processing file /opt/airflow/dags/tlc_etl.py for tasks to queue
[2023-09-22T19:46:08.540+0000] {logging_mixin.py:151} INFO - [2023-09-22T19:46:08.540+0000] {dagbag.py:539} INFO - Filling up the DagBag from /opt/airflow/dags/tlc_etl.py
[2023-09-22T19:46:08.612+0000] {processor.py:839} INFO - DAG(s) dict_keys(['Nyc_Yellow_Taxi']) retrieved from /opt/airflow/dags/tlc_etl.py
[2023-09-22T19:46:08.646+0000] {logging_mixin.py:151} INFO - [2023-09-22T19:46:08.646+0000] {dag.py:2915} INFO - Sync 1 DAGs
[2023-09-22T19:46:08.674+0000] {logging_mixin.py:151} INFO - [2023-09-22T19:46:08.674+0000] {dag.py:3696} INFO - Setting next_dagrun for Nyc_Yellow_Taxi to 2023-09-21T22:00:00+00:00, run_after=2023-09-22T22:00:00+00:00
[2023-09-22T19:46:08.705+0000] {processor.py:179} INFO - Processing /opt/airflow/dags/tlc_etl.py took 0.173 seconds
[2023-09-22T19:46:38.778+0000] {processor.py:157} INFO - Started process (PID=133) to work on /opt/airflow/dags/tlc_etl.py
[2023-09-22T19:46:38.780+0000] {processor.py:829} INFO - Processing file /opt/airflow/dags/tlc_etl.py for tasks to queue
[2023-09-22T19:46:38.782+0000] {logging_mixin.py:151} INFO - [2023-09-22T19:46:38.782+0000] {dagbag.py:539} INFO - Filling up the DagBag from /opt/airflow/dags/tlc_etl.py
[2023-09-22T19:46:38.848+0000] {processor.py:839} INFO - DAG(s) dict_keys(['Nyc_Yellow_Taxi']) retrieved from /opt/airflow/dags/tlc_etl.py
[2023-09-22T19:46:38.880+0000] {logging_mixin.py:151} INFO - [2023-09-22T19:46:38.880+0000] {dag.py:2915} INFO - Sync 1 DAGs
[2023-09-22T19:46:38.911+0000] {logging_mixin.py:151} INFO - [2023-09-22T19:46:38.911+0000] {dag.py:3696} INFO - Setting next_dagrun for Nyc_Yellow_Taxi to 2023-09-21T22:00:00+00:00, run_after=2023-09-22T22:00:00+00:00
[2023-09-22T19:46:38.933+0000] {processor.py:179} INFO - Processing /opt/airflow/dags/tlc_etl.py took 0.159 seconds
[2023-09-22T19:47:09.124+0000] {processor.py:157} INFO - Started process (PID=141) to work on /opt/airflow/dags/tlc_etl.py
[2023-09-22T19:47:09.126+0000] {processor.py:829} INFO - Processing file /opt/airflow/dags/tlc_etl.py for tasks to queue
[2023-09-22T19:47:09.129+0000] {logging_mixin.py:151} INFO - [2023-09-22T19:47:09.129+0000] {dagbag.py:539} INFO - Filling up the DagBag from /opt/airflow/dags/tlc_etl.py
[2023-09-22T19:47:09.217+0000] {processor.py:839} INFO - DAG(s) dict_keys(['Nyc_Yellow_Taxi']) retrieved from /opt/airflow/dags/tlc_etl.py
[2023-09-22T19:47:09.268+0000] {logging_mixin.py:151} INFO - [2023-09-22T19:47:09.267+0000] {dag.py:2915} INFO - Sync 1 DAGs
[2023-09-22T19:47:09.310+0000] {logging_mixin.py:151} INFO - [2023-09-22T19:47:09.310+0000] {dag.py:3696} INFO - Setting next_dagrun for Nyc_Yellow_Taxi to 2023-09-21T22:00:00+00:00, run_after=2023-09-22T22:00:00+00:00
[2023-09-22T19:47:09.341+0000] {processor.py:179} INFO - Processing /opt/airflow/dags/tlc_etl.py took 0.223 seconds
[2023-09-22T19:47:39.470+0000] {processor.py:157} INFO - Started process (PID=149) to work on /opt/airflow/dags/tlc_etl.py
[2023-09-22T19:47:39.474+0000] {processor.py:829} INFO - Processing file /opt/airflow/dags/tlc_etl.py for tasks to queue
[2023-09-22T19:47:39.482+0000] {logging_mixin.py:151} INFO - [2023-09-22T19:47:39.481+0000] {dagbag.py:539} INFO - Filling up the DagBag from /opt/airflow/dags/tlc_etl.py
[2023-09-22T19:47:39.647+0000] {processor.py:839} INFO - DAG(s) dict_keys(['Nyc_Yellow_Taxi']) retrieved from /opt/airflow/dags/tlc_etl.py
[2023-09-22T19:47:39.740+0000] {logging_mixin.py:151} INFO - [2023-09-22T19:47:39.740+0000] {dag.py:2915} INFO - Sync 1 DAGs
[2023-09-22T19:47:39.818+0000] {logging_mixin.py:151} INFO - [2023-09-22T19:47:39.817+0000] {dag.py:3696} INFO - Setting next_dagrun for Nyc_Yellow_Taxi to 2023-09-21T22:00:00+00:00, run_after=2023-09-22T22:00:00+00:00
[2023-09-22T19:47:39.864+0000] {processor.py:179} INFO - Processing /opt/airflow/dags/tlc_etl.py took 0.411 seconds
[2023-09-22T19:48:10.118+0000] {processor.py:157} INFO - Started process (PID=157) to work on /opt/airflow/dags/tlc_etl.py
[2023-09-22T19:48:10.120+0000] {processor.py:829} INFO - Processing file /opt/airflow/dags/tlc_etl.py for tasks to queue
[2023-09-22T19:48:10.124+0000] {logging_mixin.py:151} INFO - [2023-09-22T19:48:10.123+0000] {dagbag.py:539} INFO - Filling up the DagBag from /opt/airflow/dags/tlc_etl.py
[2023-09-22T19:48:10.247+0000] {processor.py:839} INFO - DAG(s) dict_keys(['Nyc_Yellow_Taxi']) retrieved from /opt/airflow/dags/tlc_etl.py
[2023-09-22T19:48:10.358+0000] {logging_mixin.py:151} INFO - [2023-09-22T19:48:10.357+0000] {dag.py:2915} INFO - Sync 1 DAGs
[2023-09-22T19:48:10.428+0000] {logging_mixin.py:151} INFO - [2023-09-22T19:48:10.428+0000] {dag.py:3696} INFO - Setting next_dagrun for Nyc_Yellow_Taxi to 2023-09-21T22:00:00+00:00, run_after=2023-09-22T22:00:00+00:00
[2023-09-22T19:48:10.461+0000] {processor.py:179} INFO - Processing /opt/airflow/dags/tlc_etl.py took 0.351 seconds
[2023-09-22T19:48:40.693+0000] {processor.py:157} INFO - Started process (PID=165) to work on /opt/airflow/dags/tlc_etl.py
[2023-09-22T19:48:40.694+0000] {processor.py:829} INFO - Processing file /opt/airflow/dags/tlc_etl.py for tasks to queue
[2023-09-22T19:48:40.698+0000] {logging_mixin.py:151} INFO - [2023-09-22T19:48:40.697+0000] {dagbag.py:539} INFO - Filling up the DagBag from /opt/airflow/dags/tlc_etl.py
[2023-09-22T19:48:40.770+0000] {processor.py:839} INFO - DAG(s) dict_keys(['Nyc_Yellow_Taxi']) retrieved from /opt/airflow/dags/tlc_etl.py
[2023-09-22T19:48:40.811+0000] {logging_mixin.py:151} INFO - [2023-09-22T19:48:40.811+0000] {dag.py:2915} INFO - Sync 1 DAGs
[2023-09-22T19:48:40.858+0000] {logging_mixin.py:151} INFO - [2023-09-22T19:48:40.857+0000] {dag.py:3696} INFO - Setting next_dagrun for Nyc_Yellow_Taxi to 2023-09-21T22:00:00+00:00, run_after=2023-09-22T22:00:00+00:00
[2023-09-22T19:48:40.891+0000] {processor.py:179} INFO - Processing /opt/airflow/dags/tlc_etl.py took 0.203 seconds
[2023-09-22T19:49:11.128+0000] {processor.py:157} INFO - Started process (PID=173) to work on /opt/airflow/dags/tlc_etl.py
[2023-09-22T19:49:11.130+0000] {processor.py:829} INFO - Processing file /opt/airflow/dags/tlc_etl.py for tasks to queue
[2023-09-22T19:49:11.132+0000] {logging_mixin.py:151} INFO - [2023-09-22T19:49:11.132+0000] {dagbag.py:539} INFO - Filling up the DagBag from /opt/airflow/dags/tlc_etl.py
[2023-09-22T19:49:11.206+0000] {processor.py:839} INFO - DAG(s) dict_keys(['Nyc_Yellow_Taxi']) retrieved from /opt/airflow/dags/tlc_etl.py
[2023-09-22T19:49:11.240+0000] {logging_mixin.py:151} INFO - [2023-09-22T19:49:11.239+0000] {dag.py:2915} INFO - Sync 1 DAGs
[2023-09-22T19:49:11.268+0000] {logging_mixin.py:151} INFO - [2023-09-22T19:49:11.268+0000] {dag.py:3696} INFO - Setting next_dagrun for Nyc_Yellow_Taxi to 2023-09-21T22:00:00+00:00, run_after=2023-09-22T22:00:00+00:00
[2023-09-22T19:49:11.301+0000] {processor.py:179} INFO - Processing /opt/airflow/dags/tlc_etl.py took 0.177 seconds
[2023-09-22T19:49:41.523+0000] {processor.py:157} INFO - Started process (PID=181) to work on /opt/airflow/dags/tlc_etl.py
[2023-09-22T19:49:41.524+0000] {processor.py:829} INFO - Processing file /opt/airflow/dags/tlc_etl.py for tasks to queue
[2023-09-22T19:49:41.526+0000] {logging_mixin.py:151} INFO - [2023-09-22T19:49:41.526+0000] {dagbag.py:539} INFO - Filling up the DagBag from /opt/airflow/dags/tlc_etl.py
[2023-09-22T19:49:41.592+0000] {processor.py:839} INFO - DAG(s) dict_keys(['Nyc_Yellow_Taxi']) retrieved from /opt/airflow/dags/tlc_etl.py
[2023-09-22T19:49:41.627+0000] {logging_mixin.py:151} INFO - [2023-09-22T19:49:41.626+0000] {dag.py:2915} INFO - Sync 1 DAGs
[2023-09-22T19:49:41.660+0000] {logging_mixin.py:151} INFO - [2023-09-22T19:49:41.659+0000] {dag.py:3696} INFO - Setting next_dagrun for Nyc_Yellow_Taxi to 2023-09-21T22:00:00+00:00, run_after=2023-09-22T22:00:00+00:00
[2023-09-22T19:49:41.681+0000] {processor.py:179} INFO - Processing /opt/airflow/dags/tlc_etl.py took 0.163 seconds
[2023-09-22T19:50:11.750+0000] {processor.py:157} INFO - Started process (PID=189) to work on /opt/airflow/dags/tlc_etl.py
[2023-09-22T19:50:11.753+0000] {processor.py:829} INFO - Processing file /opt/airflow/dags/tlc_etl.py for tasks to queue
[2023-09-22T19:50:11.759+0000] {logging_mixin.py:151} INFO - [2023-09-22T19:50:11.758+0000] {dagbag.py:539} INFO - Filling up the DagBag from /opt/airflow/dags/tlc_etl.py
[2023-09-22T19:50:11.914+0000] {processor.py:839} INFO - DAG(s) dict_keys(['Nyc_Yellow_Taxi']) retrieved from /opt/airflow/dags/tlc_etl.py
[2023-09-22T19:50:12.006+0000] {logging_mixin.py:151} INFO - [2023-09-22T19:50:12.004+0000] {dag.py:2915} INFO - Sync 1 DAGs
[2023-09-22T19:50:12.089+0000] {logging_mixin.py:151} INFO - [2023-09-22T19:50:12.088+0000] {dag.py:3696} INFO - Setting next_dagrun for Nyc_Yellow_Taxi to 2023-09-21T22:00:00+00:00, run_after=2023-09-22T22:00:00+00:00
[2023-09-22T19:50:12.141+0000] {processor.py:179} INFO - Processing /opt/airflow/dags/tlc_etl.py took 0.399 seconds
[2023-09-22T19:50:42.494+0000] {processor.py:157} INFO - Started process (PID=197) to work on /opt/airflow/dags/tlc_etl.py
[2023-09-22T19:50:42.497+0000] {processor.py:829} INFO - Processing file /opt/airflow/dags/tlc_etl.py for tasks to queue
[2023-09-22T19:50:42.502+0000] {logging_mixin.py:151} INFO - [2023-09-22T19:50:42.501+0000] {dagbag.py:539} INFO - Filling up the DagBag from /opt/airflow/dags/tlc_etl.py
[2023-09-22T19:50:42.639+0000] {processor.py:839} INFO - DAG(s) dict_keys(['Nyc_Yellow_Taxi']) retrieved from /opt/airflow/dags/tlc_etl.py
[2023-09-22T19:50:42.736+0000] {logging_mixin.py:151} INFO - [2023-09-22T19:50:42.735+0000] {dag.py:2915} INFO - Sync 1 DAGs
[2023-09-22T19:50:42.796+0000] {logging_mixin.py:151} INFO - [2023-09-22T19:50:42.796+0000] {dag.py:3696} INFO - Setting next_dagrun for Nyc_Yellow_Taxi to 2023-09-21T22:00:00+00:00, run_after=2023-09-22T22:00:00+00:00
[2023-09-22T19:50:42.838+0000] {processor.py:179} INFO - Processing /opt/airflow/dags/tlc_etl.py took 0.350 seconds
[2023-09-22T19:51:13.090+0000] {processor.py:157} INFO - Started process (PID=205) to work on /opt/airflow/dags/tlc_etl.py
[2023-09-22T19:51:13.098+0000] {processor.py:829} INFO - Processing file /opt/airflow/dags/tlc_etl.py for tasks to queue
[2023-09-22T19:51:13.103+0000] {logging_mixin.py:151} INFO - [2023-09-22T19:51:13.102+0000] {dagbag.py:539} INFO - Filling up the DagBag from /opt/airflow/dags/tlc_etl.py
[2023-09-22T19:51:13.195+0000] {processor.py:839} INFO - DAG(s) dict_keys(['Nyc_Yellow_Taxi']) retrieved from /opt/airflow/dags/tlc_etl.py
[2023-09-22T19:51:13.248+0000] {logging_mixin.py:151} INFO - [2023-09-22T19:51:13.247+0000] {dag.py:2915} INFO - Sync 1 DAGs
[2023-09-22T19:51:13.282+0000] {logging_mixin.py:151} INFO - [2023-09-22T19:51:13.282+0000] {dag.py:3696} INFO - Setting next_dagrun for Nyc_Yellow_Taxi to 2023-09-21T22:00:00+00:00, run_after=2023-09-22T22:00:00+00:00
[2023-09-22T19:51:13.311+0000] {processor.py:179} INFO - Processing /opt/airflow/dags/tlc_etl.py took 0.229 seconds
[2023-09-22T19:51:43.523+0000] {processor.py:157} INFO - Started process (PID=213) to work on /opt/airflow/dags/tlc_etl.py
[2023-09-22T19:51:43.524+0000] {processor.py:829} INFO - Processing file /opt/airflow/dags/tlc_etl.py for tasks to queue
[2023-09-22T19:51:43.528+0000] {logging_mixin.py:151} INFO - [2023-09-22T19:51:43.527+0000] {dagbag.py:539} INFO - Filling up the DagBag from /opt/airflow/dags/tlc_etl.py
[2023-09-22T19:51:43.599+0000] {processor.py:839} INFO - DAG(s) dict_keys(['Nyc_Yellow_Taxi']) retrieved from /opt/airflow/dags/tlc_etl.py
[2023-09-22T19:51:43.630+0000] {logging_mixin.py:151} INFO - [2023-09-22T19:51:43.629+0000] {dag.py:2915} INFO - Sync 1 DAGs
[2023-09-22T19:51:43.654+0000] {logging_mixin.py:151} INFO - [2023-09-22T19:51:43.654+0000] {dag.py:3696} INFO - Setting next_dagrun for Nyc_Yellow_Taxi to 2023-09-21T22:00:00+00:00, run_after=2023-09-22T22:00:00+00:00
[2023-09-22T19:51:43.677+0000] {processor.py:179} INFO - Processing /opt/airflow/dags/tlc_etl.py took 0.157 seconds
[2023-09-22T19:52:13.773+0000] {processor.py:157} INFO - Started process (PID=221) to work on /opt/airflow/dags/tlc_etl.py
[2023-09-22T19:52:13.775+0000] {processor.py:829} INFO - Processing file /opt/airflow/dags/tlc_etl.py for tasks to queue
[2023-09-22T19:52:13.779+0000] {logging_mixin.py:151} INFO - [2023-09-22T19:52:13.779+0000] {dagbag.py:539} INFO - Filling up the DagBag from /opt/airflow/dags/tlc_etl.py
[2023-09-22T19:52:13.870+0000] {processor.py:839} INFO - DAG(s) dict_keys(['Nyc_Yellow_Taxi']) retrieved from /opt/airflow/dags/tlc_etl.py
[2023-09-22T19:52:13.952+0000] {logging_mixin.py:151} INFO - [2023-09-22T19:52:13.950+0000] {dag.py:2915} INFO - Sync 1 DAGs
[2023-09-22T19:52:14.015+0000] {logging_mixin.py:151} INFO - [2023-09-22T19:52:14.014+0000] {dag.py:3696} INFO - Setting next_dagrun for Nyc_Yellow_Taxi to 2023-09-21T22:00:00+00:00, run_after=2023-09-22T22:00:00+00:00
[2023-09-22T19:52:14.055+0000] {processor.py:179} INFO - Processing /opt/airflow/dags/tlc_etl.py took 0.290 seconds
[2023-09-22T19:52:44.166+0000] {processor.py:157} INFO - Started process (PID=229) to work on /opt/airflow/dags/tlc_etl.py
[2023-09-22T19:52:44.168+0000] {processor.py:829} INFO - Processing file /opt/airflow/dags/tlc_etl.py for tasks to queue
[2023-09-22T19:52:44.172+0000] {logging_mixin.py:151} INFO - [2023-09-22T19:52:44.172+0000] {dagbag.py:539} INFO - Filling up the DagBag from /opt/airflow/dags/tlc_etl.py
[2023-09-22T19:52:44.260+0000] {processor.py:839} INFO - DAG(s) dict_keys(['Nyc_Yellow_Taxi']) retrieved from /opt/airflow/dags/tlc_etl.py
[2023-09-22T19:52:44.322+0000] {logging_mixin.py:151} INFO - [2023-09-22T19:52:44.321+0000] {dag.py:2915} INFO - Sync 1 DAGs
[2023-09-22T19:52:44.363+0000] {logging_mixin.py:151} INFO - [2023-09-22T19:52:44.363+0000] {dag.py:3696} INFO - Setting next_dagrun for Nyc_Yellow_Taxi to 2023-09-21T22:00:00+00:00, run_after=2023-09-22T22:00:00+00:00
[2023-09-22T19:52:44.396+0000] {processor.py:179} INFO - Processing /opt/airflow/dags/tlc_etl.py took 0.235 seconds
[2023-09-22T19:53:14.494+0000] {processor.py:157} INFO - Started process (PID=237) to work on /opt/airflow/dags/tlc_etl.py
[2023-09-22T19:53:14.496+0000] {processor.py:829} INFO - Processing file /opt/airflow/dags/tlc_etl.py for tasks to queue
[2023-09-22T19:53:14.500+0000] {logging_mixin.py:151} INFO - [2023-09-22T19:53:14.499+0000] {dagbag.py:539} INFO - Filling up the DagBag from /opt/airflow/dags/tlc_etl.py
[2023-09-22T19:53:14.579+0000] {processor.py:839} INFO - DAG(s) dict_keys(['Nyc_Yellow_Taxi']) retrieved from /opt/airflow/dags/tlc_etl.py
[2023-09-22T19:53:14.616+0000] {logging_mixin.py:151} INFO - [2023-09-22T19:53:14.615+0000] {dag.py:2915} INFO - Sync 1 DAGs
[2023-09-22T19:53:14.646+0000] {logging_mixin.py:151} INFO - [2023-09-22T19:53:14.646+0000] {dag.py:3696} INFO - Setting next_dagrun for Nyc_Yellow_Taxi to 2023-09-21T22:00:00+00:00, run_after=2023-09-22T22:00:00+00:00
[2023-09-22T19:53:14.680+0000] {processor.py:179} INFO - Processing /opt/airflow/dags/tlc_etl.py took 0.190 seconds
[2023-09-22T19:53:44.782+0000] {processor.py:157} INFO - Started process (PID=245) to work on /opt/airflow/dags/tlc_etl.py
[2023-09-22T19:53:44.784+0000] {processor.py:829} INFO - Processing file /opt/airflow/dags/tlc_etl.py for tasks to queue
[2023-09-22T19:53:44.787+0000] {logging_mixin.py:151} INFO - [2023-09-22T19:53:44.786+0000] {dagbag.py:539} INFO - Filling up the DagBag from /opt/airflow/dags/tlc_etl.py
[2023-09-22T19:53:44.861+0000] {processor.py:839} INFO - DAG(s) dict_keys(['Nyc_Yellow_Taxi']) retrieved from /opt/airflow/dags/tlc_etl.py
[2023-09-22T19:53:44.904+0000] {logging_mixin.py:151} INFO - [2023-09-22T19:53:44.903+0000] {dag.py:2915} INFO - Sync 1 DAGs
[2023-09-22T19:53:44.932+0000] {logging_mixin.py:151} INFO - [2023-09-22T19:53:44.932+0000] {dag.py:3696} INFO - Setting next_dagrun for Nyc_Yellow_Taxi to 2023-09-21T22:00:00+00:00, run_after=2023-09-22T22:00:00+00:00
[2023-09-22T19:53:44.954+0000] {processor.py:179} INFO - Processing /opt/airflow/dags/tlc_etl.py took 0.176 seconds
[2023-09-22T19:54:15.073+0000] {processor.py:157} INFO - Started process (PID=253) to work on /opt/airflow/dags/tlc_etl.py
[2023-09-22T19:54:15.075+0000] {processor.py:829} INFO - Processing file /opt/airflow/dags/tlc_etl.py for tasks to queue
[2023-09-22T19:54:15.079+0000] {logging_mixin.py:151} INFO - [2023-09-22T19:54:15.078+0000] {dagbag.py:539} INFO - Filling up the DagBag from /opt/airflow/dags/tlc_etl.py
[2023-09-22T19:54:15.151+0000] {processor.py:839} INFO - DAG(s) dict_keys(['Nyc_Yellow_Taxi']) retrieved from /opt/airflow/dags/tlc_etl.py
[2023-09-22T19:54:15.187+0000] {logging_mixin.py:151} INFO - [2023-09-22T19:54:15.186+0000] {dag.py:2915} INFO - Sync 1 DAGs
[2023-09-22T19:54:15.215+0000] {logging_mixin.py:151} INFO - [2023-09-22T19:54:15.215+0000] {dag.py:3696} INFO - Setting next_dagrun for Nyc_Yellow_Taxi to 2023-09-21T22:00:00+00:00, run_after=2023-09-22T22:00:00+00:00
[2023-09-22T19:54:15.253+0000] {processor.py:179} INFO - Processing /opt/airflow/dags/tlc_etl.py took 0.184 seconds
[2023-09-22T19:54:45.353+0000] {processor.py:157} INFO - Started process (PID=261) to work on /opt/airflow/dags/tlc_etl.py
[2023-09-22T19:54:45.354+0000] {processor.py:829} INFO - Processing file /opt/airflow/dags/tlc_etl.py for tasks to queue
[2023-09-22T19:54:45.358+0000] {logging_mixin.py:151} INFO - [2023-09-22T19:54:45.358+0000] {dagbag.py:539} INFO - Filling up the DagBag from /opt/airflow/dags/tlc_etl.py
[2023-09-22T19:54:45.440+0000] {processor.py:839} INFO - DAG(s) dict_keys(['Nyc_Yellow_Taxi']) retrieved from /opt/airflow/dags/tlc_etl.py
[2023-09-22T19:54:45.481+0000] {logging_mixin.py:151} INFO - [2023-09-22T19:54:45.480+0000] {dag.py:2915} INFO - Sync 1 DAGs
[2023-09-22T19:54:45.520+0000] {logging_mixin.py:151} INFO - [2023-09-22T19:54:45.520+0000] {dag.py:3696} INFO - Setting next_dagrun for Nyc_Yellow_Taxi to 2023-09-21T22:00:00+00:00, run_after=2023-09-22T22:00:00+00:00
[2023-09-22T19:54:45.546+0000] {processor.py:179} INFO - Processing /opt/airflow/dags/tlc_etl.py took 0.198 seconds
[2023-09-22T19:55:15.651+0000] {processor.py:157} INFO - Started process (PID=269) to work on /opt/airflow/dags/tlc_etl.py
[2023-09-22T19:55:15.653+0000] {processor.py:829} INFO - Processing file /opt/airflow/dags/tlc_etl.py for tasks to queue
[2023-09-22T19:55:15.657+0000] {logging_mixin.py:151} INFO - [2023-09-22T19:55:15.657+0000] {dagbag.py:539} INFO - Filling up the DagBag from /opt/airflow/dags/tlc_etl.py
[2023-09-22T19:55:15.732+0000] {processor.py:839} INFO - DAG(s) dict_keys(['Nyc_Yellow_Taxi']) retrieved from /opt/airflow/dags/tlc_etl.py
[2023-09-22T19:55:15.765+0000] {logging_mixin.py:151} INFO - [2023-09-22T19:55:15.764+0000] {dag.py:2915} INFO - Sync 1 DAGs
[2023-09-22T19:55:15.794+0000] {logging_mixin.py:151} INFO - [2023-09-22T19:55:15.794+0000] {dag.py:3696} INFO - Setting next_dagrun for Nyc_Yellow_Taxi to 2023-09-21T22:00:00+00:00, run_after=2023-09-22T22:00:00+00:00
[2023-09-22T19:55:15.827+0000] {processor.py:179} INFO - Processing /opt/airflow/dags/tlc_etl.py took 0.181 seconds
[2023-09-22T19:55:45.973+0000] {processor.py:157} INFO - Started process (PID=277) to work on /opt/airflow/dags/tlc_etl.py
[2023-09-22T19:55:45.975+0000] {processor.py:829} INFO - Processing file /opt/airflow/dags/tlc_etl.py for tasks to queue
[2023-09-22T19:55:45.979+0000] {logging_mixin.py:151} INFO - [2023-09-22T19:55:45.978+0000] {dagbag.py:539} INFO - Filling up the DagBag from /opt/airflow/dags/tlc_etl.py
[2023-09-22T19:55:46.067+0000] {processor.py:839} INFO - DAG(s) dict_keys(['Nyc_Yellow_Taxi']) retrieved from /opt/airflow/dags/tlc_etl.py
[2023-09-22T19:55:46.128+0000] {logging_mixin.py:151} INFO - [2023-09-22T19:55:46.127+0000] {dag.py:2915} INFO - Sync 1 DAGs
[2023-09-22T19:55:46.168+0000] {logging_mixin.py:151} INFO - [2023-09-22T19:55:46.168+0000] {dag.py:3696} INFO - Setting next_dagrun for Nyc_Yellow_Taxi to 2023-09-21T22:00:00+00:00, run_after=2023-09-22T22:00:00+00:00
[2023-09-22T19:55:46.199+0000] {processor.py:179} INFO - Processing /opt/airflow/dags/tlc_etl.py took 0.233 seconds
[2023-09-22T19:56:16.288+0000] {processor.py:157} INFO - Started process (PID=286) to work on /opt/airflow/dags/tlc_etl.py
[2023-09-22T19:56:16.289+0000] {processor.py:829} INFO - Processing file /opt/airflow/dags/tlc_etl.py for tasks to queue
[2023-09-22T19:56:16.292+0000] {logging_mixin.py:151} INFO - [2023-09-22T19:56:16.291+0000] {dagbag.py:539} INFO - Filling up the DagBag from /opt/airflow/dags/tlc_etl.py
[2023-09-22T19:56:16.345+0000] {processor.py:839} INFO - DAG(s) dict_keys(['Nyc_Yellow_Taxi']) retrieved from /opt/airflow/dags/tlc_etl.py
[2023-09-22T19:56:16.382+0000] {logging_mixin.py:151} INFO - [2023-09-22T19:56:16.382+0000] {dag.py:2915} INFO - Sync 1 DAGs
[2023-09-22T19:56:16.411+0000] {logging_mixin.py:151} INFO - [2023-09-22T19:56:16.411+0000] {dag.py:3696} INFO - Setting next_dagrun for Nyc_Yellow_Taxi to 2023-09-21T22:00:00+00:00, run_after=2023-09-22T22:00:00+00:00
[2023-09-22T19:56:16.443+0000] {processor.py:179} INFO - Processing /opt/airflow/dags/tlc_etl.py took 0.159 seconds
