[2023-10-01T12:58:02.635+0000] {processor.py:157} INFO - Started process (PID=44) to work on /opt/airflow/dags/tlc_etl.py
[2023-10-01T12:58:02.636+0000] {processor.py:829} INFO - Processing file /opt/airflow/dags/tlc_etl.py for tasks to queue
[2023-10-01T12:58:02.639+0000] {logging_mixin.py:151} INFO - [2023-10-01T12:58:02.639+0000] {dagbag.py:539} INFO - Filling up the DagBag from /opt/airflow/dags/tlc_etl.py
[2023-10-01T12:58:02.708+0000] {processor.py:839} INFO - DAG(s) dict_keys(['Nyc_Yellow_Taxi']) retrieved from /opt/airflow/dags/tlc_etl.py
[2023-10-01T12:58:02.871+0000] {logging_mixin.py:151} INFO - [2023-10-01T12:58:02.871+0000] {security.py:708} INFO - Not syncing DAG-level permissions for DAG 'DAG:Nyc_Yellow_Taxi' as access control is unset.
[2023-10-01T12:58:02.872+0000] {logging_mixin.py:151} INFO - [2023-10-01T12:58:02.871+0000] {dag.py:2915} INFO - Sync 1 DAGs
[2023-10-01T12:58:02.897+0000] {logging_mixin.py:151} INFO - [2023-10-01T12:58:02.897+0000] {dag.py:3696} INFO - Setting next_dagrun for Nyc_Yellow_Taxi to 2023-09-30T22:00:00+00:00, run_after=2023-10-01T22:00:00+00:00
[2023-10-01T12:58:02.922+0000] {processor.py:179} INFO - Processing /opt/airflow/dags/tlc_etl.py took 0.290 seconds
[2023-10-01T12:58:33.194+0000] {processor.py:157} INFO - Started process (PID=52) to work on /opt/airflow/dags/tlc_etl.py
[2023-10-01T12:58:33.195+0000] {processor.py:829} INFO - Processing file /opt/airflow/dags/tlc_etl.py for tasks to queue
[2023-10-01T12:58:33.197+0000] {logging_mixin.py:151} INFO - [2023-10-01T12:58:33.197+0000] {dagbag.py:539} INFO - Filling up the DagBag from /opt/airflow/dags/tlc_etl.py
[2023-10-01T12:58:33.254+0000] {processor.py:839} INFO - DAG(s) dict_keys(['Nyc_Yellow_Taxi']) retrieved from /opt/airflow/dags/tlc_etl.py
[2023-10-01T12:58:33.282+0000] {logging_mixin.py:151} INFO - [2023-10-01T12:58:33.281+0000] {dag.py:2915} INFO - Sync 1 DAGs
[2023-10-01T12:58:33.303+0000] {logging_mixin.py:151} INFO - [2023-10-01T12:58:33.303+0000] {dag.py:3696} INFO - Setting next_dagrun for Nyc_Yellow_Taxi to 2023-09-30T22:00:00+00:00, run_after=2023-10-01T22:00:00+00:00
[2023-10-01T12:58:33.320+0000] {processor.py:179} INFO - Processing /opt/airflow/dags/tlc_etl.py took 0.129 seconds
[2023-10-01T12:59:03.487+0000] {processor.py:157} INFO - Started process (PID=60) to work on /opt/airflow/dags/tlc_etl.py
[2023-10-01T12:59:03.488+0000] {processor.py:829} INFO - Processing file /opt/airflow/dags/tlc_etl.py for tasks to queue
[2023-10-01T12:59:03.491+0000] {logging_mixin.py:151} INFO - [2023-10-01T12:59:03.490+0000] {dagbag.py:539} INFO - Filling up the DagBag from /opt/airflow/dags/tlc_etl.py
[2023-10-01T12:59:03.551+0000] {processor.py:839} INFO - DAG(s) dict_keys(['Nyc_Yellow_Taxi']) retrieved from /opt/airflow/dags/tlc_etl.py
[2023-10-01T12:59:03.584+0000] {logging_mixin.py:151} INFO - [2023-10-01T12:59:03.583+0000] {dag.py:2915} INFO - Sync 1 DAGs
[2023-10-01T12:59:03.609+0000] {logging_mixin.py:151} INFO - [2023-10-01T12:59:03.609+0000] {dag.py:3696} INFO - Setting next_dagrun for Nyc_Yellow_Taxi to 2023-09-30T22:00:00+00:00, run_after=2023-10-01T22:00:00+00:00
[2023-10-01T12:59:03.636+0000] {processor.py:179} INFO - Processing /opt/airflow/dags/tlc_etl.py took 0.153 seconds
[2023-10-01T12:59:33.802+0000] {processor.py:157} INFO - Started process (PID=68) to work on /opt/airflow/dags/tlc_etl.py
[2023-10-01T12:59:33.803+0000] {processor.py:829} INFO - Processing file /opt/airflow/dags/tlc_etl.py for tasks to queue
[2023-10-01T12:59:33.805+0000] {logging_mixin.py:151} INFO - [2023-10-01T12:59:33.805+0000] {dagbag.py:539} INFO - Filling up the DagBag from /opt/airflow/dags/tlc_etl.py
[2023-10-01T12:59:33.855+0000] {processor.py:839} INFO - DAG(s) dict_keys(['Nyc_Yellow_Taxi']) retrieved from /opt/airflow/dags/tlc_etl.py
[2023-10-01T12:59:33.881+0000] {logging_mixin.py:151} INFO - [2023-10-01T12:59:33.881+0000] {dag.py:2915} INFO - Sync 1 DAGs
[2023-10-01T12:59:33.900+0000] {logging_mixin.py:151} INFO - [2023-10-01T12:59:33.900+0000] {dag.py:3696} INFO - Setting next_dagrun for Nyc_Yellow_Taxi to 2023-09-30T22:00:00+00:00, run_after=2023-10-01T22:00:00+00:00
[2023-10-01T12:59:33.928+0000] {processor.py:179} INFO - Processing /opt/airflow/dags/tlc_etl.py took 0.129 seconds
[2023-10-01T13:00:04.179+0000] {processor.py:157} INFO - Started process (PID=76) to work on /opt/airflow/dags/tlc_etl.py
[2023-10-01T13:00:04.180+0000] {processor.py:829} INFO - Processing file /opt/airflow/dags/tlc_etl.py for tasks to queue
[2023-10-01T13:00:04.182+0000] {logging_mixin.py:151} INFO - [2023-10-01T13:00:04.182+0000] {dagbag.py:539} INFO - Filling up the DagBag from /opt/airflow/dags/tlc_etl.py
[2023-10-01T13:00:04.245+0000] {processor.py:839} INFO - DAG(s) dict_keys(['Nyc_Yellow_Taxi']) retrieved from /opt/airflow/dags/tlc_etl.py
[2023-10-01T13:00:04.276+0000] {logging_mixin.py:151} INFO - [2023-10-01T13:00:04.276+0000] {dag.py:2915} INFO - Sync 1 DAGs
[2023-10-01T13:00:04.303+0000] {logging_mixin.py:151} INFO - [2023-10-01T13:00:04.302+0000] {dag.py:3696} INFO - Setting next_dagrun for Nyc_Yellow_Taxi to 2023-09-30T22:00:00+00:00, run_after=2023-10-01T22:00:00+00:00
[2023-10-01T13:00:04.331+0000] {processor.py:179} INFO - Processing /opt/airflow/dags/tlc_etl.py took 0.155 seconds
[2023-10-01T13:00:34.484+0000] {processor.py:157} INFO - Started process (PID=84) to work on /opt/airflow/dags/tlc_etl.py
[2023-10-01T13:00:34.485+0000] {processor.py:829} INFO - Processing file /opt/airflow/dags/tlc_etl.py for tasks to queue
[2023-10-01T13:00:34.487+0000] {logging_mixin.py:151} INFO - [2023-10-01T13:00:34.487+0000] {dagbag.py:539} INFO - Filling up the DagBag from /opt/airflow/dags/tlc_etl.py
[2023-10-01T13:00:34.539+0000] {processor.py:839} INFO - DAG(s) dict_keys(['Nyc_Yellow_Taxi']) retrieved from /opt/airflow/dags/tlc_etl.py
[2023-10-01T13:00:34.586+0000] {logging_mixin.py:151} INFO - [2023-10-01T13:00:34.585+0000] {dag.py:2915} INFO - Sync 1 DAGs
[2023-10-01T13:00:34.614+0000] {logging_mixin.py:151} INFO - [2023-10-01T13:00:34.614+0000] {dag.py:3696} INFO - Setting next_dagrun for Nyc_Yellow_Taxi to 2023-09-30T22:00:00+00:00, run_after=2023-10-01T22:00:00+00:00
[2023-10-01T13:00:34.640+0000] {processor.py:179} INFO - Processing /opt/airflow/dags/tlc_etl.py took 0.159 seconds
[2023-10-01T13:01:04.833+0000] {processor.py:157} INFO - Started process (PID=92) to work on /opt/airflow/dags/tlc_etl.py
[2023-10-01T13:01:04.834+0000] {processor.py:829} INFO - Processing file /opt/airflow/dags/tlc_etl.py for tasks to queue
[2023-10-01T13:01:04.837+0000] {logging_mixin.py:151} INFO - [2023-10-01T13:01:04.836+0000] {dagbag.py:539} INFO - Filling up the DagBag from /opt/airflow/dags/tlc_etl.py
[2023-10-01T13:01:04.895+0000] {processor.py:839} INFO - DAG(s) dict_keys(['Nyc_Yellow_Taxi']) retrieved from /opt/airflow/dags/tlc_etl.py
[2023-10-01T13:01:04.926+0000] {logging_mixin.py:151} INFO - [2023-10-01T13:01:04.926+0000] {dag.py:2915} INFO - Sync 1 DAGs
[2023-10-01T13:01:04.951+0000] {logging_mixin.py:151} INFO - [2023-10-01T13:01:04.951+0000] {dag.py:3696} INFO - Setting next_dagrun for Nyc_Yellow_Taxi to 2023-09-30T22:00:00+00:00, run_after=2023-10-01T22:00:00+00:00
[2023-10-01T13:01:04.970+0000] {processor.py:179} INFO - Processing /opt/airflow/dags/tlc_etl.py took 0.140 seconds
[2023-10-01T13:01:35.155+0000] {processor.py:157} INFO - Started process (PID=100) to work on /opt/airflow/dags/tlc_etl.py
[2023-10-01T13:01:35.155+0000] {processor.py:829} INFO - Processing file /opt/airflow/dags/tlc_etl.py for tasks to queue
[2023-10-01T13:01:35.158+0000] {logging_mixin.py:151} INFO - [2023-10-01T13:01:35.157+0000] {dagbag.py:539} INFO - Filling up the DagBag from /opt/airflow/dags/tlc_etl.py
[2023-10-01T13:01:35.207+0000] {processor.py:839} INFO - DAG(s) dict_keys(['Nyc_Yellow_Taxi']) retrieved from /opt/airflow/dags/tlc_etl.py
[2023-10-01T13:01:35.234+0000] {logging_mixin.py:151} INFO - [2023-10-01T13:01:35.233+0000] {dag.py:2915} INFO - Sync 1 DAGs
[2023-10-01T13:01:35.254+0000] {logging_mixin.py:151} INFO - [2023-10-01T13:01:35.254+0000] {dag.py:3696} INFO - Setting next_dagrun for Nyc_Yellow_Taxi to 2023-09-30T22:00:00+00:00, run_after=2023-10-01T22:00:00+00:00
[2023-10-01T13:01:35.281+0000] {processor.py:179} INFO - Processing /opt/airflow/dags/tlc_etl.py took 0.129 seconds
[2023-10-01T13:02:05.469+0000] {processor.py:157} INFO - Started process (PID=108) to work on /opt/airflow/dags/tlc_etl.py
[2023-10-01T13:02:05.470+0000] {processor.py:829} INFO - Processing file /opt/airflow/dags/tlc_etl.py for tasks to queue
[2023-10-01T13:02:05.472+0000] {logging_mixin.py:151} INFO - [2023-10-01T13:02:05.472+0000] {dagbag.py:539} INFO - Filling up the DagBag from /opt/airflow/dags/tlc_etl.py
[2023-10-01T13:02:05.538+0000] {processor.py:839} INFO - DAG(s) dict_keys(['Nyc_Yellow_Taxi']) retrieved from /opt/airflow/dags/tlc_etl.py
[2023-10-01T13:02:05.565+0000] {logging_mixin.py:151} INFO - [2023-10-01T13:02:05.565+0000] {dag.py:2915} INFO - Sync 1 DAGs
[2023-10-01T13:02:05.586+0000] {logging_mixin.py:151} INFO - [2023-10-01T13:02:05.586+0000] {dag.py:3696} INFO - Setting next_dagrun for Nyc_Yellow_Taxi to 2023-09-30T22:00:00+00:00, run_after=2023-10-01T22:00:00+00:00
[2023-10-01T13:02:05.614+0000] {processor.py:179} INFO - Processing /opt/airflow/dags/tlc_etl.py took 0.148 seconds
[2023-10-01T13:02:35.790+0000] {processor.py:157} INFO - Started process (PID=116) to work on /opt/airflow/dags/tlc_etl.py
[2023-10-01T13:02:35.791+0000] {processor.py:829} INFO - Processing file /opt/airflow/dags/tlc_etl.py for tasks to queue
[2023-10-01T13:02:35.793+0000] {logging_mixin.py:151} INFO - [2023-10-01T13:02:35.793+0000] {dagbag.py:539} INFO - Filling up the DagBag from /opt/airflow/dags/tlc_etl.py
[2023-10-01T13:02:35.847+0000] {processor.py:839} INFO - DAG(s) dict_keys(['Nyc_Yellow_Taxi']) retrieved from /opt/airflow/dags/tlc_etl.py
[2023-10-01T13:02:35.875+0000] {logging_mixin.py:151} INFO - [2023-10-01T13:02:35.875+0000] {dag.py:2915} INFO - Sync 1 DAGs
[2023-10-01T13:02:35.896+0000] {logging_mixin.py:151} INFO - [2023-10-01T13:02:35.896+0000] {dag.py:3696} INFO - Setting next_dagrun for Nyc_Yellow_Taxi to 2023-09-30T22:00:00+00:00, run_after=2023-10-01T22:00:00+00:00
[2023-10-01T13:02:35.923+0000] {processor.py:179} INFO - Processing /opt/airflow/dags/tlc_etl.py took 0.135 seconds
[2023-10-01T13:03:06.243+0000] {processor.py:157} INFO - Started process (PID=124) to work on /opt/airflow/dags/tlc_etl.py
[2023-10-01T13:03:06.244+0000] {processor.py:829} INFO - Processing file /opt/airflow/dags/tlc_etl.py for tasks to queue
[2023-10-01T13:03:06.246+0000] {logging_mixin.py:151} INFO - [2023-10-01T13:03:06.246+0000] {dagbag.py:539} INFO - Filling up the DagBag from /opt/airflow/dags/tlc_etl.py
[2023-10-01T13:03:06.312+0000] {processor.py:839} INFO - DAG(s) dict_keys(['Nyc_Yellow_Taxi']) retrieved from /opt/airflow/dags/tlc_etl.py
[2023-10-01T13:03:06.342+0000] {logging_mixin.py:151} INFO - [2023-10-01T13:03:06.342+0000] {dag.py:2915} INFO - Sync 1 DAGs
[2023-10-01T13:03:06.367+0000] {logging_mixin.py:151} INFO - [2023-10-01T13:03:06.367+0000] {dag.py:3696} INFO - Setting next_dagrun for Nyc_Yellow_Taxi to 2023-09-30T22:00:00+00:00, run_after=2023-10-01T22:00:00+00:00
[2023-10-01T13:03:06.389+0000] {processor.py:179} INFO - Processing /opt/airflow/dags/tlc_etl.py took 0.148 seconds
[2023-10-01T13:03:36.504+0000] {processor.py:157} INFO - Started process (PID=132) to work on /opt/airflow/dags/tlc_etl.py
[2023-10-01T13:03:36.505+0000] {processor.py:829} INFO - Processing file /opt/airflow/dags/tlc_etl.py for tasks to queue
[2023-10-01T13:03:36.507+0000] {logging_mixin.py:151} INFO - [2023-10-01T13:03:36.507+0000] {dagbag.py:539} INFO - Filling up the DagBag from /opt/airflow/dags/tlc_etl.py
[2023-10-01T13:03:36.555+0000] {processor.py:839} INFO - DAG(s) dict_keys(['Nyc_Yellow_Taxi']) retrieved from /opt/airflow/dags/tlc_etl.py
[2023-10-01T13:03:36.583+0000] {logging_mixin.py:151} INFO - [2023-10-01T13:03:36.582+0000] {dag.py:2915} INFO - Sync 1 DAGs
[2023-10-01T13:03:36.604+0000] {logging_mixin.py:151} INFO - [2023-10-01T13:03:36.604+0000] {dag.py:3696} INFO - Setting next_dagrun for Nyc_Yellow_Taxi to 2023-09-30T22:00:00+00:00, run_after=2023-10-01T22:00:00+00:00
[2023-10-01T13:03:36.631+0000] {processor.py:179} INFO - Processing /opt/airflow/dags/tlc_etl.py took 0.129 seconds
[2023-10-01T13:04:06.864+0000] {processor.py:157} INFO - Started process (PID=140) to work on /opt/airflow/dags/tlc_etl.py
[2023-10-01T13:04:06.865+0000] {processor.py:829} INFO - Processing file /opt/airflow/dags/tlc_etl.py for tasks to queue
[2023-10-01T13:04:06.867+0000] {logging_mixin.py:151} INFO - [2023-10-01T13:04:06.867+0000] {dagbag.py:539} INFO - Filling up the DagBag from /opt/airflow/dags/tlc_etl.py
[2023-10-01T13:04:06.927+0000] {processor.py:839} INFO - DAG(s) dict_keys(['Nyc_Yellow_Taxi']) retrieved from /opt/airflow/dags/tlc_etl.py
[2023-10-01T13:04:06.955+0000] {logging_mixin.py:151} INFO - [2023-10-01T13:04:06.955+0000] {dag.py:2915} INFO - Sync 1 DAGs
[2023-10-01T13:04:06.978+0000] {logging_mixin.py:151} INFO - [2023-10-01T13:04:06.978+0000] {dag.py:3696} INFO - Setting next_dagrun for Nyc_Yellow_Taxi to 2023-09-30T22:00:00+00:00, run_after=2023-10-01T22:00:00+00:00
[2023-10-01T13:04:06.996+0000] {processor.py:179} INFO - Processing /opt/airflow/dags/tlc_etl.py took 0.134 seconds
[2023-10-01T13:04:37.109+0000] {processor.py:157} INFO - Started process (PID=148) to work on /opt/airflow/dags/tlc_etl.py
[2023-10-01T13:04:37.110+0000] {processor.py:829} INFO - Processing file /opt/airflow/dags/tlc_etl.py for tasks to queue
[2023-10-01T13:04:37.112+0000] {logging_mixin.py:151} INFO - [2023-10-01T13:04:37.111+0000] {dagbag.py:539} INFO - Filling up the DagBag from /opt/airflow/dags/tlc_etl.py
[2023-10-01T13:04:37.167+0000] {processor.py:839} INFO - DAG(s) dict_keys(['Nyc_Yellow_Taxi']) retrieved from /opt/airflow/dags/tlc_etl.py
[2023-10-01T13:04:37.195+0000] {logging_mixin.py:151} INFO - [2023-10-01T13:04:37.195+0000] {dag.py:2915} INFO - Sync 1 DAGs
[2023-10-01T13:04:37.214+0000] {logging_mixin.py:151} INFO - [2023-10-01T13:04:37.214+0000] {dag.py:3696} INFO - Setting next_dagrun for Nyc_Yellow_Taxi to 2023-09-30T22:00:00+00:00, run_after=2023-10-01T22:00:00+00:00
[2023-10-01T13:04:37.241+0000] {processor.py:179} INFO - Processing /opt/airflow/dags/tlc_etl.py took 0.135 seconds
[2023-10-01T13:05:07.506+0000] {processor.py:157} INFO - Started process (PID=156) to work on /opt/airflow/dags/tlc_etl.py
[2023-10-01T13:05:07.507+0000] {processor.py:829} INFO - Processing file /opt/airflow/dags/tlc_etl.py for tasks to queue
[2023-10-01T13:05:07.509+0000] {logging_mixin.py:151} INFO - [2023-10-01T13:05:07.509+0000] {dagbag.py:539} INFO - Filling up the DagBag from /opt/airflow/dags/tlc_etl.py
[2023-10-01T13:05:07.560+0000] {processor.py:839} INFO - DAG(s) dict_keys(['Nyc_Yellow_Taxi']) retrieved from /opt/airflow/dags/tlc_etl.py
[2023-10-01T13:05:07.586+0000] {logging_mixin.py:151} INFO - [2023-10-01T13:05:07.586+0000] {dag.py:2915} INFO - Sync 1 DAGs
[2023-10-01T13:05:07.606+0000] {logging_mixin.py:151} INFO - [2023-10-01T13:05:07.606+0000] {dag.py:3696} INFO - Setting next_dagrun for Nyc_Yellow_Taxi to 2023-09-30T22:00:00+00:00, run_after=2023-10-01T22:00:00+00:00
[2023-10-01T13:05:07.633+0000] {processor.py:179} INFO - Processing /opt/airflow/dags/tlc_etl.py took 0.129 seconds
[2023-10-01T13:05:37.779+0000] {processor.py:157} INFO - Started process (PID=164) to work on /opt/airflow/dags/tlc_etl.py
[2023-10-01T13:05:37.780+0000] {processor.py:829} INFO - Processing file /opt/airflow/dags/tlc_etl.py for tasks to queue
[2023-10-01T13:05:37.782+0000] {logging_mixin.py:151} INFO - [2023-10-01T13:05:37.782+0000] {dagbag.py:539} INFO - Filling up the DagBag from /opt/airflow/dags/tlc_etl.py
[2023-10-01T13:05:37.842+0000] {processor.py:839} INFO - DAG(s) dict_keys(['Nyc_Yellow_Taxi']) retrieved from /opt/airflow/dags/tlc_etl.py
[2023-10-01T13:05:37.871+0000] {logging_mixin.py:151} INFO - [2023-10-01T13:05:37.870+0000] {dag.py:2915} INFO - Sync 1 DAGs
[2023-10-01T13:05:37.892+0000] {logging_mixin.py:151} INFO - [2023-10-01T13:05:37.892+0000] {dag.py:3696} INFO - Setting next_dagrun for Nyc_Yellow_Taxi to 2023-09-30T22:00:00+00:00, run_after=2023-10-01T22:00:00+00:00
[2023-10-01T13:05:37.920+0000] {processor.py:179} INFO - Processing /opt/airflow/dags/tlc_etl.py took 0.144 seconds
