[2023-10-01T12:58:01.645+0000] {manager.py:487} INFO - Processing files using up to 2 processes at a time 
[2023-10-01T12:58:01.645+0000] {manager.py:488} INFO - Process each file at most once every 30 seconds
[2023-10-01T12:58:01.646+0000] {manager.py:489} INFO - Checking for new files in /opt/airflow/dags every 300 seconds
[2023-10-01T12:58:01.647+0000] {manager.py:759} INFO - Searching for files in /opt/airflow/dags
[2023-10-01T12:58:01.749+0000] {manager.py:762} INFO - There are 1 files in /opt/airflow/dags
[2023-10-01T12:58:02.649+0000] {manager.py:893} INFO - 
================================================================================
DAG File Processing Stats

File Path                       PID  Runtime      # DAGs    # Errors  Last Runtime    Last Run
----------------------------  -----  ---------  --------  ----------  --------------  ----------
/opt/airflow/dags/tlc_etl.py     44  0.04s             0           0
================================================================================
[2023-10-01T12:58:32.891+0000] {manager.py:893} INFO - 
================================================================================
DAG File Processing Stats

File Path                     PID    Runtime      # DAGs    # Errors  Last Runtime    Last Run
----------------------------  -----  ---------  --------  ----------  --------------  -------------------
/opt/airflow/dags/tlc_etl.py                           1           0  0.32s           2023-10-01T12:58:02
================================================================================
[2023-10-01T12:59:03.457+0000] {manager.py:893} INFO - 
================================================================================
DAG File Processing Stats

File Path                       PID  Runtime      # DAGs    # Errors  Last Runtime    Last Run
----------------------------  -----  ---------  --------  ----------  --------------  -------------------
/opt/airflow/dags/tlc_etl.py     60  0.01s             1           0  0.15s           2023-10-01T12:58:33
================================================================================
[2023-10-01T12:59:33.787+0000] {manager.py:893} INFO - 
================================================================================
DAG File Processing Stats

File Path                       PID  Runtime      # DAGs    # Errors  Last Runtime    Last Run
----------------------------  -----  ---------  --------  ----------  --------------  -------------------
/opt/airflow/dags/tlc_etl.py     68  0.00s             1           0  0.19s           2023-10-01T12:59:03
================================================================================
[2023-10-01T13:00:04.160+0000] {manager.py:893} INFO - 
================================================================================
DAG File Processing Stats

File Path                       PID  Runtime      # DAGs    # Errors  Last Runtime    Last Run
----------------------------  -----  ---------  --------  ----------  --------------  -------------------
/opt/airflow/dags/tlc_etl.py     76  0.01s             1           0  0.15s           2023-10-01T12:59:33
================================================================================
[2023-10-01T13:00:34.470+0000] {manager.py:893} INFO - 
================================================================================
DAG File Processing Stats

File Path                       PID  Runtime      # DAGs    # Errors  Last Runtime    Last Run
----------------------------  -----  ---------  --------  ----------  --------------  -------------------
/opt/airflow/dags/tlc_etl.py     84  0.01s             1           0  0.18s           2023-10-01T13:00:04
================================================================================
[2023-10-01T13:01:04.817+0000] {manager.py:893} INFO - 
================================================================================
DAG File Processing Stats

File Path                       PID  Runtime      # DAGs    # Errors  Last Runtime    Last Run
----------------------------  -----  ---------  --------  ----------  --------------  -------------------
/opt/airflow/dags/tlc_etl.py     92  0.00s             1           0  0.18s           2023-10-01T13:00:34
================================================================================
[2023-10-01T13:01:35.137+0000] {manager.py:893} INFO - 
================================================================================
DAG File Processing Stats

File Path                       PID  Runtime      # DAGs    # Errors  Last Runtime    Last Run
----------------------------  -----  ---------  --------  ----------  --------------  -------------------
/opt/airflow/dags/tlc_etl.py    100  0.01s             1           0  0.16s           2023-10-01T13:01:04
================================================================================
[2023-10-01T13:02:05.453+0000] {manager.py:893} INFO - 
================================================================================
DAG File Processing Stats

File Path                       PID  Runtime      # DAGs    # Errors  Last Runtime    Last Run
----------------------------  -----  ---------  --------  ----------  --------------  -------------------
/opt/airflow/dags/tlc_etl.py    108  0.00s             1           0  0.16s           2023-10-01T13:01:35
================================================================================
[2023-10-01T13:02:35.776+0000] {manager.py:893} INFO - 
================================================================================
DAG File Processing Stats

File Path                       PID  Runtime      # DAGs    # Errors  Last Runtime    Last Run
----------------------------  -----  ---------  --------  ----------  --------------  -------------------
/opt/airflow/dags/tlc_etl.py    116  0.00s             1           0  0.17s           2023-10-01T13:02:05
================================================================================
[2023-10-01T13:03:02.038+0000] {manager.py:759} INFO - Searching for files in /opt/airflow/dags
[2023-10-01T13:03:02.180+0000] {manager.py:762} INFO - There are 1 files in /opt/airflow/dags
[2023-10-01T13:03:06.230+0000] {manager.py:893} INFO - 
================================================================================
DAG File Processing Stats

File Path                       PID  Runtime      # DAGs    # Errors  Last Runtime    Last Run
----------------------------  -----  ---------  --------  ----------  --------------  -------------------
/opt/airflow/dags/tlc_etl.py    124  0.00s             1           0  0.16s           2023-10-01T13:02:35
================================================================================
[2023-10-01T13:03:36.486+0000] {manager.py:893} INFO - 
================================================================================
DAG File Processing Stats

File Path                       PID  Runtime      # DAGs    # Errors  Last Runtime    Last Run
----------------------------  -----  ---------  --------  ----------  --------------  -------------------
/opt/airflow/dags/tlc_etl.py    132  0.01s             1           0  0.17s           2023-10-01T13:03:06
================================================================================
[2023-10-01T13:04:06.851+0000] {manager.py:893} INFO - 
================================================================================
DAG File Processing Stats

File Path                       PID  Runtime      # DAGs    # Errors  Last Runtime    Last Run
----------------------------  -----  ---------  --------  ----------  --------------  -------------------
/opt/airflow/dags/tlc_etl.py    140  0.00s             1           0  0.16s           2023-10-01T13:03:36
================================================================================
[2023-10-01T13:04:37.093+0000] {manager.py:893} INFO - 
================================================================================
DAG File Processing Stats

File Path                       PID  Runtime      # DAGs    # Errors  Last Runtime    Last Run
----------------------------  -----  ---------  --------  ----------  --------------  -------------------
/opt/airflow/dags/tlc_etl.py    148  0.00s             1           0  0.15s           2023-10-01T13:04:07
================================================================================
[2023-10-01T13:05:07.492+0000] {manager.py:893} INFO - 
================================================================================
DAG File Processing Stats

File Path                       PID  Runtime      # DAGs    # Errors  Last Runtime    Last Run
----------------------------  -----  ---------  --------  ----------  --------------  -------------------
/opt/airflow/dags/tlc_etl.py    156  0.00s             1           0  0.16s           2023-10-01T13:04:37
================================================================================
[2023-10-01T13:05:37.764+0000] {manager.py:893} INFO - 
================================================================================
DAG File Processing Stats

File Path                       PID  Runtime      # DAGs    # Errors  Last Runtime    Last Run
----------------------------  -----  ---------  --------  ----------  --------------  -------------------
/opt/airflow/dags/tlc_etl.py    164  0.00s             1           0  0.15s           2023-10-01T13:05:07
================================================================================
[2023-10-01T13:05:59.189+0000] {manager.py:469} INFO - Exiting gracefully upon receiving signal 15
