[2023-10-09T17:43:52.940+0000] {taskinstance.py:1157} INFO - Dependencies all met for dep_context=non-requeueable deps ti=<TaskInstance: Nyc_Yellow_Taxi.grant_privilege_to_external_storage_integration scheduled__2023-10-06T22:00:00+00:00 [queued]>
[2023-10-09T17:43:52.957+0000] {taskinstance.py:1157} INFO - Dependencies all met for dep_context=requeueable deps ti=<TaskInstance: Nyc_Yellow_Taxi.grant_privilege_to_external_storage_integration scheduled__2023-10-06T22:00:00+00:00 [queued]>
[2023-10-09T17:43:52.958+0000] {taskinstance.py:1359} INFO - Starting attempt 1 of 1
[2023-10-09T17:43:52.977+0000] {taskinstance.py:1380} INFO - Executing <Task(SnowflakeOperator): grant_privilege_to_external_storage_integration> on 2023-10-06 22:00:00+00:00
[2023-10-09T17:43:52.983+0000] {standard_task_runner.py:57} INFO - Started process 218 to run task
[2023-10-09T17:43:52.987+0000] {standard_task_runner.py:84} INFO - Running: ['***', 'tasks', 'run', 'Nyc_Yellow_Taxi', 'grant_privilege_to_external_storage_integration', 'scheduled__2023-10-06T22:00:00+00:00', '--job-id', '3470', '--raw', '--subdir', 'DAGS_FOLDER/tlc_etl.py', '--cfg-path', '/tmp/tmp2efgsjjk']
[2023-10-09T17:43:52.992+0000] {standard_task_runner.py:85} INFO - Job 3470: Subtask grant_privilege_to_external_storage_integration
[2023-10-09T17:43:53.058+0000] {task_command.py:415} INFO - Running <TaskInstance: Nyc_Yellow_Taxi.grant_privilege_to_external_storage_integration scheduled__2023-10-06T22:00:00+00:00 [running]> on host c41f4f98c0da
[2023-10-09T17:43:53.182+0000] {taskinstance.py:1660} INFO - Exporting env vars: AIRFLOW_CTX_DAG_OWNER='***' AIRFLOW_CTX_DAG_ID='Nyc_Yellow_Taxi' AIRFLOW_CTX_TASK_ID='grant_privilege_to_external_storage_integration' AIRFLOW_CTX_EXECUTION_DATE='2023-10-06T22:00:00+00:00' AIRFLOW_CTX_TRY_NUMBER='1' AIRFLOW_CTX_DAG_RUN_ID='scheduled__2023-10-06T22:00:00+00:00'
[2023-10-09T17:43:53.183+0000] {sql.py:274} INFO - Executing: 
                            GRANT USAGE ON INTEGRATION ***_tlc_aws_s3_int TO ROLE ACCOUNTADMIN

                            
[2023-10-09T17:43:53.198+0000] {base.py:73} INFO - Using connection ID 'snowflake_default' for task execution.
[2023-10-09T17:43:53.210+0000] {base.py:73} INFO - Using connection ID 'snowflake_default' for task execution.
[2023-10-09T17:43:53.211+0000] {connection.py:314} INFO - Snowflake Connector for Python Version: 3.1.1, Python Version: 3.8.18, Platform: Linux-5.10.102.1-microsoft-standard-WSL2-x86_64-with-glibc2.2.5
[2023-10-09T17:43:53.213+0000] {connection.py:1050} INFO - This connection is in OCSP Fail Open Mode. TLS Certificates would be checked for validity and revocation status. Any other Certificate Revocation related exceptions or OCSP Responder failures would be disregarded in favor of connectivity.
[2023-10-09T17:43:53.213+0000] {connection.py:1068} INFO - Setting use_openssl_only mode to False
[2023-10-09T17:43:53.865+0000] {cursor.py:804} INFO - query: [ALTER SESSION SET autocommit=False]
[2023-10-09T17:43:53.941+0000] {cursor.py:817} INFO - query execution done
[2023-10-09T17:43:53.942+0000] {cursor.py:959} INFO - Number of results in first chunk: 1
[2023-10-09T17:43:53.943+0000] {sql.py:418} INFO - Running statement: GRANT USAGE ON INTEGRATION ***_tlc_aws_s3_int TO ROLE ACCOUNTADMIN, parameters: None
[2023-10-09T17:43:53.944+0000] {cursor.py:804} INFO - query: [GRANT USAGE ON INTEGRATION ***_tlc_aws_s3_int TO ROLE ACCOUNTADMIN]
[2023-10-09T17:43:54.008+0000] {cursor.py:817} INFO - query execution done
[2023-10-09T17:43:54.009+0000] {cursor.py:959} INFO - Number of results in first chunk: 1
[2023-10-09T17:43:54.009+0000] {sql.py:427} INFO - Rows affected: 1
[2023-10-09T17:43:54.010+0000] {snowflake.py:427} INFO - Rows affected: 1
[2023-10-09T17:43:54.011+0000] {snowflake.py:428} INFO - Snowflake query id: 01af8987-3202-08ce-0002-3f6a00028542
[2023-10-09T17:43:54.012+0000] {cursor.py:804} INFO - query: [COMMIT]
[2023-10-09T17:43:54.098+0000] {cursor.py:817} INFO - query execution done
[2023-10-09T17:43:54.099+0000] {cursor.py:959} INFO - Number of results in first chunk: 1
[2023-10-09T17:43:54.099+0000] {connection.py:640} INFO - closed
[2023-10-09T17:43:54.130+0000] {connection.py:646} INFO - No async queries seem to be running, deleting session
[2023-10-09T17:43:54.211+0000] {taskinstance.py:1398} INFO - Marking task as SUCCESS. dag_id=Nyc_Yellow_Taxi, task_id=grant_privilege_to_external_storage_integration, execution_date=20231006T220000, start_date=20231009T174352, end_date=20231009T174354
[2023-10-09T17:43:54.250+0000] {local_task_job_runner.py:228} INFO - Task exited with return code 0
[2023-10-09T17:43:54.329+0000] {taskinstance.py:2776} INFO - 8 downstream tasks scheduled from follow-on schedule check
