[2023-10-09T17:44:00.098+0000] {taskinstance.py:1157} INFO - Dependencies all met for dep_context=non-requeueable deps ti=<TaskInstance: Nyc_Yellow_Taxi.copy_data_into_pickup_location_table scheduled__2023-10-07T22:00:00+00:00 [queued]>
[2023-10-09T17:44:00.145+0000] {taskinstance.py:1157} INFO - Dependencies all met for dep_context=requeueable deps ti=<TaskInstance: Nyc_Yellow_Taxi.copy_data_into_pickup_location_table scheduled__2023-10-07T22:00:00+00:00 [queued]>
[2023-10-09T17:44:00.146+0000] {taskinstance.py:1359} INFO - Starting attempt 1 of 1
[2023-10-09T17:44:00.197+0000] {taskinstance.py:1380} INFO - Executing <Task(SnowflakeOperator): copy_data_into_pickup_location_table> on 2023-10-07 22:00:00+00:00
[2023-10-09T17:44:00.213+0000] {standard_task_runner.py:57} INFO - Started process 283 to run task
[2023-10-09T17:44:00.229+0000] {standard_task_runner.py:84} INFO - Running: ['***', 'tasks', 'run', 'Nyc_Yellow_Taxi', 'copy_data_into_pickup_location_table', 'scheduled__2023-10-07T22:00:00+00:00', '--job-id', '3481', '--raw', '--subdir', 'DAGS_FOLDER/tlc_etl.py', '--cfg-path', '/tmp/tmpsi9kivrg']
[2023-10-09T17:44:00.250+0000] {standard_task_runner.py:85} INFO - Job 3481: Subtask copy_data_into_pickup_location_table
[2023-10-09T17:44:00.503+0000] {task_command.py:415} INFO - Running <TaskInstance: Nyc_Yellow_Taxi.copy_data_into_pickup_location_table scheduled__2023-10-07T22:00:00+00:00 [running]> on host c41f4f98c0da
[2023-10-09T17:44:00.848+0000] {taskinstance.py:1660} INFO - Exporting env vars: AIRFLOW_CTX_DAG_OWNER='***' AIRFLOW_CTX_DAG_ID='Nyc_Yellow_Taxi' AIRFLOW_CTX_TASK_ID='copy_data_into_pickup_location_table' AIRFLOW_CTX_EXECUTION_DATE='2023-10-07T22:00:00+00:00' AIRFLOW_CTX_TRY_NUMBER='1' AIRFLOW_CTX_DAG_RUN_ID='scheduled__2023-10-07T22:00:00+00:00'
[2023-10-09T17:44:00.850+0000] {sql.py:274} INFO - Executing: 
                              CREATE OR REPLACE PIPE pickup_location_dim_pipe
                              AUTO_INGEST = TRUE
                              COMMENT = 'Creates a pickup location dimension pipe'
                              AS
                              COPY INTO AIRFLOW_NYC_TLC.Airflow_Yellow_Taxi.pickup_location_dim
                              FROM @***_tlc_aws_s3_stage/pickup_location_dim
                              FILE_FORMAT = (TYPE = 'PARQUET')
                              MATCH_BY_COLUMN_NAME = CASE_INSENSITIVE

                              
[2023-10-09T17:44:00.904+0000] {base.py:73} INFO - Using connection ID 'snowflake_default' for task execution.
[2023-10-09T17:44:00.931+0000] {base.py:73} INFO - Using connection ID 'snowflake_default' for task execution.
[2023-10-09T17:44:00.935+0000] {connection.py:314} INFO - Snowflake Connector for Python Version: 3.1.1, Python Version: 3.8.18, Platform: Linux-5.10.102.1-microsoft-standard-WSL2-x86_64-with-glibc2.2.5
[2023-10-09T17:44:00.937+0000] {connection.py:1050} INFO - This connection is in OCSP Fail Open Mode. TLS Certificates would be checked for validity and revocation status. Any other Certificate Revocation related exceptions or OCSP Responder failures would be disregarded in favor of connectivity.
[2023-10-09T17:44:00.938+0000] {connection.py:1068} INFO - Setting use_openssl_only mode to False
[2023-10-09T17:44:01.810+0000] {cursor.py:804} INFO - query: [ALTER SESSION SET autocommit=False]
[2023-10-09T17:44:01.874+0000] {cursor.py:817} INFO - query execution done
[2023-10-09T17:44:01.876+0000] {cursor.py:959} INFO - Number of results in first chunk: 1
[2023-10-09T17:44:01.877+0000] {sql.py:418} INFO - Running statement: CREATE OR REPLACE PIPE pickup_location_dim_pipe
                              AUTO_INGEST = TRUE
                              COMMENT = 'Creates a pickup location dimension pipe'
                              AS
                              COPY INTO AIRFLOW_NYC_TLC.Airflow_Yellow_Taxi.pickup_location_dim
                              FROM @***_tlc_aws_s3_stage/pickup_location_dim
                              FILE_FORMAT = (TYPE = 'PARQUET')
                              MATCH_BY_COLUMN_NAME = CASE_INSENSITIVE, parameters: None
[2023-10-09T17:44:01.878+0000] {cursor.py:804} INFO - query: [CREATE OR REPLACE PIPE pickup_location_dim_pipe AUTO_INGEST = TRUE COMMENT = 'Cr...]
[2023-10-09T17:44:02.395+0000] {cursor.py:817} INFO - query execution done
[2023-10-09T17:44:02.395+0000] {cursor.py:959} INFO - Number of results in first chunk: 1
[2023-10-09T17:44:02.396+0000] {sql.py:427} INFO - Rows affected: 1
[2023-10-09T17:44:02.397+0000] {snowflake.py:427} INFO - Rows affected: 1
[2023-10-09T17:44:02.397+0000] {snowflake.py:428} INFO - Snowflake query id: 01af8988-3202-08cd-0002-3f6a0002a57e
[2023-10-09T17:44:02.398+0000] {cursor.py:804} INFO - query: [COMMIT]
[2023-10-09T17:44:02.475+0000] {cursor.py:817} INFO - query execution done
[2023-10-09T17:44:02.475+0000] {cursor.py:959} INFO - Number of results in first chunk: 1
[2023-10-09T17:44:02.476+0000] {connection.py:640} INFO - closed
[2023-10-09T17:44:02.505+0000] {connection.py:646} INFO - No async queries seem to be running, deleting session
[2023-10-09T17:44:02.575+0000] {taskinstance.py:1398} INFO - Marking task as SUCCESS. dag_id=Nyc_Yellow_Taxi, task_id=copy_data_into_pickup_location_table, execution_date=20231007T220000, start_date=20231009T174400, end_date=20231009T174402
[2023-10-09T17:44:02.630+0000] {local_task_job_runner.py:228} INFO - Task exited with return code 0
[2023-10-09T17:44:02.711+0000] {taskinstance.py:2776} INFO - 0 downstream tasks scheduled from follow-on schedule check
[2023-10-09T17:51:50.497+0000] {taskinstance.py:1157} INFO - Dependencies all met for dep_context=non-requeueable deps ti=<TaskInstance: Nyc_Yellow_Taxi.copy_data_into_pickup_location_table scheduled__2023-10-07T22:00:00+00:00 [queued]>
[2023-10-09T17:51:50.512+0000] {taskinstance.py:1157} INFO - Dependencies all met for dep_context=requeueable deps ti=<TaskInstance: Nyc_Yellow_Taxi.copy_data_into_pickup_location_table scheduled__2023-10-07T22:00:00+00:00 [queued]>
[2023-10-09T17:51:50.513+0000] {taskinstance.py:1359} INFO - Starting attempt 1 of 1
[2023-10-09T17:51:50.533+0000] {taskinstance.py:1380} INFO - Executing <Task(SnowflakeOperator): copy_data_into_pickup_location_table> on 2023-10-07 22:00:00+00:00
[2023-10-09T17:51:50.540+0000] {standard_task_runner.py:57} INFO - Started process 619 to run task
[2023-10-09T17:51:50.546+0000] {standard_task_runner.py:84} INFO - Running: ['***', 'tasks', 'run', 'Nyc_Yellow_Taxi', 'copy_data_into_pickup_location_table', 'scheduled__2023-10-07T22:00:00+00:00', '--job-id', '3515', '--raw', '--subdir', 'DAGS_FOLDER/tlc_etl.py', '--cfg-path', '/tmp/tmpen37qqz7']
[2023-10-09T17:51:50.552+0000] {standard_task_runner.py:85} INFO - Job 3515: Subtask copy_data_into_pickup_location_table
[2023-10-09T17:51:50.625+0000] {task_command.py:415} INFO - Running <TaskInstance: Nyc_Yellow_Taxi.copy_data_into_pickup_location_table scheduled__2023-10-07T22:00:00+00:00 [running]> on host c41f4f98c0da
[2023-10-09T17:51:50.747+0000] {taskinstance.py:1660} INFO - Exporting env vars: AIRFLOW_CTX_DAG_OWNER='***' AIRFLOW_CTX_DAG_ID='Nyc_Yellow_Taxi' AIRFLOW_CTX_TASK_ID='copy_data_into_pickup_location_table' AIRFLOW_CTX_EXECUTION_DATE='2023-10-07T22:00:00+00:00' AIRFLOW_CTX_TRY_NUMBER='1' AIRFLOW_CTX_DAG_RUN_ID='scheduled__2023-10-07T22:00:00+00:00'
[2023-10-09T17:51:50.749+0000] {sql.py:274} INFO - Executing: 
                              CREATE OR REPLACE PIPE pickup_location_dim_pipe
                              AUTO_INGEST = TRUE
                              COMMENT = 'Creates a pickup location dimension pipe'
                              AS
                              COPY INTO AIRFLOW_NYC_TLC.Airflow_Yellow_Taxi.pickup_location_dim
                              FROM @***_tlc_aws_s3_stage/pickup_location_dim
                              FILE_FORMAT = (TYPE = 'PARQUET')
                              MATCH_BY_COLUMN_NAME = CASE_INSENSITIVE

                              
[2023-10-09T17:51:50.766+0000] {base.py:73} INFO - Using connection ID 'snowflake_default' for task execution.
[2023-10-09T17:51:50.781+0000] {base.py:73} INFO - Using connection ID 'snowflake_default' for task execution.
[2023-10-09T17:51:50.782+0000] {connection.py:314} INFO - Snowflake Connector for Python Version: 3.1.1, Python Version: 3.8.18, Platform: Linux-5.10.102.1-microsoft-standard-WSL2-x86_64-with-glibc2.2.5
[2023-10-09T17:51:50.784+0000] {connection.py:1050} INFO - This connection is in OCSP Fail Open Mode. TLS Certificates would be checked for validity and revocation status. Any other Certificate Revocation related exceptions or OCSP Responder failures would be disregarded in favor of connectivity.
[2023-10-09T17:51:50.784+0000] {connection.py:1068} INFO - Setting use_openssl_only mode to False
[2023-10-09T17:51:51.272+0000] {cursor.py:804} INFO - query: [ALTER SESSION SET autocommit=False]
[2023-10-09T17:51:51.342+0000] {cursor.py:817} INFO - query execution done
[2023-10-09T17:51:51.343+0000] {cursor.py:959} INFO - Number of results in first chunk: 1
[2023-10-09T17:51:51.343+0000] {sql.py:418} INFO - Running statement: CREATE OR REPLACE PIPE pickup_location_dim_pipe
                              AUTO_INGEST = TRUE
                              COMMENT = 'Creates a pickup location dimension pipe'
                              AS
                              COPY INTO AIRFLOW_NYC_TLC.Airflow_Yellow_Taxi.pickup_location_dim
                              FROM @***_tlc_aws_s3_stage/pickup_location_dim
                              FILE_FORMAT = (TYPE = 'PARQUET')
                              MATCH_BY_COLUMN_NAME = CASE_INSENSITIVE, parameters: None
[2023-10-09T17:51:51.344+0000] {cursor.py:804} INFO - query: [CREATE OR REPLACE PIPE pickup_location_dim_pipe AUTO_INGEST = TRUE COMMENT = 'Cr...]
[2023-10-09T17:51:51.842+0000] {cursor.py:817} INFO - query execution done
[2023-10-09T17:51:51.843+0000] {cursor.py:959} INFO - Number of results in first chunk: 1
[2023-10-09T17:51:51.843+0000] {sql.py:427} INFO - Rows affected: 1
[2023-10-09T17:51:51.844+0000] {snowflake.py:427} INFO - Rows affected: 1
[2023-10-09T17:51:51.844+0000] {snowflake.py:428} INFO - Snowflake query id: 01af898f-3202-08cc-0002-3f6a000294b6
[2023-10-09T17:51:51.845+0000] {cursor.py:804} INFO - query: [COMMIT]
[2023-10-09T17:51:51.907+0000] {cursor.py:817} INFO - query execution done
[2023-10-09T17:51:51.908+0000] {cursor.py:959} INFO - Number of results in first chunk: 1
[2023-10-09T17:51:51.908+0000] {connection.py:640} INFO - closed
[2023-10-09T17:51:51.940+0000] {connection.py:646} INFO - No async queries seem to be running, deleting session
[2023-10-09T17:51:52.001+0000] {taskinstance.py:1398} INFO - Marking task as SUCCESS. dag_id=Nyc_Yellow_Taxi, task_id=copy_data_into_pickup_location_table, execution_date=20231007T220000, start_date=20231009T175150, end_date=20231009T175152
[2023-10-09T17:51:52.042+0000] {local_task_job_runner.py:228} INFO - Task exited with return code 0
[2023-10-09T17:51:52.220+0000] {taskinstance.py:2776} INFO - 0 downstream tasks scheduled from follow-on schedule check
