[2023-10-09T17:44:00.129+0000] {taskinstance.py:1157} INFO - Dependencies all met for dep_context=non-requeueable deps ti=<TaskInstance: Nyc_Yellow_Taxi.copy_data_into_dropff_location_table scheduled__2023-10-07T22:00:00+00:00 [queued]>
[2023-10-09T17:44:00.173+0000] {taskinstance.py:1157} INFO - Dependencies all met for dep_context=requeueable deps ti=<TaskInstance: Nyc_Yellow_Taxi.copy_data_into_dropff_location_table scheduled__2023-10-07T22:00:00+00:00 [queued]>
[2023-10-09T17:44:00.176+0000] {taskinstance.py:1359} INFO - Starting attempt 1 of 1
[2023-10-09T17:44:00.214+0000] {taskinstance.py:1380} INFO - Executing <Task(SnowflakeOperator): copy_data_into_dropff_location_table> on 2023-10-07 22:00:00+00:00
[2023-10-09T17:44:00.228+0000] {standard_task_runner.py:57} INFO - Started process 284 to run task
[2023-10-09T17:44:00.251+0000] {standard_task_runner.py:84} INFO - Running: ['***', 'tasks', 'run', 'Nyc_Yellow_Taxi', 'copy_data_into_dropff_location_table', 'scheduled__2023-10-07T22:00:00+00:00', '--job-id', '3483', '--raw', '--subdir', 'DAGS_FOLDER/tlc_etl.py', '--cfg-path', '/tmp/tmp6t6a59_b']
[2023-10-09T17:44:00.276+0000] {standard_task_runner.py:85} INFO - Job 3483: Subtask copy_data_into_dropff_location_table
[2023-10-09T17:44:00.509+0000] {task_command.py:415} INFO - Running <TaskInstance: Nyc_Yellow_Taxi.copy_data_into_dropff_location_table scheduled__2023-10-07T22:00:00+00:00 [running]> on host c41f4f98c0da
[2023-10-09T17:44:00.843+0000] {taskinstance.py:1660} INFO - Exporting env vars: AIRFLOW_CTX_DAG_OWNER='***' AIRFLOW_CTX_DAG_ID='Nyc_Yellow_Taxi' AIRFLOW_CTX_TASK_ID='copy_data_into_dropff_location_table' AIRFLOW_CTX_EXECUTION_DATE='2023-10-07T22:00:00+00:00' AIRFLOW_CTX_TRY_NUMBER='1' AIRFLOW_CTX_DAG_RUN_ID='scheduled__2023-10-07T22:00:00+00:00'
[2023-10-09T17:44:00.845+0000] {sql.py:274} INFO - Executing: 
                               CREATE OR REPLACE PIPE dropoff_location_dim_pipe
                               AUTO_INGEST = TRUE
                               COMMENT = 'Creates a dropoff location dimension pipe'
                               AS
                               COPY INTO AIRFLOW_NYC_TLC.Airflow_Yellow_Taxi.dropoff_location_dim
                               FROM @***_tlc_aws_s3_stage/dropoff_location_dim
                               FILE_FORMAT = (TYPE = 'PARQUET')
                               MATCH_BY_COLUMN_NAME = CASE_INSENSITIVE
                              
                               
[2023-10-09T17:44:00.886+0000] {base.py:73} INFO - Using connection ID 'snowflake_default' for task execution.
[2023-10-09T17:44:00.915+0000] {base.py:73} INFO - Using connection ID 'snowflake_default' for task execution.
[2023-10-09T17:44:00.918+0000] {connection.py:314} INFO - Snowflake Connector for Python Version: 3.1.1, Python Version: 3.8.18, Platform: Linux-5.10.102.1-microsoft-standard-WSL2-x86_64-with-glibc2.2.5
[2023-10-09T17:44:00.920+0000] {connection.py:1050} INFO - This connection is in OCSP Fail Open Mode. TLS Certificates would be checked for validity and revocation status. Any other Certificate Revocation related exceptions or OCSP Responder failures would be disregarded in favor of connectivity.
[2023-10-09T17:44:00.921+0000] {connection.py:1068} INFO - Setting use_openssl_only mode to False
[2023-10-09T17:44:01.778+0000] {cursor.py:804} INFO - query: [ALTER SESSION SET autocommit=False]
[2023-10-09T17:44:01.847+0000] {cursor.py:817} INFO - query execution done
[2023-10-09T17:44:01.850+0000] {cursor.py:959} INFO - Number of results in first chunk: 1
[2023-10-09T17:44:01.851+0000] {sql.py:418} INFO - Running statement: CREATE OR REPLACE PIPE dropoff_location_dim_pipe
                               AUTO_INGEST = TRUE
                               COMMENT = 'Creates a dropoff location dimension pipe'
                               AS
                               COPY INTO AIRFLOW_NYC_TLC.Airflow_Yellow_Taxi.dropoff_location_dim
                               FROM @***_tlc_aws_s3_stage/dropoff_location_dim
                               FILE_FORMAT = (TYPE = 'PARQUET')
                               MATCH_BY_COLUMN_NAME = CASE_INSENSITIVE, parameters: None
[2023-10-09T17:44:01.855+0000] {cursor.py:804} INFO - query: [CREATE OR REPLACE PIPE dropoff_location_dim_pipe AUTO_INGEST = TRUE COMMENT = 'C...]
[2023-10-09T17:44:02.037+0000] {cursor.py:817} INFO - query execution done
[2023-10-09T17:44:02.038+0000] {cursor.py:959} INFO - Number of results in first chunk: 1
[2023-10-09T17:44:02.039+0000] {sql.py:427} INFO - Rows affected: 1
[2023-10-09T17:44:02.040+0000] {snowflake.py:427} INFO - Rows affected: 1
[2023-10-09T17:44:02.040+0000] {snowflake.py:428} INFO - Snowflake query id: 01af8988-3202-08ce-0002-3f6a0002856a
[2023-10-09T17:44:02.041+0000] {cursor.py:804} INFO - query: [COMMIT]
[2023-10-09T17:44:02.133+0000] {cursor.py:817} INFO - query execution done
[2023-10-09T17:44:02.134+0000] {cursor.py:959} INFO - Number of results in first chunk: 1
[2023-10-09T17:44:02.134+0000] {connection.py:640} INFO - closed
[2023-10-09T17:44:02.167+0000] {connection.py:646} INFO - No async queries seem to be running, deleting session
[2023-10-09T17:44:02.249+0000] {taskinstance.py:1398} INFO - Marking task as SUCCESS. dag_id=Nyc_Yellow_Taxi, task_id=copy_data_into_dropff_location_table, execution_date=20231007T220000, start_date=20231009T174400, end_date=20231009T174402
[2023-10-09T17:44:02.289+0000] {local_task_job_runner.py:228} INFO - Task exited with return code 0
[2023-10-09T17:44:02.354+0000] {taskinstance.py:2776} INFO - 0 downstream tasks scheduled from follow-on schedule check
[2023-10-09T17:51:50.499+0000] {taskinstance.py:1157} INFO - Dependencies all met for dep_context=non-requeueable deps ti=<TaskInstance: Nyc_Yellow_Taxi.copy_data_into_dropff_location_table scheduled__2023-10-07T22:00:00+00:00 [queued]>
[2023-10-09T17:51:50.515+0000] {taskinstance.py:1157} INFO - Dependencies all met for dep_context=requeueable deps ti=<TaskInstance: Nyc_Yellow_Taxi.copy_data_into_dropff_location_table scheduled__2023-10-07T22:00:00+00:00 [queued]>
[2023-10-09T17:51:50.516+0000] {taskinstance.py:1359} INFO - Starting attempt 1 of 1
[2023-10-09T17:51:50.535+0000] {taskinstance.py:1380} INFO - Executing <Task(SnowflakeOperator): copy_data_into_dropff_location_table> on 2023-10-07 22:00:00+00:00
[2023-10-09T17:51:50.541+0000] {standard_task_runner.py:57} INFO - Started process 620 to run task
[2023-10-09T17:51:50.548+0000] {standard_task_runner.py:84} INFO - Running: ['***', 'tasks', 'run', 'Nyc_Yellow_Taxi', 'copy_data_into_dropff_location_table', 'scheduled__2023-10-07T22:00:00+00:00', '--job-id', '3516', '--raw', '--subdir', 'DAGS_FOLDER/tlc_etl.py', '--cfg-path', '/tmp/tmpq5b8kx2q']
[2023-10-09T17:51:50.553+0000] {standard_task_runner.py:85} INFO - Job 3516: Subtask copy_data_into_dropff_location_table
[2023-10-09T17:51:50.623+0000] {task_command.py:415} INFO - Running <TaskInstance: Nyc_Yellow_Taxi.copy_data_into_dropff_location_table scheduled__2023-10-07T22:00:00+00:00 [running]> on host c41f4f98c0da
[2023-10-09T17:51:50.752+0000] {taskinstance.py:1660} INFO - Exporting env vars: AIRFLOW_CTX_DAG_OWNER='***' AIRFLOW_CTX_DAG_ID='Nyc_Yellow_Taxi' AIRFLOW_CTX_TASK_ID='copy_data_into_dropff_location_table' AIRFLOW_CTX_EXECUTION_DATE='2023-10-07T22:00:00+00:00' AIRFLOW_CTX_TRY_NUMBER='1' AIRFLOW_CTX_DAG_RUN_ID='scheduled__2023-10-07T22:00:00+00:00'
[2023-10-09T17:51:50.753+0000] {sql.py:274} INFO - Executing: 
                               CREATE OR REPLACE PIPE dropoff_location_dim_pipe
                               AUTO_INGEST = TRUE
                               COMMENT = 'Creates a dropoff location dimension pipe'
                               AS
                               COPY INTO AIRFLOW_NYC_TLC.Airflow_Yellow_Taxi.dropoff_location_dim
                               FROM @***_tlc_aws_s3_stage/dropoff_location_dim
                               FILE_FORMAT = (TYPE = 'PARQUET')
                               MATCH_BY_COLUMN_NAME = CASE_INSENSITIVE
                              
                               
[2023-10-09T17:51:50.768+0000] {base.py:73} INFO - Using connection ID 'snowflake_default' for task execution.
[2023-10-09T17:51:50.785+0000] {base.py:73} INFO - Using connection ID 'snowflake_default' for task execution.
[2023-10-09T17:51:50.786+0000] {connection.py:314} INFO - Snowflake Connector for Python Version: 3.1.1, Python Version: 3.8.18, Platform: Linux-5.10.102.1-microsoft-standard-WSL2-x86_64-with-glibc2.2.5
[2023-10-09T17:51:50.788+0000] {connection.py:1050} INFO - This connection is in OCSP Fail Open Mode. TLS Certificates would be checked for validity and revocation status. Any other Certificate Revocation related exceptions or OCSP Responder failures would be disregarded in favor of connectivity.
[2023-10-09T17:51:50.788+0000] {connection.py:1068} INFO - Setting use_openssl_only mode to False
[2023-10-09T17:51:51.267+0000] {cursor.py:804} INFO - query: [ALTER SESSION SET autocommit=False]
[2023-10-09T17:51:51.342+0000] {cursor.py:817} INFO - query execution done
[2023-10-09T17:51:51.343+0000] {cursor.py:959} INFO - Number of results in first chunk: 1
[2023-10-09T17:51:51.343+0000] {sql.py:418} INFO - Running statement: CREATE OR REPLACE PIPE dropoff_location_dim_pipe
                               AUTO_INGEST = TRUE
                               COMMENT = 'Creates a dropoff location dimension pipe'
                               AS
                               COPY INTO AIRFLOW_NYC_TLC.Airflow_Yellow_Taxi.dropoff_location_dim
                               FROM @***_tlc_aws_s3_stage/dropoff_location_dim
                               FILE_FORMAT = (TYPE = 'PARQUET')
                               MATCH_BY_COLUMN_NAME = CASE_INSENSITIVE, parameters: None
[2023-10-09T17:51:51.344+0000] {cursor.py:804} INFO - query: [CREATE OR REPLACE PIPE dropoff_location_dim_pipe AUTO_INGEST = TRUE COMMENT = 'C...]
[2023-10-09T17:51:51.675+0000] {cursor.py:817} INFO - query execution done
[2023-10-09T17:51:51.676+0000] {cursor.py:959} INFO - Number of results in first chunk: 1
[2023-10-09T17:51:51.677+0000] {sql.py:427} INFO - Rows affected: 1
[2023-10-09T17:51:51.677+0000] {snowflake.py:427} INFO - Rows affected: 1
[2023-10-09T17:51:51.678+0000] {snowflake.py:428} INFO - Snowflake query id: 01af898f-3202-08cd-0002-3f6a0002a60a
[2023-10-09T17:51:51.678+0000] {cursor.py:804} INFO - query: [COMMIT]
[2023-10-09T17:51:51.785+0000] {cursor.py:817} INFO - query execution done
[2023-10-09T17:51:51.786+0000] {cursor.py:959} INFO - Number of results in first chunk: 1
[2023-10-09T17:51:51.786+0000] {connection.py:640} INFO - closed
[2023-10-09T17:51:51.815+0000] {connection.py:646} INFO - No async queries seem to be running, deleting session
[2023-10-09T17:51:51.887+0000] {taskinstance.py:1398} INFO - Marking task as SUCCESS. dag_id=Nyc_Yellow_Taxi, task_id=copy_data_into_dropff_location_table, execution_date=20231007T220000, start_date=20231009T175150, end_date=20231009T175151
[2023-10-09T17:51:51.923+0000] {local_task_job_runner.py:228} INFO - Task exited with return code 0
[2023-10-09T17:51:51.970+0000] {taskinstance.py:2776} INFO - 0 downstream tasks scheduled from follow-on schedule check
