[2023-09-17T16:10:54.062+0000] {processor.py:157} INFO - Started process (PID=44) to work on /opt/airflow/dags/tlc_etl.py
[2023-09-17T16:10:54.063+0000] {processor.py:829} INFO - Processing file /opt/airflow/dags/tlc_etl.py for tasks to queue
[2023-09-17T16:10:54.067+0000] {logging_mixin.py:151} INFO - [2023-09-17T16:10:54.067+0000] {dagbag.py:539} INFO - Filling up the DagBag from /opt/airflow/dags/tlc_etl.py
[2023-09-17T16:10:54.185+0000] {processor.py:839} INFO - DAG(s) dict_keys(['Nyc_Yellow_Taxi']) retrieved from /opt/airflow/dags/tlc_etl.py
[2023-09-17T16:10:54.430+0000] {logging_mixin.py:151} INFO - [2023-09-17T16:10:54.430+0000] {security.py:708} INFO - Not syncing DAG-level permissions for DAG 'DAG:Nyc_Yellow_Taxi' as access control is unset.
[2023-09-17T16:10:54.432+0000] {logging_mixin.py:151} INFO - [2023-09-17T16:10:54.431+0000] {dag.py:2915} INFO - Sync 1 DAGs
[2023-09-17T16:10:54.479+0000] {logging_mixin.py:151} INFO - [2023-09-17T16:10:54.479+0000] {dag.py:3696} INFO - Setting next_dagrun for Nyc_Yellow_Taxi to 2023-09-16T22:00:00+00:00, run_after=2023-09-17T22:00:00+00:00
[2023-09-17T16:10:54.517+0000] {processor.py:179} INFO - Processing /opt/airflow/dags/tlc_etl.py took 0.459 seconds
[2023-09-17T16:11:24.820+0000] {processor.py:157} INFO - Started process (PID=52) to work on /opt/airflow/dags/tlc_etl.py
[2023-09-17T16:11:24.822+0000] {processor.py:829} INFO - Processing file /opt/airflow/dags/tlc_etl.py for tasks to queue
[2023-09-17T16:11:24.824+0000] {logging_mixin.py:151} INFO - [2023-09-17T16:11:24.824+0000] {dagbag.py:539} INFO - Filling up the DagBag from /opt/airflow/dags/tlc_etl.py
[2023-09-17T16:11:24.889+0000] {processor.py:839} INFO - DAG(s) dict_keys(['Nyc_Yellow_Taxi']) retrieved from /opt/airflow/dags/tlc_etl.py
[2023-09-17T16:11:24.915+0000] {logging_mixin.py:151} INFO - [2023-09-17T16:11:24.915+0000] {dag.py:2915} INFO - Sync 1 DAGs
[2023-09-17T16:11:24.941+0000] {logging_mixin.py:151} INFO - [2023-09-17T16:11:24.941+0000] {dag.py:3696} INFO - Setting next_dagrun for Nyc_Yellow_Taxi to 2023-09-16T22:00:00+00:00, run_after=2023-09-17T22:00:00+00:00
[2023-09-17T16:11:24.970+0000] {processor.py:179} INFO - Processing /opt/airflow/dags/tlc_etl.py took 0.154 seconds
[2023-09-17T16:11:55.167+0000] {processor.py:157} INFO - Started process (PID=60) to work on /opt/airflow/dags/tlc_etl.py
[2023-09-17T16:11:55.169+0000] {processor.py:829} INFO - Processing file /opt/airflow/dags/tlc_etl.py for tasks to queue
[2023-09-17T16:11:55.172+0000] {logging_mixin.py:151} INFO - [2023-09-17T16:11:55.171+0000] {dagbag.py:539} INFO - Filling up the DagBag from /opt/airflow/dags/tlc_etl.py
[2023-09-17T16:11:55.263+0000] {processor.py:839} INFO - DAG(s) dict_keys(['Nyc_Yellow_Taxi']) retrieved from /opt/airflow/dags/tlc_etl.py
[2023-09-17T16:11:55.300+0000] {logging_mixin.py:151} INFO - [2023-09-17T16:11:55.299+0000] {dag.py:2915} INFO - Sync 1 DAGs
[2023-09-17T16:11:55.332+0000] {logging_mixin.py:151} INFO - [2023-09-17T16:11:55.332+0000] {dag.py:3696} INFO - Setting next_dagrun for Nyc_Yellow_Taxi to 2023-09-16T22:00:00+00:00, run_after=2023-09-17T22:00:00+00:00
[2023-09-17T16:11:55.354+0000] {processor.py:179} INFO - Processing /opt/airflow/dags/tlc_etl.py took 0.191 seconds
[2023-09-17T16:12:25.600+0000] {processor.py:157} INFO - Started process (PID=68) to work on /opt/airflow/dags/tlc_etl.py
[2023-09-17T16:12:25.602+0000] {processor.py:829} INFO - Processing file /opt/airflow/dags/tlc_etl.py for tasks to queue
[2023-09-17T16:12:25.605+0000] {logging_mixin.py:151} INFO - [2023-09-17T16:12:25.605+0000] {dagbag.py:539} INFO - Filling up the DagBag from /opt/airflow/dags/tlc_etl.py
[2023-09-17T16:12:25.676+0000] {processor.py:839} INFO - DAG(s) dict_keys(['Nyc_Yellow_Taxi']) retrieved from /opt/airflow/dags/tlc_etl.py
[2023-09-17T16:12:25.707+0000] {logging_mixin.py:151} INFO - [2023-09-17T16:12:25.707+0000] {dag.py:2915} INFO - Sync 1 DAGs
[2023-09-17T16:12:25.740+0000] {logging_mixin.py:151} INFO - [2023-09-17T16:12:25.740+0000] {dag.py:3696} INFO - Setting next_dagrun for Nyc_Yellow_Taxi to 2023-09-16T22:00:00+00:00, run_after=2023-09-17T22:00:00+00:00
[2023-09-17T16:12:25.768+0000] {processor.py:179} INFO - Processing /opt/airflow/dags/tlc_etl.py took 0.173 seconds
[2023-09-17T16:12:55.968+0000] {processor.py:157} INFO - Started process (PID=76) to work on /opt/airflow/dags/tlc_etl.py
[2023-09-17T16:12:55.969+0000] {processor.py:829} INFO - Processing file /opt/airflow/dags/tlc_etl.py for tasks to queue
[2023-09-17T16:12:55.973+0000] {logging_mixin.py:151} INFO - [2023-09-17T16:12:55.972+0000] {dagbag.py:539} INFO - Filling up the DagBag from /opt/airflow/dags/tlc_etl.py
[2023-09-17T16:12:56.085+0000] {processor.py:839} INFO - DAG(s) dict_keys(['Nyc_Yellow_Taxi']) retrieved from /opt/airflow/dags/tlc_etl.py
[2023-09-17T16:12:56.120+0000] {logging_mixin.py:151} INFO - [2023-09-17T16:12:56.119+0000] {dag.py:2915} INFO - Sync 1 DAGs
[2023-09-17T16:12:56.147+0000] {logging_mixin.py:151} INFO - [2023-09-17T16:12:56.146+0000] {dag.py:3696} INFO - Setting next_dagrun for Nyc_Yellow_Taxi to 2023-09-16T22:00:00+00:00, run_after=2023-09-17T22:00:00+00:00
[2023-09-17T16:12:56.173+0000] {processor.py:179} INFO - Processing /opt/airflow/dags/tlc_etl.py took 0.209 seconds
[2023-09-17T16:13:26.459+0000] {processor.py:157} INFO - Started process (PID=84) to work on /opt/airflow/dags/tlc_etl.py
[2023-09-17T16:13:26.460+0000] {processor.py:829} INFO - Processing file /opt/airflow/dags/tlc_etl.py for tasks to queue
[2023-09-17T16:13:26.465+0000] {logging_mixin.py:151} INFO - [2023-09-17T16:13:26.464+0000] {dagbag.py:539} INFO - Filling up the DagBag from /opt/airflow/dags/tlc_etl.py
[2023-09-17T16:13:26.540+0000] {processor.py:839} INFO - DAG(s) dict_keys(['Nyc_Yellow_Taxi']) retrieved from /opt/airflow/dags/tlc_etl.py
[2023-09-17T16:13:26.571+0000] {logging_mixin.py:151} INFO - [2023-09-17T16:13:26.570+0000] {dag.py:2915} INFO - Sync 1 DAGs
[2023-09-17T16:13:26.597+0000] {logging_mixin.py:151} INFO - [2023-09-17T16:13:26.597+0000] {dag.py:3696} INFO - Setting next_dagrun for Nyc_Yellow_Taxi to 2023-09-16T22:00:00+00:00, run_after=2023-09-17T22:00:00+00:00
[2023-09-17T16:13:26.631+0000] {processor.py:179} INFO - Processing /opt/airflow/dags/tlc_etl.py took 0.176 seconds
[2023-09-17T16:13:56.877+0000] {processor.py:157} INFO - Started process (PID=93) to work on /opt/airflow/dags/tlc_etl.py
[2023-09-17T16:13:56.879+0000] {processor.py:829} INFO - Processing file /opt/airflow/dags/tlc_etl.py for tasks to queue
[2023-09-17T16:13:56.883+0000] {logging_mixin.py:151} INFO - [2023-09-17T16:13:56.883+0000] {dagbag.py:539} INFO - Filling up the DagBag from /opt/airflow/dags/tlc_etl.py
[2023-09-17T16:13:56.966+0000] {processor.py:839} INFO - DAG(s) dict_keys(['Nyc_Yellow_Taxi']) retrieved from /opt/airflow/dags/tlc_etl.py
[2023-09-17T16:13:57.021+0000] {logging_mixin.py:151} INFO - [2023-09-17T16:13:57.020+0000] {dag.py:2915} INFO - Sync 1 DAGs
[2023-09-17T16:13:57.071+0000] {logging_mixin.py:151} INFO - [2023-09-17T16:13:57.071+0000] {dag.py:3696} INFO - Setting next_dagrun for Nyc_Yellow_Taxi to 2023-09-16T22:00:00+00:00, run_after=2023-09-17T22:00:00+00:00
[2023-09-17T16:13:57.122+0000] {processor.py:179} INFO - Processing /opt/airflow/dags/tlc_etl.py took 0.252 seconds
[2023-09-17T16:14:27.279+0000] {processor.py:157} INFO - Started process (PID=101) to work on /opt/airflow/dags/tlc_etl.py
[2023-09-17T16:14:27.280+0000] {processor.py:829} INFO - Processing file /opt/airflow/dags/tlc_etl.py for tasks to queue
[2023-09-17T16:14:27.284+0000] {logging_mixin.py:151} INFO - [2023-09-17T16:14:27.284+0000] {dagbag.py:539} INFO - Filling up the DagBag from /opt/airflow/dags/tlc_etl.py
[2023-09-17T16:14:27.351+0000] {processor.py:839} INFO - DAG(s) dict_keys(['Nyc_Yellow_Taxi']) retrieved from /opt/airflow/dags/tlc_etl.py
[2023-09-17T16:14:27.380+0000] {logging_mixin.py:151} INFO - [2023-09-17T16:14:27.380+0000] {dag.py:2915} INFO - Sync 1 DAGs
[2023-09-17T16:14:27.410+0000] {logging_mixin.py:151} INFO - [2023-09-17T16:14:27.410+0000] {dag.py:3696} INFO - Setting next_dagrun for Nyc_Yellow_Taxi to 2023-09-16T22:00:00+00:00, run_after=2023-09-17T22:00:00+00:00
[2023-09-17T16:14:27.440+0000] {processor.py:179} INFO - Processing /opt/airflow/dags/tlc_etl.py took 0.166 seconds
[2023-09-17T16:14:57.744+0000] {processor.py:157} INFO - Started process (PID=109) to work on /opt/airflow/dags/tlc_etl.py
[2023-09-17T16:14:57.745+0000] {processor.py:829} INFO - Processing file /opt/airflow/dags/tlc_etl.py for tasks to queue
[2023-09-17T16:14:57.749+0000] {logging_mixin.py:151} INFO - [2023-09-17T16:14:57.748+0000] {dagbag.py:539} INFO - Filling up the DagBag from /opt/airflow/dags/tlc_etl.py
[2023-09-17T16:14:57.819+0000] {processor.py:839} INFO - DAG(s) dict_keys(['Nyc_Yellow_Taxi']) retrieved from /opt/airflow/dags/tlc_etl.py
[2023-09-17T16:14:57.929+0000] {logging_mixin.py:151} INFO - [2023-09-17T16:14:57.929+0000] {security.py:708} INFO - Not syncing DAG-level permissions for DAG 'DAG:Nyc_Yellow_Taxi' as access control is unset.
[2023-09-17T16:14:57.930+0000] {logging_mixin.py:151} INFO - [2023-09-17T16:14:57.930+0000] {dag.py:2915} INFO - Sync 1 DAGs
[2023-09-17T16:14:57.942+0000] {logging_mixin.py:151} INFO - [2023-09-17T16:14:57.942+0000] {dag.py:2937} INFO - Creating ORM DAG for Nyc_Yellow_Taxi
[2023-09-17T16:14:58.101+0000] {logging_mixin.py:151} INFO - [2023-09-17T16:14:58.101+0000] {dag.py:3696} INFO - Setting next_dagrun for Nyc_Yellow_Taxi to 2023-09-15T22:00:00+00:00, run_after=2023-09-16T22:00:00+00:00
[2023-09-17T16:14:58.146+0000] {processor.py:179} INFO - Processing /opt/airflow/dags/tlc_etl.py took 0.406 seconds
[2023-09-17T16:15:28.461+0000] {processor.py:157} INFO - Started process (PID=117) to work on /opt/airflow/dags/tlc_etl.py
[2023-09-17T16:15:28.463+0000] {processor.py:829} INFO - Processing file /opt/airflow/dags/tlc_etl.py for tasks to queue
[2023-09-17T16:15:28.466+0000] {logging_mixin.py:151} INFO - [2023-09-17T16:15:28.466+0000] {dagbag.py:539} INFO - Filling up the DagBag from /opt/airflow/dags/tlc_etl.py
[2023-09-17T16:15:28.541+0000] {processor.py:839} INFO - DAG(s) dict_keys(['Nyc_Yellow_Taxi']) retrieved from /opt/airflow/dags/tlc_etl.py
[2023-09-17T16:15:28.575+0000] {logging_mixin.py:151} INFO - [2023-09-17T16:15:28.574+0000] {dag.py:2915} INFO - Sync 1 DAGs
[2023-09-17T16:15:28.614+0000] {logging_mixin.py:151} INFO - [2023-09-17T16:15:28.613+0000] {dag.py:3696} INFO - Setting next_dagrun for Nyc_Yellow_Taxi to 2023-09-16T22:00:00+00:00, run_after=2023-09-17T22:00:00+00:00
[2023-09-17T16:15:28.637+0000] {processor.py:179} INFO - Processing /opt/airflow/dags/tlc_etl.py took 0.180 seconds
[2023-09-17T16:15:58.907+0000] {processor.py:157} INFO - Started process (PID=125) to work on /opt/airflow/dags/tlc_etl.py
[2023-09-17T16:15:58.908+0000] {processor.py:829} INFO - Processing file /opt/airflow/dags/tlc_etl.py for tasks to queue
[2023-09-17T16:15:58.912+0000] {logging_mixin.py:151} INFO - [2023-09-17T16:15:58.912+0000] {dagbag.py:539} INFO - Filling up the DagBag from /opt/airflow/dags/tlc_etl.py
[2023-09-17T16:15:59.007+0000] {processor.py:839} INFO - DAG(s) dict_keys(['Nyc_Yellow_Taxi']) retrieved from /opt/airflow/dags/tlc_etl.py
[2023-09-17T16:15:59.053+0000] {logging_mixin.py:151} INFO - [2023-09-17T16:15:59.052+0000] {dag.py:2915} INFO - Sync 1 DAGs
[2023-09-17T16:15:59.089+0000] {logging_mixin.py:151} INFO - [2023-09-17T16:15:59.089+0000] {dag.py:3696} INFO - Setting next_dagrun for Nyc_Yellow_Taxi to 2023-09-16T22:00:00+00:00, run_after=2023-09-17T22:00:00+00:00
[2023-09-17T16:15:59.130+0000] {processor.py:179} INFO - Processing /opt/airflow/dags/tlc_etl.py took 0.228 seconds
[2023-09-17T16:16:29.279+0000] {processor.py:157} INFO - Started process (PID=133) to work on /opt/airflow/dags/tlc_etl.py
[2023-09-17T16:16:29.281+0000] {processor.py:829} INFO - Processing file /opt/airflow/dags/tlc_etl.py for tasks to queue
[2023-09-17T16:16:29.286+0000] {logging_mixin.py:151} INFO - [2023-09-17T16:16:29.285+0000] {dagbag.py:539} INFO - Filling up the DagBag from /opt/airflow/dags/tlc_etl.py
[2023-09-17T16:16:29.419+0000] {processor.py:839} INFO - DAG(s) dict_keys(['Nyc_Yellow_Taxi']) retrieved from /opt/airflow/dags/tlc_etl.py
[2023-09-17T16:16:29.460+0000] {logging_mixin.py:151} INFO - [2023-09-17T16:16:29.459+0000] {dag.py:2915} INFO - Sync 1 DAGs
[2023-09-17T16:16:29.485+0000] {logging_mixin.py:151} INFO - [2023-09-17T16:16:29.485+0000] {dag.py:3696} INFO - Setting next_dagrun for Nyc_Yellow_Taxi to 2023-09-16T22:00:00+00:00, run_after=2023-09-17T22:00:00+00:00
[2023-09-17T16:16:29.529+0000] {processor.py:179} INFO - Processing /opt/airflow/dags/tlc_etl.py took 0.257 seconds
[2023-09-17T16:16:59.808+0000] {processor.py:157} INFO - Started process (PID=141) to work on /opt/airflow/dags/tlc_etl.py
[2023-09-17T16:16:59.811+0000] {processor.py:829} INFO - Processing file /opt/airflow/dags/tlc_etl.py for tasks to queue
[2023-09-17T16:16:59.820+0000] {logging_mixin.py:151} INFO - [2023-09-17T16:16:59.819+0000] {dagbag.py:539} INFO - Filling up the DagBag from /opt/airflow/dags/tlc_etl.py
[2023-09-17T16:16:59.908+0000] {processor.py:839} INFO - DAG(s) dict_keys(['Nyc_Yellow_Taxi']) retrieved from /opt/airflow/dags/tlc_etl.py
[2023-09-17T16:16:59.949+0000] {logging_mixin.py:151} INFO - [2023-09-17T16:16:59.949+0000] {dag.py:2915} INFO - Sync 1 DAGs
[2023-09-17T16:16:59.978+0000] {logging_mixin.py:151} INFO - [2023-09-17T16:16:59.978+0000] {dag.py:3696} INFO - Setting next_dagrun for Nyc_Yellow_Taxi to 2023-09-16T22:00:00+00:00, run_after=2023-09-17T22:00:00+00:00
[2023-09-17T16:17:00.022+0000] {processor.py:179} INFO - Processing /opt/airflow/dags/tlc_etl.py took 0.224 seconds
[2023-09-17T16:17:30.183+0000] {processor.py:157} INFO - Started process (PID=150) to work on /opt/airflow/dags/tlc_etl.py
[2023-09-17T16:17:30.186+0000] {processor.py:829} INFO - Processing file /opt/airflow/dags/tlc_etl.py for tasks to queue
[2023-09-17T16:17:30.194+0000] {logging_mixin.py:151} INFO - [2023-09-17T16:17:30.193+0000] {dagbag.py:539} INFO - Filling up the DagBag from /opt/airflow/dags/tlc_etl.py
[2023-09-17T16:17:30.306+0000] {processor.py:839} INFO - DAG(s) dict_keys(['Nyc_Yellow_Taxi']) retrieved from /opt/airflow/dags/tlc_etl.py
[2023-09-17T16:17:30.338+0000] {logging_mixin.py:151} INFO - [2023-09-17T16:17:30.337+0000] {dag.py:2915} INFO - Sync 1 DAGs
[2023-09-17T16:17:30.364+0000] {logging_mixin.py:151} INFO - [2023-09-17T16:17:30.364+0000] {dag.py:3696} INFO - Setting next_dagrun for Nyc_Yellow_Taxi to 2023-09-16T22:00:00+00:00, run_after=2023-09-17T22:00:00+00:00
[2023-09-17T16:17:30.408+0000] {processor.py:179} INFO - Processing /opt/airflow/dags/tlc_etl.py took 0.235 seconds
[2023-09-17T16:18:00.716+0000] {processor.py:157} INFO - Started process (PID=158) to work on /opt/airflow/dags/tlc_etl.py
[2023-09-17T16:18:00.719+0000] {processor.py:829} INFO - Processing file /opt/airflow/dags/tlc_etl.py for tasks to queue
[2023-09-17T16:18:00.728+0000] {logging_mixin.py:151} INFO - [2023-09-17T16:18:00.727+0000] {dagbag.py:539} INFO - Filling up the DagBag from /opt/airflow/dags/tlc_etl.py
[2023-09-17T16:18:00.903+0000] {processor.py:839} INFO - DAG(s) dict_keys(['Nyc_Yellow_Taxi']) retrieved from /opt/airflow/dags/tlc_etl.py
[2023-09-17T16:18:00.954+0000] {logging_mixin.py:151} INFO - [2023-09-17T16:18:00.954+0000] {dag.py:2915} INFO - Sync 1 DAGs
[2023-09-17T16:18:00.980+0000] {logging_mixin.py:151} INFO - [2023-09-17T16:18:00.980+0000] {dag.py:3696} INFO - Setting next_dagrun for Nyc_Yellow_Taxi to 2023-09-16T22:00:00+00:00, run_after=2023-09-17T22:00:00+00:00
[2023-09-17T16:18:01.020+0000] {processor.py:179} INFO - Processing /opt/airflow/dags/tlc_etl.py took 0.314 seconds
[2023-09-17T16:18:31.329+0000] {processor.py:157} INFO - Started process (PID=166) to work on /opt/airflow/dags/tlc_etl.py
[2023-09-17T16:18:31.331+0000] {processor.py:829} INFO - Processing file /opt/airflow/dags/tlc_etl.py for tasks to queue
[2023-09-17T16:18:31.334+0000] {logging_mixin.py:151} INFO - [2023-09-17T16:18:31.334+0000] {dagbag.py:539} INFO - Filling up the DagBag from /opt/airflow/dags/tlc_etl.py
[2023-09-17T16:18:31.452+0000] {processor.py:839} INFO - DAG(s) dict_keys(['Nyc_Yellow_Taxi']) retrieved from /opt/airflow/dags/tlc_etl.py
[2023-09-17T16:18:31.497+0000] {logging_mixin.py:151} INFO - [2023-09-17T16:18:31.497+0000] {dag.py:2915} INFO - Sync 1 DAGs
[2023-09-17T16:18:31.523+0000] {logging_mixin.py:151} INFO - [2023-09-17T16:18:31.523+0000] {dag.py:3696} INFO - Setting next_dagrun for Nyc_Yellow_Taxi to 2023-09-16T22:00:00+00:00, run_after=2023-09-17T22:00:00+00:00
[2023-09-17T16:18:31.546+0000] {processor.py:179} INFO - Processing /opt/airflow/dags/tlc_etl.py took 0.220 seconds
[2023-09-17T16:19:01.859+0000] {processor.py:157} INFO - Started process (PID=174) to work on /opt/airflow/dags/tlc_etl.py
[2023-09-17T16:19:01.862+0000] {processor.py:829} INFO - Processing file /opt/airflow/dags/tlc_etl.py for tasks to queue
[2023-09-17T16:19:01.869+0000] {logging_mixin.py:151} INFO - [2023-09-17T16:19:01.868+0000] {dagbag.py:539} INFO - Filling up the DagBag from /opt/airflow/dags/tlc_etl.py
[2023-09-17T16:19:01.944+0000] {processor.py:839} INFO - DAG(s) dict_keys(['Nyc_Yellow_Taxi']) retrieved from /opt/airflow/dags/tlc_etl.py
[2023-09-17T16:19:01.980+0000] {logging_mixin.py:151} INFO - [2023-09-17T16:19:01.979+0000] {dag.py:2915} INFO - Sync 1 DAGs
[2023-09-17T16:19:02.013+0000] {logging_mixin.py:151} INFO - [2023-09-17T16:19:02.013+0000] {dag.py:3696} INFO - Setting next_dagrun for Nyc_Yellow_Taxi to 2023-09-16T22:00:00+00:00, run_after=2023-09-17T22:00:00+00:00
[2023-09-17T16:19:02.049+0000] {processor.py:179} INFO - Processing /opt/airflow/dags/tlc_etl.py took 0.198 seconds
[2023-09-17T16:19:32.143+0000] {processor.py:157} INFO - Started process (PID=182) to work on /opt/airflow/dags/tlc_etl.py
[2023-09-17T16:19:32.145+0000] {processor.py:829} INFO - Processing file /opt/airflow/dags/tlc_etl.py for tasks to queue
[2023-09-17T16:19:32.150+0000] {logging_mixin.py:151} INFO - [2023-09-17T16:19:32.150+0000] {dagbag.py:539} INFO - Filling up the DagBag from /opt/airflow/dags/tlc_etl.py
[2023-09-17T16:19:32.279+0000] {processor.py:839} INFO - DAG(s) dict_keys(['Nyc_Yellow_Taxi']) retrieved from /opt/airflow/dags/tlc_etl.py
[2023-09-17T16:19:32.309+0000] {logging_mixin.py:151} INFO - [2023-09-17T16:19:32.309+0000] {dag.py:2915} INFO - Sync 1 DAGs
[2023-09-17T16:19:32.334+0000] {logging_mixin.py:151} INFO - [2023-09-17T16:19:32.334+0000] {dag.py:3696} INFO - Setting next_dagrun for Nyc_Yellow_Taxi to 2023-09-16T22:00:00+00:00, run_after=2023-09-17T22:00:00+00:00
[2023-09-17T16:19:32.377+0000] {processor.py:179} INFO - Processing /opt/airflow/dags/tlc_etl.py took 0.242 seconds
[2023-09-17T16:20:02.663+0000] {processor.py:157} INFO - Started process (PID=190) to work on /opt/airflow/dags/tlc_etl.py
[2023-09-17T16:20:02.666+0000] {processor.py:829} INFO - Processing file /opt/airflow/dags/tlc_etl.py for tasks to queue
[2023-09-17T16:20:02.675+0000] {logging_mixin.py:151} INFO - [2023-09-17T16:20:02.674+0000] {dagbag.py:539} INFO - Filling up the DagBag from /opt/airflow/dags/tlc_etl.py
[2023-09-17T16:20:02.847+0000] {processor.py:839} INFO - DAG(s) dict_keys(['Nyc_Yellow_Taxi']) retrieved from /opt/airflow/dags/tlc_etl.py
[2023-09-17T16:20:02.879+0000] {logging_mixin.py:151} INFO - [2023-09-17T16:20:02.878+0000] {dag.py:2915} INFO - Sync 1 DAGs
[2023-09-17T16:20:02.906+0000] {logging_mixin.py:151} INFO - [2023-09-17T16:20:02.906+0000] {dag.py:3696} INFO - Setting next_dagrun for Nyc_Yellow_Taxi to 2023-09-16T22:00:00+00:00, run_after=2023-09-17T22:00:00+00:00
[2023-09-17T16:20:02.929+0000] {processor.py:179} INFO - Processing /opt/airflow/dags/tlc_etl.py took 0.276 seconds
[2023-09-17T16:20:33.024+0000] {processor.py:157} INFO - Started process (PID=198) to work on /opt/airflow/dags/tlc_etl.py
[2023-09-17T16:20:33.026+0000] {processor.py:829} INFO - Processing file /opt/airflow/dags/tlc_etl.py for tasks to queue
[2023-09-17T16:20:33.030+0000] {logging_mixin.py:151} INFO - [2023-09-17T16:20:33.029+0000] {dagbag.py:539} INFO - Filling up the DagBag from /opt/airflow/dags/tlc_etl.py
[2023-09-17T16:20:33.105+0000] {processor.py:839} INFO - DAG(s) dict_keys(['Nyc_Yellow_Taxi']) retrieved from /opt/airflow/dags/tlc_etl.py
[2023-09-17T16:20:33.134+0000] {logging_mixin.py:151} INFO - [2023-09-17T16:20:33.134+0000] {dag.py:2915} INFO - Sync 1 DAGs
[2023-09-17T16:20:33.168+0000] {logging_mixin.py:151} INFO - [2023-09-17T16:20:33.168+0000] {dag.py:3696} INFO - Setting next_dagrun for Nyc_Yellow_Taxi to 2023-09-16T22:00:00+00:00, run_after=2023-09-17T22:00:00+00:00
[2023-09-17T16:20:33.204+0000] {processor.py:179} INFO - Processing /opt/airflow/dags/tlc_etl.py took 0.184 seconds
[2023-09-17T16:21:03.361+0000] {processor.py:157} INFO - Started process (PID=206) to work on /opt/airflow/dags/tlc_etl.py
[2023-09-17T16:21:03.366+0000] {processor.py:829} INFO - Processing file /opt/airflow/dags/tlc_etl.py for tasks to queue
[2023-09-17T16:21:03.370+0000] {logging_mixin.py:151} INFO - [2023-09-17T16:21:03.370+0000] {dagbag.py:539} INFO - Filling up the DagBag from /opt/airflow/dags/tlc_etl.py
[2023-09-17T16:21:03.451+0000] {processor.py:839} INFO - DAG(s) dict_keys(['Nyc_Yellow_Taxi']) retrieved from /opt/airflow/dags/tlc_etl.py
[2023-09-17T16:21:03.483+0000] {logging_mixin.py:151} INFO - [2023-09-17T16:21:03.482+0000] {dag.py:2915} INFO - Sync 1 DAGs
[2023-09-17T16:21:03.514+0000] {logging_mixin.py:151} INFO - [2023-09-17T16:21:03.514+0000] {dag.py:3696} INFO - Setting next_dagrun for Nyc_Yellow_Taxi to 2023-09-16T22:00:00+00:00, run_after=2023-09-17T22:00:00+00:00
[2023-09-17T16:21:03.563+0000] {processor.py:179} INFO - Processing /opt/airflow/dags/tlc_etl.py took 0.207 seconds
[2023-09-17T16:21:33.807+0000] {processor.py:157} INFO - Started process (PID=214) to work on /opt/airflow/dags/tlc_etl.py
[2023-09-17T16:21:33.808+0000] {processor.py:829} INFO - Processing file /opt/airflow/dags/tlc_etl.py for tasks to queue
[2023-09-17T16:21:33.814+0000] {logging_mixin.py:151} INFO - [2023-09-17T16:21:33.813+0000] {dagbag.py:539} INFO - Filling up the DagBag from /opt/airflow/dags/tlc_etl.py
[2023-09-17T16:21:33.916+0000] {processor.py:839} INFO - DAG(s) dict_keys(['Nyc_Yellow_Taxi']) retrieved from /opt/airflow/dags/tlc_etl.py
[2023-09-17T16:21:33.952+0000] {logging_mixin.py:151} INFO - [2023-09-17T16:21:33.951+0000] {dag.py:2915} INFO - Sync 1 DAGs
[2023-09-17T16:21:33.982+0000] {logging_mixin.py:151} INFO - [2023-09-17T16:21:33.982+0000] {dag.py:3696} INFO - Setting next_dagrun for Nyc_Yellow_Taxi to 2023-09-16T22:00:00+00:00, run_after=2023-09-17T22:00:00+00:00
[2023-09-17T16:21:34.007+0000] {processor.py:179} INFO - Processing /opt/airflow/dags/tlc_etl.py took 0.208 seconds
[2023-09-17T16:22:04.210+0000] {processor.py:157} INFO - Started process (PID=222) to work on /opt/airflow/dags/tlc_etl.py
[2023-09-17T16:22:04.212+0000] {processor.py:829} INFO - Processing file /opt/airflow/dags/tlc_etl.py for tasks to queue
[2023-09-17T16:22:04.218+0000] {logging_mixin.py:151} INFO - [2023-09-17T16:22:04.217+0000] {dagbag.py:539} INFO - Filling up the DagBag from /opt/airflow/dags/tlc_etl.py
[2023-09-17T16:22:04.307+0000] {processor.py:839} INFO - DAG(s) dict_keys(['Nyc_Yellow_Taxi']) retrieved from /opt/airflow/dags/tlc_etl.py
[2023-09-17T16:22:04.351+0000] {logging_mixin.py:151} INFO - [2023-09-17T16:22:04.350+0000] {dag.py:2915} INFO - Sync 1 DAGs
[2023-09-17T16:22:04.380+0000] {logging_mixin.py:151} INFO - [2023-09-17T16:22:04.380+0000] {dag.py:3696} INFO - Setting next_dagrun for Nyc_Yellow_Taxi to 2023-09-16T22:00:00+00:00, run_after=2023-09-17T22:00:00+00:00
[2023-09-17T16:22:04.412+0000] {processor.py:179} INFO - Processing /opt/airflow/dags/tlc_etl.py took 0.210 seconds
[2023-09-17T16:22:34.631+0000] {processor.py:157} INFO - Started process (PID=230) to work on /opt/airflow/dags/tlc_etl.py
[2023-09-17T16:22:34.632+0000] {processor.py:829} INFO - Processing file /opt/airflow/dags/tlc_etl.py for tasks to queue
[2023-09-17T16:22:34.634+0000] {logging_mixin.py:151} INFO - [2023-09-17T16:22:34.634+0000] {dagbag.py:539} INFO - Filling up the DagBag from /opt/airflow/dags/tlc_etl.py
[2023-09-17T16:22:34.719+0000] {processor.py:839} INFO - DAG(s) dict_keys(['Nyc_Yellow_Taxi']) retrieved from /opt/airflow/dags/tlc_etl.py
[2023-09-17T16:22:34.751+0000] {logging_mixin.py:151} INFO - [2023-09-17T16:22:34.751+0000] {dag.py:2915} INFO - Sync 1 DAGs
[2023-09-17T16:22:34.784+0000] {logging_mixin.py:151} INFO - [2023-09-17T16:22:34.784+0000] {dag.py:3696} INFO - Setting next_dagrun for Nyc_Yellow_Taxi to 2023-09-16T22:00:00+00:00, run_after=2023-09-17T22:00:00+00:00
[2023-09-17T16:22:34.818+0000] {processor.py:179} INFO - Processing /opt/airflow/dags/tlc_etl.py took 0.191 seconds
[2023-09-17T16:23:05.082+0000] {processor.py:157} INFO - Started process (PID=239) to work on /opt/airflow/dags/tlc_etl.py
[2023-09-17T16:23:05.084+0000] {processor.py:829} INFO - Processing file /opt/airflow/dags/tlc_etl.py for tasks to queue
[2023-09-17T16:23:05.090+0000] {logging_mixin.py:151} INFO - [2023-09-17T16:23:05.089+0000] {dagbag.py:539} INFO - Filling up the DagBag from /opt/airflow/dags/tlc_etl.py
[2023-09-17T16:23:05.220+0000] {processor.py:839} INFO - DAG(s) dict_keys(['Nyc_Yellow_Taxi']) retrieved from /opt/airflow/dags/tlc_etl.py
[2023-09-17T16:23:05.272+0000] {logging_mixin.py:151} INFO - [2023-09-17T16:23:05.271+0000] {dag.py:2915} INFO - Sync 1 DAGs
[2023-09-17T16:23:05.305+0000] {logging_mixin.py:151} INFO - [2023-09-17T16:23:05.305+0000] {dag.py:3696} INFO - Setting next_dagrun for Nyc_Yellow_Taxi to 2023-09-16T22:00:00+00:00, run_after=2023-09-17T22:00:00+00:00
[2023-09-17T16:23:05.357+0000] {processor.py:179} INFO - Processing /opt/airflow/dags/tlc_etl.py took 0.283 seconds
[2023-09-17T16:23:35.405+0000] {processor.py:157} INFO - Started process (PID=247) to work on /opt/airflow/dags/tlc_etl.py
[2023-09-17T16:23:35.406+0000] {processor.py:829} INFO - Processing file /opt/airflow/dags/tlc_etl.py for tasks to queue
[2023-09-17T16:23:35.408+0000] {logging_mixin.py:151} INFO - [2023-09-17T16:23:35.408+0000] {dagbag.py:539} INFO - Filling up the DagBag from /opt/airflow/dags/tlc_etl.py
[2023-09-17T16:23:35.468+0000] {processor.py:839} INFO - DAG(s) dict_keys(['Nyc_Yellow_Taxi']) retrieved from /opt/airflow/dags/tlc_etl.py
[2023-09-17T16:23:35.495+0000] {logging_mixin.py:151} INFO - [2023-09-17T16:23:35.494+0000] {dag.py:2915} INFO - Sync 1 DAGs
[2023-09-17T16:23:35.519+0000] {logging_mixin.py:151} INFO - [2023-09-17T16:23:35.519+0000] {dag.py:3696} INFO - Setting next_dagrun for Nyc_Yellow_Taxi to 2023-09-16T22:00:00+00:00, run_after=2023-09-17T22:00:00+00:00
[2023-09-17T16:23:35.547+0000] {processor.py:179} INFO - Processing /opt/airflow/dags/tlc_etl.py took 0.146 seconds
[2023-09-17T16:24:05.742+0000] {processor.py:157} INFO - Started process (PID=255) to work on /opt/airflow/dags/tlc_etl.py
[2023-09-17T16:24:05.742+0000] {processor.py:829} INFO - Processing file /opt/airflow/dags/tlc_etl.py for tasks to queue
[2023-09-17T16:24:05.745+0000] {logging_mixin.py:151} INFO - [2023-09-17T16:24:05.745+0000] {dagbag.py:539} INFO - Filling up the DagBag from /opt/airflow/dags/tlc_etl.py
[2023-09-17T16:24:05.806+0000] {processor.py:839} INFO - DAG(s) dict_keys(['Nyc_Yellow_Taxi']) retrieved from /opt/airflow/dags/tlc_etl.py
[2023-09-17T16:24:05.835+0000] {logging_mixin.py:151} INFO - [2023-09-17T16:24:05.834+0000] {dag.py:2915} INFO - Sync 1 DAGs
[2023-09-17T16:24:05.862+0000] {logging_mixin.py:151} INFO - [2023-09-17T16:24:05.862+0000] {dag.py:3696} INFO - Setting next_dagrun for Nyc_Yellow_Taxi to 2023-09-16T22:00:00+00:00, run_after=2023-09-17T22:00:00+00:00
[2023-09-17T16:24:05.893+0000] {processor.py:179} INFO - Processing /opt/airflow/dags/tlc_etl.py took 0.155 seconds
[2023-09-17T16:24:36.213+0000] {processor.py:157} INFO - Started process (PID=263) to work on /opt/airflow/dags/tlc_etl.py
[2023-09-17T16:24:36.215+0000] {processor.py:829} INFO - Processing file /opt/airflow/dags/tlc_etl.py for tasks to queue
[2023-09-17T16:24:36.221+0000] {logging_mixin.py:151} INFO - [2023-09-17T16:24:36.220+0000] {dagbag.py:539} INFO - Filling up the DagBag from /opt/airflow/dags/tlc_etl.py
[2023-09-17T16:24:36.352+0000] {processor.py:839} INFO - DAG(s) dict_keys(['Nyc_Yellow_Taxi']) retrieved from /opt/airflow/dags/tlc_etl.py
[2023-09-17T16:24:36.406+0000] {logging_mixin.py:151} INFO - [2023-09-17T16:24:36.405+0000] {dag.py:2915} INFO - Sync 1 DAGs
[2023-09-17T16:24:36.433+0000] {logging_mixin.py:151} INFO - [2023-09-17T16:24:36.432+0000] {dag.py:3696} INFO - Setting next_dagrun for Nyc_Yellow_Taxi to 2023-09-16T22:00:00+00:00, run_after=2023-09-17T22:00:00+00:00
[2023-09-17T16:24:36.484+0000] {processor.py:179} INFO - Processing /opt/airflow/dags/tlc_etl.py took 0.278 seconds
[2023-09-17T16:25:06.839+0000] {processor.py:157} INFO - Started process (PID=271) to work on /opt/airflow/dags/tlc_etl.py
[2023-09-17T16:25:06.841+0000] {processor.py:829} INFO - Processing file /opt/airflow/dags/tlc_etl.py for tasks to queue
[2023-09-17T16:25:06.844+0000] {logging_mixin.py:151} INFO - [2023-09-17T16:25:06.844+0000] {dagbag.py:539} INFO - Filling up the DagBag from /opt/airflow/dags/tlc_etl.py
[2023-09-17T16:25:06.940+0000] {processor.py:839} INFO - DAG(s) dict_keys(['Nyc_Yellow_Taxi']) retrieved from /opt/airflow/dags/tlc_etl.py
[2023-09-17T16:25:06.981+0000] {logging_mixin.py:151} INFO - [2023-09-17T16:25:06.980+0000] {dag.py:2915} INFO - Sync 1 DAGs
[2023-09-17T16:25:07.006+0000] {logging_mixin.py:151} INFO - [2023-09-17T16:25:07.006+0000] {dag.py:3696} INFO - Setting next_dagrun for Nyc_Yellow_Taxi to 2023-09-16T22:00:00+00:00, run_after=2023-09-17T22:00:00+00:00
[2023-09-17T16:25:07.060+0000] {processor.py:179} INFO - Processing /opt/airflow/dags/tlc_etl.py took 0.226 seconds
