[2023-10-09T17:51:31.545+0000] {taskinstance.py:1157} INFO - Dependencies all met for dep_context=non-requeueable deps ti=<TaskInstance: Nyc_Yellow_Taxi.create_database scheduled__2023-10-07T22:00:00+00:00 [queued]>
[2023-10-09T17:51:31.556+0000] {taskinstance.py:1157} INFO - Dependencies all met for dep_context=requeueable deps ti=<TaskInstance: Nyc_Yellow_Taxi.create_database scheduled__2023-10-07T22:00:00+00:00 [queued]>
[2023-10-09T17:51:31.556+0000] {taskinstance.py:1359} INFO - Starting attempt 1 of 1
[2023-10-09T17:51:31.569+0000] {taskinstance.py:1380} INFO - Executing <Task(SnowflakeOperator): create_database> on 2023-10-07 22:00:00+00:00
[2023-10-09T17:51:31.574+0000] {standard_task_runner.py:57} INFO - Started process 450 to run task
[2023-10-09T17:51:31.580+0000] {standard_task_runner.py:84} INFO - Running: ['***', 'tasks', 'run', 'Nyc_Yellow_Taxi', 'create_database', 'scheduled__2023-10-07T22:00:00+00:00', '--job-id', '3488', '--raw', '--subdir', 'DAGS_FOLDER/tlc_etl.py', '--cfg-path', '/tmp/tmpm__5ydvu']
[2023-10-09T17:51:31.584+0000] {standard_task_runner.py:85} INFO - Job 3488: Subtask create_database
[2023-10-09T17:51:31.640+0000] {task_command.py:415} INFO - Running <TaskInstance: Nyc_Yellow_Taxi.create_database scheduled__2023-10-07T22:00:00+00:00 [running]> on host c41f4f98c0da
[2023-10-09T17:51:31.745+0000] {taskinstance.py:1660} INFO - Exporting env vars: AIRFLOW_CTX_DAG_OWNER='***' AIRFLOW_CTX_DAG_ID='Nyc_Yellow_Taxi' AIRFLOW_CTX_TASK_ID='create_database' AIRFLOW_CTX_EXECUTION_DATE='2023-10-07T22:00:00+00:00' AIRFLOW_CTX_TRY_NUMBER='1' AIRFLOW_CTX_DAG_RUN_ID='scheduled__2023-10-07T22:00:00+00:00'
[2023-10-09T17:51:31.746+0000] {sql.py:274} INFO - Executing: 
                        CREATE DATABASE IF NOT EXISTS AIRFLOW_NYC_TLC
                        DATA_RETENTION_TIME_IN_DAYS = 90
                        COMMENT = 'NYC TLC Database'

                        
[2023-10-09T17:51:31.759+0000] {base.py:73} INFO - Using connection ID 'snowflake_default' for task execution.
[2023-10-09T17:51:31.769+0000] {base.py:73} INFO - Using connection ID 'snowflake_default' for task execution.
[2023-10-09T17:51:31.770+0000] {connection.py:314} INFO - Snowflake Connector for Python Version: 3.1.1, Python Version: 3.8.18, Platform: Linux-5.10.102.1-microsoft-standard-WSL2-x86_64-with-glibc2.2.5
[2023-10-09T17:51:31.771+0000] {connection.py:1050} INFO - This connection is in OCSP Fail Open Mode. TLS Certificates would be checked for validity and revocation status. Any other Certificate Revocation related exceptions or OCSP Responder failures would be disregarded in favor of connectivity.
[2023-10-09T17:51:31.771+0000] {connection.py:1068} INFO - Setting use_openssl_only mode to False
[2023-10-09T17:51:32.382+0000] {cursor.py:804} INFO - query: [ALTER SESSION SET autocommit=False]
[2023-10-09T17:51:32.518+0000] {cursor.py:817} INFO - query execution done
[2023-10-09T17:51:32.519+0000] {cursor.py:959} INFO - Number of results in first chunk: 1
[2023-10-09T17:51:32.519+0000] {sql.py:418} INFO - Running statement: CREATE DATABASE IF NOT EXISTS AIRFLOW_NYC_TLC
                        DATA_RETENTION_TIME_IN_DAYS = 90
                        COMMENT = 'NYC TLC Database', parameters: None
[2023-10-09T17:51:32.519+0000] {cursor.py:804} INFO - query: [CREATE DATABASE IF NOT EXISTS AIRFLOW_NYC_TLC DATA_RETENTION_TIME_IN_DAYS = 90 C...]
[2023-10-09T17:51:32.574+0000] {cursor.py:817} INFO - query execution done
[2023-10-09T17:51:32.575+0000] {cursor.py:959} INFO - Number of results in first chunk: 1
[2023-10-09T17:51:32.575+0000] {sql.py:427} INFO - Rows affected: 1
[2023-10-09T17:51:32.576+0000] {snowflake.py:427} INFO - Rows affected: 1
[2023-10-09T17:51:32.576+0000] {snowflake.py:428} INFO - Snowflake query id: 01af898f-3202-08ce-0002-3f6a00028586
[2023-10-09T17:51:32.577+0000] {cursor.py:804} INFO - query: [COMMIT]
[2023-10-09T17:51:32.641+0000] {cursor.py:817} INFO - query execution done
[2023-10-09T17:51:32.641+0000] {cursor.py:959} INFO - Number of results in first chunk: 1
[2023-10-09T17:51:32.642+0000] {connection.py:640} INFO - closed
[2023-10-09T17:51:32.668+0000] {connection.py:646} INFO - No async queries seem to be running, deleting session
[2023-10-09T17:51:32.746+0000] {taskinstance.py:1398} INFO - Marking task as SUCCESS. dag_id=Nyc_Yellow_Taxi, task_id=create_database, execution_date=20231007T220000, start_date=20231009T175131, end_date=20231009T175132
[2023-10-09T17:51:32.795+0000] {local_task_job_runner.py:228} INFO - Task exited with return code 0
[2023-10-09T17:51:32.900+0000] {taskinstance.py:2776} INFO - 0 downstream tasks scheduled from follow-on schedule check
