[2023-09-17T13:50:28.556+0000] {taskinstance.py:1157} INFO - Dependencies all met for dep_context=non-requeueable deps ti=<TaskInstance: Nyc_Yellow_Taxi.create_database manual__2023-09-17T13:50:24.056875+00:00 [queued]>
[2023-09-17T13:50:28.565+0000] {taskinstance.py:1157} INFO - Dependencies all met for dep_context=requeueable deps ti=<TaskInstance: Nyc_Yellow_Taxi.create_database manual__2023-09-17T13:50:24.056875+00:00 [queued]>
[2023-09-17T13:50:28.566+0000] {taskinstance.py:1359} INFO - Starting attempt 1 of 1
[2023-09-17T13:50:28.576+0000] {taskinstance.py:1380} INFO - Executing <Task(SnowflakeOperator): create_database> on 2023-09-17 13:50:24.056875+00:00
[2023-09-17T13:50:28.580+0000] {standard_task_runner.py:57} INFO - Started process 4467 to run task
[2023-09-17T13:50:28.583+0000] {standard_task_runner.py:84} INFO - Running: ['***', 'tasks', 'run', 'Nyc_Yellow_Taxi', 'create_database', 'manual__2023-09-17T13:50:24.056875+00:00', '--job-id', '2809', '--raw', '--subdir', 'DAGS_FOLDER/tlc_etl.py', '--cfg-path', '/tmp/tmpe4gz3ja5']
[2023-09-17T13:50:28.586+0000] {standard_task_runner.py:85} INFO - Job 2809: Subtask create_database
[2023-09-17T13:50:28.621+0000] {task_command.py:415} INFO - Running <TaskInstance: Nyc_Yellow_Taxi.create_database manual__2023-09-17T13:50:24.056875+00:00 [running]> on host b0bf2d690aa3
[2023-09-17T13:50:28.680+0000] {taskinstance.py:1660} INFO - Exporting env vars: AIRFLOW_CTX_DAG_OWNER='***' AIRFLOW_CTX_DAG_ID='Nyc_Yellow_Taxi' AIRFLOW_CTX_TASK_ID='create_database' AIRFLOW_CTX_EXECUTION_DATE='2023-09-17T13:50:24.056875+00:00' AIRFLOW_CTX_TRY_NUMBER='1' AIRFLOW_CTX_DAG_RUN_ID='manual__2023-09-17T13:50:24.056875+00:00'
[2023-09-17T13:50:28.681+0000] {sql.py:274} INFO - Executing: 
                        CREATE DATABASE IF NOT EXISTS AIRFLOW_NYC_TLC
                        DATA_RETENTION_TIME_IN_DAYS = 90
                        COMMENT = 'NYC TLC Database'

                        
[2023-09-17T13:50:28.689+0000] {base.py:73} INFO - Using connection ID 'snowflake_default' for task execution.
[2023-09-17T13:50:28.695+0000] {base.py:73} INFO - Using connection ID 'snowflake_default' for task execution.
[2023-09-17T13:50:28.696+0000] {connection.py:314} INFO - Snowflake Connector for Python Version: 3.1.1, Python Version: 3.8.18, Platform: Linux-5.10.102.1-microsoft-standard-WSL2-x86_64-with-glibc2.2.5
[2023-09-17T13:50:28.697+0000] {connection.py:1050} INFO - This connection is in OCSP Fail Open Mode. TLS Certificates would be checked for validity and revocation status. Any other Certificate Revocation related exceptions or OCSP Responder failures would be disregarded in favor of connectivity.
[2023-09-17T13:50:28.697+0000] {connection.py:1068} INFO - Setting use_openssl_only mode to False
[2023-09-17T13:50:29.145+0000] {cursor.py:804} INFO - query: [ALTER SESSION SET autocommit=False]
[2023-09-17T13:50:29.223+0000] {cursor.py:817} INFO - query execution done
[2023-09-17T13:50:29.225+0000] {cursor.py:959} INFO - Number of results in first chunk: 1
[2023-09-17T13:50:29.226+0000] {sql.py:418} INFO - Running statement: CREATE DATABASE IF NOT EXISTS AIRFLOW_NYC_TLC
                        DATA_RETENTION_TIME_IN_DAYS = 90
                        COMMENT = 'NYC TLC Database', parameters: None
[2023-09-17T13:50:29.228+0000] {cursor.py:804} INFO - query: [CREATE DATABASE IF NOT EXISTS AIRFLOW_NYC_TLC DATA_RETENTION_TIME_IN_DAYS = 90 C...]
[2023-09-17T13:50:29.431+0000] {cursor.py:817} INFO - query execution done
[2023-09-17T13:50:29.432+0000] {cursor.py:959} INFO - Number of results in first chunk: 1
[2023-09-17T13:50:29.432+0000] {sql.py:427} INFO - Rows affected: 1
[2023-09-17T13:50:29.433+0000] {snowflake.py:427} INFO - Rows affected: 1
[2023-09-17T13:50:29.434+0000] {snowflake.py:428} INFO - Snowflake query id: 01af0cde-3201-f4ea-0000-00023f6a353d
[2023-09-17T13:50:29.434+0000] {cursor.py:804} INFO - query: [COMMIT]
[2023-09-17T13:50:29.502+0000] {cursor.py:817} INFO - query execution done
[2023-09-17T13:50:29.503+0000] {cursor.py:959} INFO - Number of results in first chunk: 1
[2023-09-17T13:50:29.504+0000] {connection.py:640} INFO - closed
[2023-09-17T13:50:29.531+0000] {connection.py:646} INFO - No async queries seem to be running, deleting session
[2023-09-17T13:50:29.594+0000] {taskinstance.py:1398} INFO - Marking task as SUCCESS. dag_id=Nyc_Yellow_Taxi, task_id=create_database, execution_date=20230917T135024, start_date=20230917T135028, end_date=20230917T135029
[2023-09-17T13:50:29.644+0000] {local_task_job_runner.py:228} INFO - Task exited with return code 0
[2023-09-17T13:50:29.679+0000] {taskinstance.py:2776} INFO - 0 downstream tasks scheduled from follow-on schedule check
