[2023-10-09T18:12:41.020+0000] {taskinstance.py:1157} INFO - Dependencies all met for dep_context=non-requeueable deps ti=<TaskInstance: Nyc_Yellow_Taxi.create_dropoff_location_table manual__2023-10-09T18:12:28.079337+00:00 [queued]>
[2023-10-09T18:12:41.032+0000] {taskinstance.py:1157} INFO - Dependencies all met for dep_context=requeueable deps ti=<TaskInstance: Nyc_Yellow_Taxi.create_dropoff_location_table manual__2023-10-09T18:12:28.079337+00:00 [queued]>
[2023-10-09T18:12:41.032+0000] {taskinstance.py:1359} INFO - Starting attempt 1 of 1
[2023-10-09T18:12:41.048+0000] {taskinstance.py:1380} INFO - Executing <Task(SnowflakeOperator): create_dropoff_location_table> on 2023-10-09 18:12:28.079337+00:00
[2023-10-09T18:12:41.060+0000] {standard_task_runner.py:57} INFO - Started process 1178 to run task
[2023-10-09T18:12:41.067+0000] {standard_task_runner.py:84} INFO - Running: ['***', 'tasks', 'run', 'Nyc_Yellow_Taxi', 'create_dropoff_location_table', 'manual__2023-10-09T18:12:28.079337+00:00', '--job-id', '3556', '--raw', '--subdir', 'DAGS_FOLDER/tlc_etl.py', '--cfg-path', '/tmp/tmp2qls8gb0']
[2023-10-09T18:12:41.074+0000] {standard_task_runner.py:85} INFO - Job 3556: Subtask create_dropoff_location_table
[2023-10-09T18:12:41.151+0000] {task_command.py:415} INFO - Running <TaskInstance: Nyc_Yellow_Taxi.create_dropoff_location_table manual__2023-10-09T18:12:28.079337+00:00 [running]> on host c41f4f98c0da
[2023-10-09T18:12:41.250+0000] {taskinstance.py:1660} INFO - Exporting env vars: AIRFLOW_CTX_DAG_OWNER='***' AIRFLOW_CTX_DAG_ID='Nyc_Yellow_Taxi' AIRFLOW_CTX_TASK_ID='create_dropoff_location_table' AIRFLOW_CTX_EXECUTION_DATE='2023-10-09T18:12:28.079337+00:00' AIRFLOW_CTX_TRY_NUMBER='1' AIRFLOW_CTX_DAG_RUN_ID='manual__2023-10-09T18:12:28.079337+00:00'
[2023-10-09T18:12:41.251+0000] {sql.py:274} INFO - Executing: 
                              CREATE OR REPLACE TABLE dropoff_location_dim (
                                                                             dropoff_location_id INT PRIMARY KEY,
                                                                             DOLocationID INT
                                                                           )
                              STAGE_FILE_FORMAT = (TYPE = 'PARQUET')
                              COMMENT = 'create dropoff location dimension'

                           
[2023-10-09T18:12:41.263+0000] {base.py:73} INFO - Using connection ID 'snowflake_default' for task execution.
[2023-10-09T18:12:41.274+0000] {base.py:73} INFO - Using connection ID 'snowflake_default' for task execution.
[2023-10-09T18:12:41.275+0000] {connection.py:314} INFO - Snowflake Connector for Python Version: 3.1.1, Python Version: 3.8.18, Platform: Linux-5.10.102.1-microsoft-standard-WSL2-x86_64-with-glibc2.2.5
[2023-10-09T18:12:41.276+0000] {connection.py:1050} INFO - This connection is in OCSP Fail Open Mode. TLS Certificates would be checked for validity and revocation status. Any other Certificate Revocation related exceptions or OCSP Responder failures would be disregarded in favor of connectivity.
[2023-10-09T18:12:41.276+0000] {connection.py:1068} INFO - Setting use_openssl_only mode to False
[2023-10-09T18:12:41.681+0000] {cursor.py:804} INFO - query: [ALTER SESSION SET autocommit=False]
[2023-10-09T18:12:41.744+0000] {cursor.py:817} INFO - query execution done
[2023-10-09T18:12:41.745+0000] {cursor.py:959} INFO - Number of results in first chunk: 1
[2023-10-09T18:12:41.746+0000] {sql.py:418} INFO - Running statement: CREATE OR REPLACE TABLE dropoff_location_dim (
                                                                             dropoff_location_id INT PRIMARY KEY,
                                                                             DOLocationID INT
                                                                           )
                              STAGE_FILE_FORMAT = (TYPE = 'PARQUET')
                              COMMENT = 'create dropoff location dimension', parameters: None
[2023-10-09T18:12:41.747+0000] {cursor.py:804} INFO - query: [CREATE OR REPLACE TABLE dropoff_location_dim ( dropoff_location_id INT PRIMARY K...]
[2023-10-09T18:12:41.989+0000] {cursor.py:817} INFO - query execution done
[2023-10-09T18:12:41.989+0000] {cursor.py:959} INFO - Number of results in first chunk: 1
[2023-10-09T18:12:41.990+0000] {sql.py:427} INFO - Rows affected: 1
[2023-10-09T18:12:41.991+0000] {snowflake.py:427} INFO - Rows affected: 1
[2023-10-09T18:12:41.991+0000] {snowflake.py:428} INFO - Snowflake query id: 01af89a4-3202-08ce-0002-3f6a000287ca
[2023-10-09T18:12:41.992+0000] {cursor.py:804} INFO - query: [COMMIT]
[2023-10-09T18:12:42.045+0000] {cursor.py:817} INFO - query execution done
[2023-10-09T18:12:42.046+0000] {cursor.py:959} INFO - Number of results in first chunk: 1
[2023-10-09T18:12:42.046+0000] {connection.py:640} INFO - closed
[2023-10-09T18:12:42.077+0000] {connection.py:646} INFO - No async queries seem to be running, deleting session
[2023-10-09T18:12:42.139+0000] {taskinstance.py:1398} INFO - Marking task as SUCCESS. dag_id=Nyc_Yellow_Taxi, task_id=create_dropoff_location_table, execution_date=20231009T181228, start_date=20231009T181241, end_date=20231009T181242
[2023-10-09T18:12:42.161+0000] {local_task_job_runner.py:228} INFO - Task exited with return code 0
[2023-10-09T18:12:42.231+0000] {taskinstance.py:2776} INFO - 0 downstream tasks scheduled from follow-on schedule check
