[2023-10-09T17:43:39.992+0000] {taskinstance.py:1157} INFO - Dependencies all met for dep_context=non-requeueable deps ti=<TaskInstance: Nyc_Yellow_Taxi.create_fact_table scheduled__2023-10-07T22:00:00+00:00 [queued]>
[2023-10-09T17:43:40.045+0000] {taskinstance.py:1157} INFO - Dependencies all met for dep_context=requeueable deps ti=<TaskInstance: Nyc_Yellow_Taxi.create_fact_table scheduled__2023-10-07T22:00:00+00:00 [queued]>
[2023-10-09T17:43:40.046+0000] {taskinstance.py:1359} INFO - Starting attempt 1 of 1
[2023-10-09T17:43:40.086+0000] {taskinstance.py:1380} INFO - Executing <Task(SnowflakeOperator): create_fact_table> on 2023-10-07 22:00:00+00:00
[2023-10-09T17:43:40.182+0000] {standard_task_runner.py:57} INFO - Started process 158 to run task
[2023-10-09T17:43:40.207+0000] {standard_task_runner.py:84} INFO - Running: ['***', 'tasks', 'run', 'Nyc_Yellow_Taxi', 'create_fact_table', 'scheduled__2023-10-07T22:00:00+00:00', '--job-id', '3459', '--raw', '--subdir', 'DAGS_FOLDER/tlc_etl.py', '--cfg-path', '/tmp/tmpa96jl4by']
[2023-10-09T17:43:40.268+0000] {standard_task_runner.py:85} INFO - Job 3459: Subtask create_fact_table
[2023-10-09T17:43:40.992+0000] {task_command.py:415} INFO - Running <TaskInstance: Nyc_Yellow_Taxi.create_fact_table scheduled__2023-10-07T22:00:00+00:00 [running]> on host c41f4f98c0da
[2023-10-09T17:43:41.561+0000] {taskinstance.py:1660} INFO - Exporting env vars: AIRFLOW_CTX_DAG_OWNER='***' AIRFLOW_CTX_DAG_ID='Nyc_Yellow_Taxi' AIRFLOW_CTX_TASK_ID='create_fact_table' AIRFLOW_CTX_EXECUTION_DATE='2023-10-07T22:00:00+00:00' AIRFLOW_CTX_TRY_NUMBER='1' AIRFLOW_CTX_DAG_RUN_ID='scheduled__2023-10-07T22:00:00+00:00'
[2023-10-09T17:43:41.567+0000] {sql.py:274} INFO - Executing: 
              CREATE OR REPLACE TABLE fact_table (
                                                   VendorID INT PRIMARY KEY,
                                                   datetime_id INT REFERENCES datetime_dim (datetime_id),	
                                                   passenger_count_id	INT REFERENCES passenger_count_dim (passenger_count_id),
                                                   trip_distance_id INT REFERENCES trip_distance_dim (trip_distance_id),	
                                                   pickup_location_id INT REFERENCES pickup_location_dim (pickup_location_id),
                                                   dropoff_location_id INT REFERENCES dropoff_location_dim (dropoff_location_id),
                                                   rate_code_id INT REFERENCES rate_code_dim (rate_code_id),
                                                   payment_type_id INT REFERENCES payment_type_dim (payment_type_id)
                                                 )
              STAGE_FILE_FORMAT = (TYPE = 'PARQUET')
              COMMENT = 'create fact table'

              
[2023-10-09T17:43:41.631+0000] {base.py:73} INFO - Using connection ID 'snowflake_default' for task execution.
[2023-10-09T17:43:41.730+0000] {base.py:73} INFO - Using connection ID 'snowflake_default' for task execution.
[2023-10-09T17:43:41.740+0000] {connection.py:314} INFO - Snowflake Connector for Python Version: 3.1.1, Python Version: 3.8.18, Platform: Linux-5.10.102.1-microsoft-standard-WSL2-x86_64-with-glibc2.2.5
[2023-10-09T17:43:41.744+0000] {connection.py:1050} INFO - This connection is in OCSP Fail Open Mode. TLS Certificates would be checked for validity and revocation status. Any other Certificate Revocation related exceptions or OCSP Responder failures would be disregarded in favor of connectivity.
[2023-10-09T17:43:41.745+0000] {connection.py:1068} INFO - Setting use_openssl_only mode to False
[2023-10-09T17:43:43.665+0000] {cursor.py:804} INFO - query: [ALTER SESSION SET autocommit=False]
[2023-10-09T17:43:43.804+0000] {cursor.py:817} INFO - query execution done
[2023-10-09T17:43:43.822+0000] {cursor.py:959} INFO - Number of results in first chunk: 1
[2023-10-09T17:43:43.825+0000] {sql.py:418} INFO - Running statement: CREATE OR REPLACE TABLE fact_table (
                                                   VendorID INT PRIMARY KEY,
                                                   datetime_id INT REFERENCES datetime_dim (datetime_id),	
                                                   passenger_count_id	INT REFERENCES passenger_count_dim (passenger_count_id),
                                                   trip_distance_id INT REFERENCES trip_distance_dim (trip_distance_id),	
                                                   pickup_location_id INT REFERENCES pickup_location_dim (pickup_location_id),
                                                   dropoff_location_id INT REFERENCES dropoff_location_dim (dropoff_location_id),
                                                   rate_code_id INT REFERENCES rate_code_dim (rate_code_id),
                                                   payment_type_id INT REFERENCES payment_type_dim (payment_type_id)
                                                 )
              STAGE_FILE_FORMAT = (TYPE = 'PARQUET')
              COMMENT = 'create fact table', parameters: None
[2023-10-09T17:43:43.828+0000] {cursor.py:804} INFO - query: [CREATE OR REPLACE TABLE fact_table ( VendorID INT PRIMARY KEY, datetime_id INT R...]
[2023-10-09T17:43:44.255+0000] {cursor.py:817} INFO - query execution done
[2023-10-09T17:43:44.256+0000] {cursor.py:959} INFO - Number of results in first chunk: 1
[2023-10-09T17:43:44.257+0000] {sql.py:427} INFO - Rows affected: 1
[2023-10-09T17:43:44.258+0000] {snowflake.py:427} INFO - Rows affected: 1
[2023-10-09T17:43:44.258+0000] {snowflake.py:428} INFO - Snowflake query id: 01af8987-3202-08cc-0002-3f6a000293ba
[2023-10-09T17:43:44.259+0000] {cursor.py:804} INFO - query: [COMMIT]
[2023-10-09T17:43:44.424+0000] {cursor.py:817} INFO - query execution done
[2023-10-09T17:43:44.425+0000] {cursor.py:959} INFO - Number of results in first chunk: 1
[2023-10-09T17:43:44.426+0000] {connection.py:640} INFO - closed
[2023-10-09T17:43:44.715+0000] {connection.py:646} INFO - No async queries seem to be running, deleting session
[2023-10-09T17:43:44.810+0000] {taskinstance.py:1398} INFO - Marking task as SUCCESS. dag_id=Nyc_Yellow_Taxi, task_id=create_fact_table, execution_date=20231007T220000, start_date=20231009T174340, end_date=20231009T174344
[2023-10-09T17:43:44.864+0000] {local_task_job_runner.py:228} INFO - Task exited with return code 0
[2023-10-09T17:43:45.011+0000] {taskinstance.py:2776} INFO - 0 downstream tasks scheduled from follow-on schedule check
[2023-10-09T17:51:38.828+0000] {taskinstance.py:1157} INFO - Dependencies all met for dep_context=non-requeueable deps ti=<TaskInstance: Nyc_Yellow_Taxi.create_fact_table scheduled__2023-10-07T22:00:00+00:00 [queued]>
[2023-10-09T17:51:38.842+0000] {taskinstance.py:1157} INFO - Dependencies all met for dep_context=requeueable deps ti=<TaskInstance: Nyc_Yellow_Taxi.create_fact_table scheduled__2023-10-07T22:00:00+00:00 [queued]>
[2023-10-09T17:51:38.843+0000] {taskinstance.py:1359} INFO - Starting attempt 1 of 1
[2023-10-09T17:51:38.861+0000] {taskinstance.py:1380} INFO - Executing <Task(SnowflakeOperator): create_fact_table> on 2023-10-07 22:00:00+00:00
[2023-10-09T17:51:38.868+0000] {standard_task_runner.py:57} INFO - Started process 502 to run task
[2023-10-09T17:51:38.877+0000] {standard_task_runner.py:84} INFO - Running: ['***', 'tasks', 'run', 'Nyc_Yellow_Taxi', 'create_fact_table', 'scheduled__2023-10-07T22:00:00+00:00', '--job-id', '3498', '--raw', '--subdir', 'DAGS_FOLDER/tlc_etl.py', '--cfg-path', '/tmp/tmpenmktymk']
[2023-10-09T17:51:38.882+0000] {standard_task_runner.py:85} INFO - Job 3498: Subtask create_fact_table
[2023-10-09T17:51:38.957+0000] {task_command.py:415} INFO - Running <TaskInstance: Nyc_Yellow_Taxi.create_fact_table scheduled__2023-10-07T22:00:00+00:00 [running]> on host c41f4f98c0da
[2023-10-09T17:51:39.063+0000] {taskinstance.py:1660} INFO - Exporting env vars: AIRFLOW_CTX_DAG_OWNER='***' AIRFLOW_CTX_DAG_ID='Nyc_Yellow_Taxi' AIRFLOW_CTX_TASK_ID='create_fact_table' AIRFLOW_CTX_EXECUTION_DATE='2023-10-07T22:00:00+00:00' AIRFLOW_CTX_TRY_NUMBER='1' AIRFLOW_CTX_DAG_RUN_ID='scheduled__2023-10-07T22:00:00+00:00'
[2023-10-09T17:51:39.064+0000] {sql.py:274} INFO - Executing: 
              CREATE OR REPLACE TABLE fact_table (
                                                   VendorID INT PRIMARY KEY,
                                                   datetime_id INT REFERENCES datetime_dim (datetime_id),	
                                                   passenger_count_id	INT REFERENCES passenger_count_dim (passenger_count_id),
                                                   trip_distance_id INT REFERENCES trip_distance_dim (trip_distance_id),	
                                                   pickup_location_id INT REFERENCES pickup_location_dim (pickup_location_id),
                                                   dropoff_location_id INT REFERENCES dropoff_location_dim (dropoff_location_id),
                                                   rate_code_id INT REFERENCES rate_code_dim (rate_code_id),
                                                   payment_type_id INT REFERENCES payment_type_dim (payment_type_id)
                                                 )
              STAGE_FILE_FORMAT = (TYPE = 'PARQUET')
              COMMENT = 'create fact table'

              
[2023-10-09T17:51:39.075+0000] {base.py:73} INFO - Using connection ID 'snowflake_default' for task execution.
[2023-10-09T17:51:39.088+0000] {base.py:73} INFO - Using connection ID 'snowflake_default' for task execution.
[2023-10-09T17:51:39.089+0000] {connection.py:314} INFO - Snowflake Connector for Python Version: 3.1.1, Python Version: 3.8.18, Platform: Linux-5.10.102.1-microsoft-standard-WSL2-x86_64-with-glibc2.2.5
[2023-10-09T17:51:39.090+0000] {connection.py:1050} INFO - This connection is in OCSP Fail Open Mode. TLS Certificates would be checked for validity and revocation status. Any other Certificate Revocation related exceptions or OCSP Responder failures would be disregarded in favor of connectivity.
[2023-10-09T17:51:39.090+0000] {connection.py:1068} INFO - Setting use_openssl_only mode to False
[2023-10-09T17:51:39.476+0000] {cursor.py:804} INFO - query: [ALTER SESSION SET autocommit=False]
[2023-10-09T17:51:39.538+0000] {cursor.py:817} INFO - query execution done
[2023-10-09T17:51:39.539+0000] {cursor.py:959} INFO - Number of results in first chunk: 1
[2023-10-09T17:51:39.539+0000] {sql.py:418} INFO - Running statement: CREATE OR REPLACE TABLE fact_table (
                                                   VendorID INT PRIMARY KEY,
                                                   datetime_id INT REFERENCES datetime_dim (datetime_id),	
                                                   passenger_count_id	INT REFERENCES passenger_count_dim (passenger_count_id),
                                                   trip_distance_id INT REFERENCES trip_distance_dim (trip_distance_id),	
                                                   pickup_location_id INT REFERENCES pickup_location_dim (pickup_location_id),
                                                   dropoff_location_id INT REFERENCES dropoff_location_dim (dropoff_location_id),
                                                   rate_code_id INT REFERENCES rate_code_dim (rate_code_id),
                                                   payment_type_id INT REFERENCES payment_type_dim (payment_type_id)
                                                 )
              STAGE_FILE_FORMAT = (TYPE = 'PARQUET')
              COMMENT = 'create fact table', parameters: None
[2023-10-09T17:51:39.540+0000] {cursor.py:804} INFO - query: [CREATE OR REPLACE TABLE fact_table ( VendorID INT PRIMARY KEY, datetime_id INT R...]
[2023-10-09T17:51:39.825+0000] {cursor.py:817} INFO - query execution done
[2023-10-09T17:51:39.826+0000] {cursor.py:959} INFO - Number of results in first chunk: 1
[2023-10-09T17:51:39.826+0000] {sql.py:427} INFO - Rows affected: 1
[2023-10-09T17:51:39.827+0000] {snowflake.py:427} INFO - Rows affected: 1
[2023-10-09T17:51:39.828+0000] {snowflake.py:428} INFO - Snowflake query id: 01af898f-3202-08ce-0002-3f6a000285b2
[2023-10-09T17:51:39.828+0000] {cursor.py:804} INFO - query: [COMMIT]
[2023-10-09T17:51:39.889+0000] {cursor.py:817} INFO - query execution done
[2023-10-09T17:51:39.890+0000] {cursor.py:959} INFO - Number of results in first chunk: 1
[2023-10-09T17:51:39.890+0000] {connection.py:640} INFO - closed
[2023-10-09T17:51:39.916+0000] {connection.py:646} INFO - No async queries seem to be running, deleting session
[2023-10-09T17:51:39.974+0000] {taskinstance.py:1398} INFO - Marking task as SUCCESS. dag_id=Nyc_Yellow_Taxi, task_id=create_fact_table, execution_date=20231007T220000, start_date=20231009T175138, end_date=20231009T175139
[2023-10-09T17:51:40.011+0000] {local_task_job_runner.py:228} INFO - Task exited with return code 0
[2023-10-09T17:51:40.086+0000] {taskinstance.py:2776} INFO - 0 downstream tasks scheduled from follow-on schedule check
