[2023-10-09T17:44:00.069+0000] {taskinstance.py:1157} INFO - Dependencies all met for dep_context=non-requeueable deps ti=<TaskInstance: Nyc_Yellow_Taxi.copy_data_into_datetime_table scheduled__2023-10-06T22:00:00+00:00 [queued]>
[2023-10-09T17:44:00.104+0000] {taskinstance.py:1157} INFO - Dependencies all met for dep_context=requeueable deps ti=<TaskInstance: Nyc_Yellow_Taxi.copy_data_into_datetime_table scheduled__2023-10-06T22:00:00+00:00 [queued]>
[2023-10-09T17:44:00.105+0000] {taskinstance.py:1359} INFO - Starting attempt 1 of 1
[2023-10-09T17:44:00.153+0000] {taskinstance.py:1380} INFO - Executing <Task(SnowflakeOperator): copy_data_into_datetime_table> on 2023-10-06 22:00:00+00:00
[2023-10-09T17:44:00.172+0000] {standard_task_runner.py:57} INFO - Started process 282 to run task
[2023-10-09T17:44:00.202+0000] {standard_task_runner.py:84} INFO - Running: ['***', 'tasks', 'run', 'Nyc_Yellow_Taxi', 'copy_data_into_datetime_table', 'scheduled__2023-10-06T22:00:00+00:00', '--job-id', '3480', '--raw', '--subdir', 'DAGS_FOLDER/tlc_etl.py', '--cfg-path', '/tmp/tmpvb7u_km4']
[2023-10-09T17:44:00.215+0000] {standard_task_runner.py:85} INFO - Job 3480: Subtask copy_data_into_datetime_table
[2023-10-09T17:44:00.524+0000] {task_command.py:415} INFO - Running <TaskInstance: Nyc_Yellow_Taxi.copy_data_into_datetime_table scheduled__2023-10-06T22:00:00+00:00 [running]> on host c41f4f98c0da
[2023-10-09T17:44:00.935+0000] {taskinstance.py:1660} INFO - Exporting env vars: AIRFLOW_CTX_DAG_OWNER='***' AIRFLOW_CTX_DAG_ID='Nyc_Yellow_Taxi' AIRFLOW_CTX_TASK_ID='copy_data_into_datetime_table' AIRFLOW_CTX_EXECUTION_DATE='2023-10-06T22:00:00+00:00' AIRFLOW_CTX_TRY_NUMBER='1' AIRFLOW_CTX_DAG_RUN_ID='scheduled__2023-10-06T22:00:00+00:00'
[2023-10-09T17:44:00.937+0000] {sql.py:274} INFO - Executing: 
                       CREATE OR REPLACE PIPE datetime_dim_pipe
                       AUTO_INGEST = TRUE
                       COMMENT = 'Creates a datetime dimension pipe'
                       AS
                       COPY INTO AIRFLOW_NYC_TLC.Airflow_Yellow_Taxi.datetime_dim
                       FROM @***_tlc_aws_s3_stage/datetime_dim
                       FILE_FORMAT = (TYPE = 'PARQUET')
                       MATCH_BY_COLUMN_NAME = CASE_INSENSITIVE
                              
                       
[2023-10-09T17:44:00.973+0000] {base.py:73} INFO - Using connection ID 'snowflake_default' for task execution.
[2023-10-09T17:44:01.004+0000] {base.py:73} INFO - Using connection ID 'snowflake_default' for task execution.
[2023-10-09T17:44:01.005+0000] {connection.py:314} INFO - Snowflake Connector for Python Version: 3.1.1, Python Version: 3.8.18, Platform: Linux-5.10.102.1-microsoft-standard-WSL2-x86_64-with-glibc2.2.5
[2023-10-09T17:44:01.007+0000] {connection.py:1050} INFO - This connection is in OCSP Fail Open Mode. TLS Certificates would be checked for validity and revocation status. Any other Certificate Revocation related exceptions or OCSP Responder failures would be disregarded in favor of connectivity.
[2023-10-09T17:44:01.008+0000] {connection.py:1068} INFO - Setting use_openssl_only mode to False
[2023-10-09T17:44:01.920+0000] {cursor.py:804} INFO - query: [ALTER SESSION SET autocommit=False]
[2023-10-09T17:44:02.015+0000] {cursor.py:817} INFO - query execution done
[2023-10-09T17:44:02.016+0000] {cursor.py:959} INFO - Number of results in first chunk: 1
[2023-10-09T17:44:02.017+0000] {sql.py:418} INFO - Running statement: CREATE OR REPLACE PIPE datetime_dim_pipe
                       AUTO_INGEST = TRUE
                       COMMENT = 'Creates a datetime dimension pipe'
                       AS
                       COPY INTO AIRFLOW_NYC_TLC.Airflow_Yellow_Taxi.datetime_dim
                       FROM @***_tlc_aws_s3_stage/datetime_dim
                       FILE_FORMAT = (TYPE = 'PARQUET')
                       MATCH_BY_COLUMN_NAME = CASE_INSENSITIVE, parameters: None
[2023-10-09T17:44:02.018+0000] {cursor.py:804} INFO - query: [CREATE OR REPLACE PIPE datetime_dim_pipe AUTO_INGEST = TRUE COMMENT = 'Creates a...]
[2023-10-09T17:44:02.221+0000] {cursor.py:817} INFO - query execution done
[2023-10-09T17:44:02.222+0000] {cursor.py:959} INFO - Number of results in first chunk: 1
[2023-10-09T17:44:02.223+0000] {sql.py:427} INFO - Rows affected: 1
[2023-10-09T17:44:02.223+0000] {snowflake.py:427} INFO - Rows affected: 1
[2023-10-09T17:44:02.224+0000] {snowflake.py:428} INFO - Snowflake query id: 01af8988-3202-08ce-0002-3f6a0002856e
[2023-10-09T17:44:02.224+0000] {cursor.py:804} INFO - query: [COMMIT]
[2023-10-09T17:44:02.295+0000] {cursor.py:817} INFO - query execution done
[2023-10-09T17:44:02.296+0000] {cursor.py:959} INFO - Number of results in first chunk: 1
[2023-10-09T17:44:02.297+0000] {connection.py:640} INFO - closed
[2023-10-09T17:44:02.327+0000] {connection.py:646} INFO - No async queries seem to be running, deleting session
[2023-10-09T17:44:02.402+0000] {taskinstance.py:1398} INFO - Marking task as SUCCESS. dag_id=Nyc_Yellow_Taxi, task_id=copy_data_into_datetime_table, execution_date=20231006T220000, start_date=20231009T174400, end_date=20231009T174402
[2023-10-09T17:44:02.438+0000] {local_task_job_runner.py:228} INFO - Task exited with return code 0
[2023-10-09T17:44:02.506+0000] {taskinstance.py:2776} INFO - 0 downstream tasks scheduled from follow-on schedule check
