[2023-10-09T18:12:31.066+0000] {taskinstance.py:1157} INFO - Dependencies all met for dep_context=non-requeueable deps ti=<TaskInstance: Nyc_Yellow_Taxi.create_warehouse manual__2023-10-09T18:12:28.079337+00:00 [queued]>
[2023-10-09T18:12:31.075+0000] {taskinstance.py:1157} INFO - Dependencies all met for dep_context=requeueable deps ti=<TaskInstance: Nyc_Yellow_Taxi.create_warehouse manual__2023-10-09T18:12:28.079337+00:00 [queued]>
[2023-10-09T18:12:31.076+0000] {taskinstance.py:1359} INFO - Starting attempt 1 of 1
[2023-10-09T18:12:31.087+0000] {taskinstance.py:1380} INFO - Executing <Task(SnowflakeOperator): create_warehouse> on 2023-10-09 18:12:28.079337+00:00
[2023-10-09T18:12:31.093+0000] {standard_task_runner.py:57} INFO - Started process 1134 to run task
[2023-10-09T18:12:31.141+0000] {standard_task_runner.py:84} INFO - Running: ['***', 'tasks', 'run', 'Nyc_Yellow_Taxi', 'create_warehouse', 'manual__2023-10-09T18:12:28.079337+00:00', '--job-id', '3550', '--raw', '--subdir', 'DAGS_FOLDER/tlc_etl.py', '--cfg-path', '/tmp/tmp23qrf9q5']
[2023-10-09T18:12:31.237+0000] {standard_task_runner.py:85} INFO - Job 3550: Subtask create_warehouse
[2023-10-09T18:12:31.544+0000] {task_command.py:415} INFO - Running <TaskInstance: Nyc_Yellow_Taxi.create_warehouse manual__2023-10-09T18:12:28.079337+00:00 [running]> on host c41f4f98c0da
[2023-10-09T18:12:31.694+0000] {taskinstance.py:1660} INFO - Exporting env vars: AIRFLOW_CTX_DAG_OWNER='***' AIRFLOW_CTX_DAG_ID='Nyc_Yellow_Taxi' AIRFLOW_CTX_TASK_ID='create_warehouse' AIRFLOW_CTX_EXECUTION_DATE='2023-10-09T18:12:28.079337+00:00' AIRFLOW_CTX_TRY_NUMBER='1' AIRFLOW_CTX_DAG_RUN_ID='manual__2023-10-09T18:12:28.079337+00:00'
[2023-10-09T18:12:31.698+0000] {sql.py:274} INFO - Executing: 
                         CREATE WAREHOUSE IF NOT EXISTS AIRFLOW_TLC_WH
                         WITH
                         WAREHOUSE_TYPE = 'STANDARD'
                         WAREHOUSE_SIZE = 'X-SMALL'
                         INITIALLY_SUSPENDED = TRUE
                         SCALING_POLICY = 'STANDARD'
                         AUTO_SUSPEND = 600
                         COMMENT = 'creates a new virtual warehouse in the system'

                         
[2023-10-09T18:12:31.721+0000] {base.py:73} INFO - Using connection ID 'snowflake_default' for task execution.
[2023-10-09T18:12:31.748+0000] {base.py:73} INFO - Using connection ID 'snowflake_default' for task execution.
[2023-10-09T18:12:31.750+0000] {connection.py:314} INFO - Snowflake Connector for Python Version: 3.1.1, Python Version: 3.8.18, Platform: Linux-5.10.102.1-microsoft-standard-WSL2-x86_64-with-glibc2.2.5
[2023-10-09T18:12:31.752+0000] {connection.py:1050} INFO - This connection is in OCSP Fail Open Mode. TLS Certificates would be checked for validity and revocation status. Any other Certificate Revocation related exceptions or OCSP Responder failures would be disregarded in favor of connectivity.
[2023-10-09T18:12:31.753+0000] {connection.py:1068} INFO - Setting use_openssl_only mode to False
[2023-10-09T18:12:32.459+0000] {cursor.py:804} INFO - query: [ALTER SESSION SET autocommit=False]
[2023-10-09T18:12:32.532+0000] {cursor.py:817} INFO - query execution done
[2023-10-09T18:12:32.533+0000] {cursor.py:959} INFO - Number of results in first chunk: 1
[2023-10-09T18:12:32.533+0000] {sql.py:418} INFO - Running statement: CREATE WAREHOUSE IF NOT EXISTS AIRFLOW_TLC_WH
                         WITH
                         WAREHOUSE_TYPE = 'STANDARD'
                         WAREHOUSE_SIZE = 'X-SMALL'
                         INITIALLY_SUSPENDED = TRUE
                         SCALING_POLICY = 'STANDARD'
                         AUTO_SUSPEND = 600
                         COMMENT = 'creates a new virtual warehouse in the system', parameters: None
[2023-10-09T18:12:32.534+0000] {cursor.py:804} INFO - query: [CREATE WAREHOUSE IF NOT EXISTS AIRFLOW_TLC_WH WITH WAREHOUSE_TYPE = 'STANDARD' W...]
[2023-10-09T18:12:32.627+0000] {cursor.py:817} INFO - query execution done
[2023-10-09T18:12:32.628+0000] {cursor.py:959} INFO - Number of results in first chunk: 1
[2023-10-09T18:12:32.628+0000] {sql.py:427} INFO - Rows affected: 1
[2023-10-09T18:12:32.629+0000] {snowflake.py:427} INFO - Rows affected: 1
[2023-10-09T18:12:32.629+0000] {snowflake.py:428} INFO - Snowflake query id: 01af89a4-3202-08ce-0002-3f6a000287ba
[2023-10-09T18:12:32.630+0000] {cursor.py:804} INFO - query: [COMMIT]
[2023-10-09T18:12:32.701+0000] {cursor.py:817} INFO - query execution done
[2023-10-09T18:12:32.702+0000] {cursor.py:959} INFO - Number of results in first chunk: 1
[2023-10-09T18:12:32.702+0000] {connection.py:640} INFO - closed
[2023-10-09T18:12:32.731+0000] {connection.py:646} INFO - No async queries seem to be running, deleting session
[2023-10-09T18:12:32.798+0000] {taskinstance.py:1398} INFO - Marking task as SUCCESS. dag_id=Nyc_Yellow_Taxi, task_id=create_warehouse, execution_date=20231009T181228, start_date=20231009T181231, end_date=20231009T181232
[2023-10-09T18:12:32.839+0000] {local_task_job_runner.py:228} INFO - Task exited with return code 0
[2023-10-09T18:12:32.891+0000] {taskinstance.py:2776} INFO - 1 downstream tasks scheduled from follow-on schedule check
