[2023-09-24T21:23:47.704+0000] {processor.py:157} INFO - Started process (PID=51) to work on /opt/airflow/dags/tlc_etl.py
[2023-09-24T21:23:47.715+0000] {processor.py:829} INFO - Processing file /opt/airflow/dags/tlc_etl.py for tasks to queue
[2023-09-24T21:23:47.741+0000] {logging_mixin.py:151} INFO - [2023-09-24T21:23:47.740+0000] {dagbag.py:539} INFO - Filling up the DagBag from /opt/airflow/dags/tlc_etl.py
[2023-09-24T21:23:47.960+0000] {processor.py:839} INFO - DAG(s) dict_keys(['Nyc_Yellow_Taxi']) retrieved from /opt/airflow/dags/tlc_etl.py
[2023-09-24T21:23:48.619+0000] {logging_mixin.py:151} INFO - [2023-09-24T21:23:48.618+0000] {security.py:708} INFO - Not syncing DAG-level permissions for DAG 'DAG:Nyc_Yellow_Taxi' as access control is unset.
[2023-09-24T21:23:48.621+0000] {logging_mixin.py:151} INFO - [2023-09-24T21:23:48.620+0000] {dag.py:2915} INFO - Sync 1 DAGs
[2023-09-24T21:23:48.746+0000] {logging_mixin.py:151} INFO - [2023-09-24T21:23:48.746+0000] {dag.py:3696} INFO - Setting next_dagrun for Nyc_Yellow_Taxi to 2023-09-23T22:00:00+00:00, run_after=2023-09-24T22:00:00+00:00
[2023-09-24T21:23:48.859+0000] {processor.py:179} INFO - Processing /opt/airflow/dags/tlc_etl.py took 1.191 seconds
[2023-09-24T21:24:19.083+0000] {processor.py:157} INFO - Started process (PID=59) to work on /opt/airflow/dags/tlc_etl.py
[2023-09-24T21:24:19.085+0000] {processor.py:829} INFO - Processing file /opt/airflow/dags/tlc_etl.py for tasks to queue
[2023-09-24T21:24:19.088+0000] {logging_mixin.py:151} INFO - [2023-09-24T21:24:19.088+0000] {dagbag.py:539} INFO - Filling up the DagBag from /opt/airflow/dags/tlc_etl.py
[2023-09-24T21:24:19.180+0000] {processor.py:839} INFO - DAG(s) dict_keys(['Nyc_Yellow_Taxi']) retrieved from /opt/airflow/dags/tlc_etl.py
[2023-09-24T21:24:19.221+0000] {logging_mixin.py:151} INFO - [2023-09-24T21:24:19.220+0000] {dag.py:2915} INFO - Sync 1 DAGs
[2023-09-24T21:24:19.252+0000] {logging_mixin.py:151} INFO - [2023-09-24T21:24:19.252+0000] {dag.py:3696} INFO - Setting next_dagrun for Nyc_Yellow_Taxi to 2023-09-23T22:00:00+00:00, run_after=2023-09-24T22:00:00+00:00
[2023-09-24T21:24:19.278+0000] {processor.py:179} INFO - Processing /opt/airflow/dags/tlc_etl.py took 0.198 seconds
[2023-09-24T21:24:49.485+0000] {processor.py:157} INFO - Started process (PID=67) to work on /opt/airflow/dags/tlc_etl.py
[2023-09-24T21:24:49.486+0000] {processor.py:829} INFO - Processing file /opt/airflow/dags/tlc_etl.py for tasks to queue
[2023-09-24T21:24:49.489+0000] {logging_mixin.py:151} INFO - [2023-09-24T21:24:49.489+0000] {dagbag.py:539} INFO - Filling up the DagBag from /opt/airflow/dags/tlc_etl.py
[2023-09-24T21:24:49.567+0000] {processor.py:839} INFO - DAG(s) dict_keys(['Nyc_Yellow_Taxi']) retrieved from /opt/airflow/dags/tlc_etl.py
[2023-09-24T21:24:49.604+0000] {logging_mixin.py:151} INFO - [2023-09-24T21:24:49.604+0000] {dag.py:2915} INFO - Sync 1 DAGs
[2023-09-24T21:24:49.636+0000] {logging_mixin.py:151} INFO - [2023-09-24T21:24:49.636+0000] {dag.py:3696} INFO - Setting next_dagrun for Nyc_Yellow_Taxi to 2023-09-23T22:00:00+00:00, run_after=2023-09-24T22:00:00+00:00
[2023-09-24T21:24:49.658+0000] {processor.py:179} INFO - Processing /opt/airflow/dags/tlc_etl.py took 0.179 seconds
[2023-09-24T21:25:19.868+0000] {processor.py:157} INFO - Started process (PID=75) to work on /opt/airflow/dags/tlc_etl.py
[2023-09-24T21:25:19.869+0000] {processor.py:829} INFO - Processing file /opt/airflow/dags/tlc_etl.py for tasks to queue
[2023-09-24T21:25:19.872+0000] {logging_mixin.py:151} INFO - [2023-09-24T21:25:19.871+0000] {dagbag.py:539} INFO - Filling up the DagBag from /opt/airflow/dags/tlc_etl.py
[2023-09-24T21:25:19.943+0000] {processor.py:839} INFO - DAG(s) dict_keys(['Nyc_Yellow_Taxi']) retrieved from /opt/airflow/dags/tlc_etl.py
[2023-09-24T21:25:19.987+0000] {logging_mixin.py:151} INFO - [2023-09-24T21:25:19.987+0000] {dag.py:2915} INFO - Sync 1 DAGs
[2023-09-24T21:25:20.015+0000] {logging_mixin.py:151} INFO - [2023-09-24T21:25:20.015+0000] {dag.py:3696} INFO - Setting next_dagrun for Nyc_Yellow_Taxi to 2023-09-23T22:00:00+00:00, run_after=2023-09-24T22:00:00+00:00
[2023-09-24T21:25:20.049+0000] {processor.py:179} INFO - Processing /opt/airflow/dags/tlc_etl.py took 0.185 seconds
[2023-09-24T21:25:50.260+0000] {processor.py:157} INFO - Started process (PID=83) to work on /opt/airflow/dags/tlc_etl.py
[2023-09-24T21:25:50.261+0000] {processor.py:829} INFO - Processing file /opt/airflow/dags/tlc_etl.py for tasks to queue
[2023-09-24T21:25:50.264+0000] {logging_mixin.py:151} INFO - [2023-09-24T21:25:50.264+0000] {dagbag.py:539} INFO - Filling up the DagBag from /opt/airflow/dags/tlc_etl.py
[2023-09-24T21:25:50.383+0000] {processor.py:839} INFO - DAG(s) dict_keys(['Nyc_Yellow_Taxi']) retrieved from /opt/airflow/dags/tlc_etl.py
[2023-09-24T21:25:50.430+0000] {logging_mixin.py:151} INFO - [2023-09-24T21:25:50.429+0000] {dag.py:2915} INFO - Sync 1 DAGs
[2023-09-24T21:25:50.457+0000] {logging_mixin.py:151} INFO - [2023-09-24T21:25:50.457+0000] {dag.py:3696} INFO - Setting next_dagrun for Nyc_Yellow_Taxi to 2023-09-23T22:00:00+00:00, run_after=2023-09-24T22:00:00+00:00
[2023-09-24T21:25:50.481+0000] {processor.py:179} INFO - Processing /opt/airflow/dags/tlc_etl.py took 0.227 seconds
[2023-09-24T21:26:20.683+0000] {processor.py:157} INFO - Started process (PID=91) to work on /opt/airflow/dags/tlc_etl.py
[2023-09-24T21:26:20.685+0000] {processor.py:829} INFO - Processing file /opt/airflow/dags/tlc_etl.py for tasks to queue
[2023-09-24T21:26:20.689+0000] {logging_mixin.py:151} INFO - [2023-09-24T21:26:20.688+0000] {dagbag.py:539} INFO - Filling up the DagBag from /opt/airflow/dags/tlc_etl.py
[2023-09-24T21:26:20.755+0000] {processor.py:839} INFO - DAG(s) dict_keys(['Nyc_Yellow_Taxi']) retrieved from /opt/airflow/dags/tlc_etl.py
[2023-09-24T21:26:20.786+0000] {logging_mixin.py:151} INFO - [2023-09-24T21:26:20.786+0000] {dag.py:2915} INFO - Sync 1 DAGs
[2023-09-24T21:26:20.811+0000] {logging_mixin.py:151} INFO - [2023-09-24T21:26:20.811+0000] {dag.py:3696} INFO - Setting next_dagrun for Nyc_Yellow_Taxi to 2023-09-23T22:00:00+00:00, run_after=2023-09-24T22:00:00+00:00
[2023-09-24T21:26:20.830+0000] {processor.py:179} INFO - Processing /opt/airflow/dags/tlc_etl.py took 0.153 seconds
[2023-09-24T21:26:51.035+0000] {processor.py:157} INFO - Started process (PID=99) to work on /opt/airflow/dags/tlc_etl.py
[2023-09-24T21:26:51.036+0000] {processor.py:829} INFO - Processing file /opt/airflow/dags/tlc_etl.py for tasks to queue
[2023-09-24T21:26:51.040+0000] {logging_mixin.py:151} INFO - [2023-09-24T21:26:51.039+0000] {dagbag.py:539} INFO - Filling up the DagBag from /opt/airflow/dags/tlc_etl.py
[2023-09-24T21:26:51.121+0000] {processor.py:839} INFO - DAG(s) dict_keys(['Nyc_Yellow_Taxi']) retrieved from /opt/airflow/dags/tlc_etl.py
[2023-09-24T21:26:51.157+0000] {logging_mixin.py:151} INFO - [2023-09-24T21:26:51.157+0000] {dag.py:2915} INFO - Sync 1 DAGs
[2023-09-24T21:26:51.184+0000] {logging_mixin.py:151} INFO - [2023-09-24T21:26:51.183+0000] {dag.py:3696} INFO - Setting next_dagrun for Nyc_Yellow_Taxi to 2023-09-23T22:00:00+00:00, run_after=2023-09-24T22:00:00+00:00
[2023-09-24T21:26:51.207+0000] {processor.py:179} INFO - Processing /opt/airflow/dags/tlc_etl.py took 0.176 seconds
[2023-09-24T21:27:21.428+0000] {processor.py:157} INFO - Started process (PID=107) to work on /opt/airflow/dags/tlc_etl.py
[2023-09-24T21:27:21.429+0000] {processor.py:829} INFO - Processing file /opt/airflow/dags/tlc_etl.py for tasks to queue
[2023-09-24T21:27:21.431+0000] {logging_mixin.py:151} INFO - [2023-09-24T21:27:21.431+0000] {dagbag.py:539} INFO - Filling up the DagBag from /opt/airflow/dags/tlc_etl.py
[2023-09-24T21:27:21.505+0000] {processor.py:839} INFO - DAG(s) dict_keys(['Nyc_Yellow_Taxi']) retrieved from /opt/airflow/dags/tlc_etl.py
[2023-09-24T21:27:21.534+0000] {logging_mixin.py:151} INFO - [2023-09-24T21:27:21.534+0000] {dag.py:2915} INFO - Sync 1 DAGs
[2023-09-24T21:27:21.557+0000] {logging_mixin.py:151} INFO - [2023-09-24T21:27:21.557+0000] {dag.py:3696} INFO - Setting next_dagrun for Nyc_Yellow_Taxi to 2023-09-23T22:00:00+00:00, run_after=2023-09-24T22:00:00+00:00
[2023-09-24T21:27:21.585+0000] {processor.py:179} INFO - Processing /opt/airflow/dags/tlc_etl.py took 0.162 seconds
[2023-09-24T21:27:51.784+0000] {processor.py:157} INFO - Started process (PID=115) to work on /opt/airflow/dags/tlc_etl.py
[2023-09-24T21:27:51.786+0000] {processor.py:829} INFO - Processing file /opt/airflow/dags/tlc_etl.py for tasks to queue
[2023-09-24T21:27:51.788+0000] {logging_mixin.py:151} INFO - [2023-09-24T21:27:51.788+0000] {dagbag.py:539} INFO - Filling up the DagBag from /opt/airflow/dags/tlc_etl.py
[2023-09-24T21:27:51.849+0000] {processor.py:839} INFO - DAG(s) dict_keys(['Nyc_Yellow_Taxi']) retrieved from /opt/airflow/dags/tlc_etl.py
[2023-09-24T21:27:51.880+0000] {logging_mixin.py:151} INFO - [2023-09-24T21:27:51.880+0000] {dag.py:2915} INFO - Sync 1 DAGs
[2023-09-24T21:27:51.903+0000] {logging_mixin.py:151} INFO - [2023-09-24T21:27:51.903+0000] {dag.py:3696} INFO - Setting next_dagrun for Nyc_Yellow_Taxi to 2023-09-23T22:00:00+00:00, run_after=2023-09-24T22:00:00+00:00
[2023-09-24T21:27:51.923+0000] {processor.py:179} INFO - Processing /opt/airflow/dags/tlc_etl.py took 0.143 seconds
[2023-09-24T21:28:22.115+0000] {processor.py:157} INFO - Started process (PID=123) to work on /opt/airflow/dags/tlc_etl.py
[2023-09-24T21:28:22.116+0000] {processor.py:829} INFO - Processing file /opt/airflow/dags/tlc_etl.py for tasks to queue
[2023-09-24T21:28:22.119+0000] {logging_mixin.py:151} INFO - [2023-09-24T21:28:22.118+0000] {dagbag.py:539} INFO - Filling up the DagBag from /opt/airflow/dags/tlc_etl.py
[2023-09-24T21:28:22.184+0000] {processor.py:839} INFO - DAG(s) dict_keys(['Nyc_Yellow_Taxi']) retrieved from /opt/airflow/dags/tlc_etl.py
[2023-09-24T21:28:22.258+0000] {logging_mixin.py:151} INFO - [2023-09-24T21:28:22.258+0000] {dag.py:2915} INFO - Sync 1 DAGs
[2023-09-24T21:28:22.281+0000] {logging_mixin.py:151} INFO - [2023-09-24T21:28:22.281+0000] {dag.py:3696} INFO - Setting next_dagrun for Nyc_Yellow_Taxi to 2023-09-23T22:00:00+00:00, run_after=2023-09-24T22:00:00+00:00
[2023-09-24T21:28:22.299+0000] {processor.py:179} INFO - Processing /opt/airflow/dags/tlc_etl.py took 0.187 seconds
[2023-09-24T21:28:52.427+0000] {processor.py:157} INFO - Started process (PID=131) to work on /opt/airflow/dags/tlc_etl.py
[2023-09-24T21:28:52.428+0000] {processor.py:829} INFO - Processing file /opt/airflow/dags/tlc_etl.py for tasks to queue
[2023-09-24T21:28:52.430+0000] {logging_mixin.py:151} INFO - [2023-09-24T21:28:52.430+0000] {dagbag.py:539} INFO - Filling up the DagBag from /opt/airflow/dags/tlc_etl.py
[2023-09-24T21:28:52.484+0000] {processor.py:839} INFO - DAG(s) dict_keys(['Nyc_Yellow_Taxi']) retrieved from /opt/airflow/dags/tlc_etl.py
[2023-09-24T21:28:52.511+0000] {logging_mixin.py:151} INFO - [2023-09-24T21:28:52.511+0000] {dag.py:2915} INFO - Sync 1 DAGs
[2023-09-24T21:28:52.536+0000] {logging_mixin.py:151} INFO - [2023-09-24T21:28:52.536+0000] {dag.py:3696} INFO - Setting next_dagrun for Nyc_Yellow_Taxi to 2023-09-23T22:00:00+00:00, run_after=2023-09-24T22:00:00+00:00
[2023-09-24T21:28:52.568+0000] {processor.py:179} INFO - Processing /opt/airflow/dags/tlc_etl.py took 0.144 seconds
[2023-09-24T21:29:22.645+0000] {processor.py:157} INFO - Started process (PID=139) to work on /opt/airflow/dags/tlc_etl.py
[2023-09-24T21:29:22.646+0000] {processor.py:829} INFO - Processing file /opt/airflow/dags/tlc_etl.py for tasks to queue
[2023-09-24T21:29:22.648+0000] {logging_mixin.py:151} INFO - [2023-09-24T21:29:22.648+0000] {dagbag.py:539} INFO - Filling up the DagBag from /opt/airflow/dags/tlc_etl.py
[2023-09-24T21:29:22.721+0000] {processor.py:839} INFO - DAG(s) dict_keys(['Nyc_Yellow_Taxi']) retrieved from /opt/airflow/dags/tlc_etl.py
[2023-09-24T21:29:22.749+0000] {logging_mixin.py:151} INFO - [2023-09-24T21:29:22.749+0000] {dag.py:2915} INFO - Sync 1 DAGs
[2023-09-24T21:29:22.773+0000] {logging_mixin.py:151} INFO - [2023-09-24T21:29:22.773+0000] {dag.py:3696} INFO - Setting next_dagrun for Nyc_Yellow_Taxi to 2023-09-23T22:00:00+00:00, run_after=2023-09-24T22:00:00+00:00
[2023-09-24T21:29:22.801+0000] {processor.py:179} INFO - Processing /opt/airflow/dags/tlc_etl.py took 0.159 seconds
[2023-09-24T21:29:52.917+0000] {processor.py:157} INFO - Started process (PID=147) to work on /opt/airflow/dags/tlc_etl.py
[2023-09-24T21:29:52.918+0000] {processor.py:829} INFO - Processing file /opt/airflow/dags/tlc_etl.py for tasks to queue
[2023-09-24T21:29:52.920+0000] {logging_mixin.py:151} INFO - [2023-09-24T21:29:52.920+0000] {dagbag.py:539} INFO - Filling up the DagBag from /opt/airflow/dags/tlc_etl.py
[2023-09-24T21:29:52.990+0000] {processor.py:839} INFO - DAG(s) dict_keys(['Nyc_Yellow_Taxi']) retrieved from /opt/airflow/dags/tlc_etl.py
[2023-09-24T21:29:53.019+0000] {logging_mixin.py:151} INFO - [2023-09-24T21:29:53.019+0000] {dag.py:2915} INFO - Sync 1 DAGs
[2023-09-24T21:29:53.044+0000] {logging_mixin.py:151} INFO - [2023-09-24T21:29:53.043+0000] {dag.py:3696} INFO - Setting next_dagrun for Nyc_Yellow_Taxi to 2023-09-23T22:00:00+00:00, run_after=2023-09-24T22:00:00+00:00
[2023-09-24T21:29:53.072+0000] {processor.py:179} INFO - Processing /opt/airflow/dags/tlc_etl.py took 0.158 seconds
[2023-09-24T21:30:23.159+0000] {processor.py:157} INFO - Started process (PID=155) to work on /opt/airflow/dags/tlc_etl.py
[2023-09-24T21:30:23.160+0000] {processor.py:829} INFO - Processing file /opt/airflow/dags/tlc_etl.py for tasks to queue
[2023-09-24T21:30:23.163+0000] {logging_mixin.py:151} INFO - [2023-09-24T21:30:23.163+0000] {dagbag.py:539} INFO - Filling up the DagBag from /opt/airflow/dags/tlc_etl.py
[2023-09-24T21:30:23.253+0000] {processor.py:839} INFO - DAG(s) dict_keys(['Nyc_Yellow_Taxi']) retrieved from /opt/airflow/dags/tlc_etl.py
[2023-09-24T21:30:23.292+0000] {logging_mixin.py:151} INFO - [2023-09-24T21:30:23.291+0000] {dag.py:2915} INFO - Sync 1 DAGs
[2023-09-24T21:30:23.324+0000] {logging_mixin.py:151} INFO - [2023-09-24T21:30:23.324+0000] {dag.py:3696} INFO - Setting next_dagrun for Nyc_Yellow_Taxi to 2023-09-23T22:00:00+00:00, run_after=2023-09-24T22:00:00+00:00
[2023-09-24T21:30:23.372+0000] {processor.py:179} INFO - Processing /opt/airflow/dags/tlc_etl.py took 0.217 seconds
[2023-09-24T21:30:53.439+0000] {processor.py:157} INFO - Started process (PID=163) to work on /opt/airflow/dags/tlc_etl.py
[2023-09-24T21:30:53.440+0000] {processor.py:829} INFO - Processing file /opt/airflow/dags/tlc_etl.py for tasks to queue
[2023-09-24T21:30:53.442+0000] {logging_mixin.py:151} INFO - [2023-09-24T21:30:53.442+0000] {dagbag.py:539} INFO - Filling up the DagBag from /opt/airflow/dags/tlc_etl.py
[2023-09-24T21:30:53.521+0000] {processor.py:839} INFO - DAG(s) dict_keys(['Nyc_Yellow_Taxi']) retrieved from /opt/airflow/dags/tlc_etl.py
[2023-09-24T21:30:53.555+0000] {logging_mixin.py:151} INFO - [2023-09-24T21:30:53.554+0000] {dag.py:2915} INFO - Sync 1 DAGs
[2023-09-24T21:30:53.581+0000] {logging_mixin.py:151} INFO - [2023-09-24T21:30:53.581+0000] {dag.py:3696} INFO - Setting next_dagrun for Nyc_Yellow_Taxi to 2023-09-23T22:00:00+00:00, run_after=2023-09-24T22:00:00+00:00
[2023-09-24T21:30:53.602+0000] {processor.py:179} INFO - Processing /opt/airflow/dags/tlc_etl.py took 0.167 seconds
[2023-09-24T21:31:23.756+0000] {processor.py:157} INFO - Started process (PID=171) to work on /opt/airflow/dags/tlc_etl.py
[2023-09-24T21:31:23.758+0000] {processor.py:829} INFO - Processing file /opt/airflow/dags/tlc_etl.py for tasks to queue
[2023-09-24T21:31:23.762+0000] {logging_mixin.py:151} INFO - [2023-09-24T21:31:23.762+0000] {dagbag.py:539} INFO - Filling up the DagBag from /opt/airflow/dags/tlc_etl.py
[2023-09-24T21:31:23.847+0000] {processor.py:839} INFO - DAG(s) dict_keys(['Nyc_Yellow_Taxi']) retrieved from /opt/airflow/dags/tlc_etl.py
[2023-09-24T21:31:23.899+0000] {logging_mixin.py:151} INFO - [2023-09-24T21:31:23.898+0000] {dag.py:2915} INFO - Sync 1 DAGs
[2023-09-24T21:31:23.932+0000] {logging_mixin.py:151} INFO - [2023-09-24T21:31:23.931+0000] {dag.py:3696} INFO - Setting next_dagrun for Nyc_Yellow_Taxi to 2023-09-23T22:00:00+00:00, run_after=2023-09-24T22:00:00+00:00
[2023-09-24T21:31:23.953+0000] {processor.py:179} INFO - Processing /opt/airflow/dags/tlc_etl.py took 0.201 seconds
[2023-09-24T21:31:54.142+0000] {processor.py:157} INFO - Started process (PID=179) to work on /opt/airflow/dags/tlc_etl.py
[2023-09-24T21:31:54.143+0000] {processor.py:829} INFO - Processing file /opt/airflow/dags/tlc_etl.py for tasks to queue
[2023-09-24T21:31:54.146+0000] {logging_mixin.py:151} INFO - [2023-09-24T21:31:54.145+0000] {dagbag.py:539} INFO - Filling up the DagBag from /opt/airflow/dags/tlc_etl.py
[2023-09-24T21:31:54.212+0000] {processor.py:839} INFO - DAG(s) dict_keys(['Nyc_Yellow_Taxi']) retrieved from /opt/airflow/dags/tlc_etl.py
[2023-09-24T21:31:54.246+0000] {logging_mixin.py:151} INFO - [2023-09-24T21:31:54.245+0000] {dag.py:2915} INFO - Sync 1 DAGs
[2023-09-24T21:31:54.271+0000] {logging_mixin.py:151} INFO - [2023-09-24T21:31:54.270+0000] {dag.py:3696} INFO - Setting next_dagrun for Nyc_Yellow_Taxi to 2023-09-23T22:00:00+00:00, run_after=2023-09-24T22:00:00+00:00
[2023-09-24T21:31:54.290+0000] {processor.py:179} INFO - Processing /opt/airflow/dags/tlc_etl.py took 0.151 seconds
[2023-09-24T21:32:24.474+0000] {processor.py:157} INFO - Started process (PID=187) to work on /opt/airflow/dags/tlc_etl.py
[2023-09-24T21:32:24.476+0000] {processor.py:829} INFO - Processing file /opt/airflow/dags/tlc_etl.py for tasks to queue
[2023-09-24T21:32:24.478+0000] {logging_mixin.py:151} INFO - [2023-09-24T21:32:24.478+0000] {dagbag.py:539} INFO - Filling up the DagBag from /opt/airflow/dags/tlc_etl.py
[2023-09-24T21:32:24.547+0000] {processor.py:839} INFO - DAG(s) dict_keys(['Nyc_Yellow_Taxi']) retrieved from /opt/airflow/dags/tlc_etl.py
[2023-09-24T21:32:24.578+0000] {logging_mixin.py:151} INFO - [2023-09-24T21:32:24.577+0000] {dag.py:2915} INFO - Sync 1 DAGs
[2023-09-24T21:32:24.603+0000] {logging_mixin.py:151} INFO - [2023-09-24T21:32:24.602+0000] {dag.py:3696} INFO - Setting next_dagrun for Nyc_Yellow_Taxi to 2023-09-23T22:00:00+00:00, run_after=2023-09-24T22:00:00+00:00
[2023-09-24T21:32:24.623+0000] {processor.py:179} INFO - Processing /opt/airflow/dags/tlc_etl.py took 0.152 seconds
[2023-09-24T21:32:54.791+0000] {processor.py:157} INFO - Started process (PID=195) to work on /opt/airflow/dags/tlc_etl.py
[2023-09-24T21:32:54.792+0000] {processor.py:829} INFO - Processing file /opt/airflow/dags/tlc_etl.py for tasks to queue
[2023-09-24T21:32:54.795+0000] {logging_mixin.py:151} INFO - [2023-09-24T21:32:54.795+0000] {dagbag.py:539} INFO - Filling up the DagBag from /opt/airflow/dags/tlc_etl.py
[2023-09-24T21:32:54.862+0000] {processor.py:839} INFO - DAG(s) dict_keys(['Nyc_Yellow_Taxi']) retrieved from /opt/airflow/dags/tlc_etl.py
[2023-09-24T21:32:54.893+0000] {logging_mixin.py:151} INFO - [2023-09-24T21:32:54.892+0000] {dag.py:2915} INFO - Sync 1 DAGs
[2023-09-24T21:32:54.919+0000] {logging_mixin.py:151} INFO - [2023-09-24T21:32:54.918+0000] {dag.py:3696} INFO - Setting next_dagrun for Nyc_Yellow_Taxi to 2023-09-23T22:00:00+00:00, run_after=2023-09-24T22:00:00+00:00
[2023-09-24T21:32:54.938+0000] {processor.py:179} INFO - Processing /opt/airflow/dags/tlc_etl.py took 0.151 seconds
[2023-09-24T21:33:25.129+0000] {processor.py:157} INFO - Started process (PID=203) to work on /opt/airflow/dags/tlc_etl.py
[2023-09-24T21:33:25.130+0000] {processor.py:829} INFO - Processing file /opt/airflow/dags/tlc_etl.py for tasks to queue
[2023-09-24T21:33:25.133+0000] {logging_mixin.py:151} INFO - [2023-09-24T21:33:25.133+0000] {dagbag.py:539} INFO - Filling up the DagBag from /opt/airflow/dags/tlc_etl.py
[2023-09-24T21:33:25.192+0000] {processor.py:839} INFO - DAG(s) dict_keys(['Nyc_Yellow_Taxi']) retrieved from /opt/airflow/dags/tlc_etl.py
[2023-09-24T21:33:25.226+0000] {logging_mixin.py:151} INFO - [2023-09-24T21:33:25.225+0000] {dag.py:2915} INFO - Sync 1 DAGs
[2023-09-24T21:33:25.249+0000] {logging_mixin.py:151} INFO - [2023-09-24T21:33:25.249+0000] {dag.py:3696} INFO - Setting next_dagrun for Nyc_Yellow_Taxi to 2023-09-23T22:00:00+00:00, run_after=2023-09-24T22:00:00+00:00
[2023-09-24T21:33:25.276+0000] {processor.py:179} INFO - Processing /opt/airflow/dags/tlc_etl.py took 0.150 seconds
[2023-09-24T21:33:55.431+0000] {processor.py:157} INFO - Started process (PID=211) to work on /opt/airflow/dags/tlc_etl.py
[2023-09-24T21:33:55.432+0000] {processor.py:829} INFO - Processing file /opt/airflow/dags/tlc_etl.py for tasks to queue
[2023-09-24T21:33:55.434+0000] {logging_mixin.py:151} INFO - [2023-09-24T21:33:55.434+0000] {dagbag.py:539} INFO - Filling up the DagBag from /opt/airflow/dags/tlc_etl.py
[2023-09-24T21:33:55.503+0000] {processor.py:839} INFO - DAG(s) dict_keys(['Nyc_Yellow_Taxi']) retrieved from /opt/airflow/dags/tlc_etl.py
[2023-09-24T21:33:55.530+0000] {logging_mixin.py:151} INFO - [2023-09-24T21:33:55.529+0000] {dag.py:2915} INFO - Sync 1 DAGs
[2023-09-24T21:33:55.564+0000] {logging_mixin.py:151} INFO - [2023-09-24T21:33:55.563+0000] {dag.py:3696} INFO - Setting next_dagrun for Nyc_Yellow_Taxi to 2023-09-23T22:00:00+00:00, run_after=2023-09-24T22:00:00+00:00
[2023-09-24T21:33:55.595+0000] {processor.py:179} INFO - Processing /opt/airflow/dags/tlc_etl.py took 0.167 seconds
[2023-09-24T21:34:25.797+0000] {processor.py:157} INFO - Started process (PID=219) to work on /opt/airflow/dags/tlc_etl.py
[2023-09-24T21:34:25.799+0000] {processor.py:829} INFO - Processing file /opt/airflow/dags/tlc_etl.py for tasks to queue
[2023-09-24T21:34:25.801+0000] {logging_mixin.py:151} INFO - [2023-09-24T21:34:25.801+0000] {dagbag.py:539} INFO - Filling up the DagBag from /opt/airflow/dags/tlc_etl.py
[2023-09-24T21:34:25.853+0000] {processor.py:839} INFO - DAG(s) dict_keys(['Nyc_Yellow_Taxi']) retrieved from /opt/airflow/dags/tlc_etl.py
[2023-09-24T21:34:25.884+0000] {logging_mixin.py:151} INFO - [2023-09-24T21:34:25.884+0000] {dag.py:2915} INFO - Sync 1 DAGs
[2023-09-24T21:34:25.911+0000] {logging_mixin.py:151} INFO - [2023-09-24T21:34:25.911+0000] {dag.py:3696} INFO - Setting next_dagrun for Nyc_Yellow_Taxi to 2023-09-23T22:00:00+00:00, run_after=2023-09-24T22:00:00+00:00
[2023-09-24T21:34:25.931+0000] {processor.py:179} INFO - Processing /opt/airflow/dags/tlc_etl.py took 0.137 seconds
[2023-09-24T21:34:55.990+0000] {processor.py:157} INFO - Started process (PID=227) to work on /opt/airflow/dags/tlc_etl.py
[2023-09-24T21:34:55.992+0000] {processor.py:829} INFO - Processing file /opt/airflow/dags/tlc_etl.py for tasks to queue
[2023-09-24T21:34:55.995+0000] {logging_mixin.py:151} INFO - [2023-09-24T21:34:55.995+0000] {dagbag.py:539} INFO - Filling up the DagBag from /opt/airflow/dags/tlc_etl.py
[2023-09-24T21:34:56.074+0000] {processor.py:839} INFO - DAG(s) dict_keys(['Nyc_Yellow_Taxi']) retrieved from /opt/airflow/dags/tlc_etl.py
[2023-09-24T21:34:56.155+0000] {logging_mixin.py:151} INFO - [2023-09-24T21:34:56.155+0000] {dag.py:2915} INFO - Sync 1 DAGs
[2023-09-24T21:34:56.191+0000] {logging_mixin.py:151} INFO - [2023-09-24T21:34:56.191+0000] {dag.py:3696} INFO - Setting next_dagrun for Nyc_Yellow_Taxi to 2023-09-23T22:00:00+00:00, run_after=2023-09-24T22:00:00+00:00
[2023-09-24T21:34:56.222+0000] {processor.py:179} INFO - Processing /opt/airflow/dags/tlc_etl.py took 0.237 seconds
[2023-09-24T21:35:26.300+0000] {processor.py:157} INFO - Started process (PID=235) to work on /opt/airflow/dags/tlc_etl.py
[2023-09-24T21:35:26.302+0000] {processor.py:829} INFO - Processing file /opt/airflow/dags/tlc_etl.py for tasks to queue
[2023-09-24T21:35:26.309+0000] {logging_mixin.py:151} INFO - [2023-09-24T21:35:26.308+0000] {dagbag.py:539} INFO - Filling up the DagBag from /opt/airflow/dags/tlc_etl.py
[2023-09-24T21:35:26.410+0000] {processor.py:839} INFO - DAG(s) dict_keys(['Nyc_Yellow_Taxi']) retrieved from /opt/airflow/dags/tlc_etl.py
[2023-09-24T21:35:26.458+0000] {logging_mixin.py:151} INFO - [2023-09-24T21:35:26.457+0000] {dag.py:2915} INFO - Sync 1 DAGs
[2023-09-24T21:35:26.491+0000] {logging_mixin.py:151} INFO - [2023-09-24T21:35:26.491+0000] {dag.py:3696} INFO - Setting next_dagrun for Nyc_Yellow_Taxi to 2023-09-23T22:00:00+00:00, run_after=2023-09-24T22:00:00+00:00
[2023-09-24T21:35:26.514+0000] {processor.py:179} INFO - Processing /opt/airflow/dags/tlc_etl.py took 0.225 seconds
[2023-09-24T21:35:56.589+0000] {processor.py:157} INFO - Started process (PID=243) to work on /opt/airflow/dags/tlc_etl.py
[2023-09-24T21:35:56.591+0000] {processor.py:829} INFO - Processing file /opt/airflow/dags/tlc_etl.py for tasks to queue
[2023-09-24T21:35:56.593+0000] {logging_mixin.py:151} INFO - [2023-09-24T21:35:56.593+0000] {dagbag.py:539} INFO - Filling up the DagBag from /opt/airflow/dags/tlc_etl.py
[2023-09-24T21:35:56.665+0000] {processor.py:839} INFO - DAG(s) dict_keys(['Nyc_Yellow_Taxi']) retrieved from /opt/airflow/dags/tlc_etl.py
[2023-09-24T21:35:56.699+0000] {logging_mixin.py:151} INFO - [2023-09-24T21:35:56.698+0000] {dag.py:2915} INFO - Sync 1 DAGs
[2023-09-24T21:35:56.724+0000] {logging_mixin.py:151} INFO - [2023-09-24T21:35:56.724+0000] {dag.py:3696} INFO - Setting next_dagrun for Nyc_Yellow_Taxi to 2023-09-23T22:00:00+00:00, run_after=2023-09-24T22:00:00+00:00
[2023-09-24T21:35:56.759+0000] {processor.py:179} INFO - Processing /opt/airflow/dags/tlc_etl.py took 0.173 seconds
[2023-09-24T21:36:26.864+0000] {processor.py:157} INFO - Started process (PID=251) to work on /opt/airflow/dags/tlc_etl.py
[2023-09-24T21:36:26.865+0000] {processor.py:829} INFO - Processing file /opt/airflow/dags/tlc_etl.py for tasks to queue
[2023-09-24T21:36:26.869+0000] {logging_mixin.py:151} INFO - [2023-09-24T21:36:26.869+0000] {dagbag.py:539} INFO - Filling up the DagBag from /opt/airflow/dags/tlc_etl.py
[2023-09-24T21:36:26.926+0000] {processor.py:839} INFO - DAG(s) dict_keys(['Nyc_Yellow_Taxi']) retrieved from /opt/airflow/dags/tlc_etl.py
[2023-09-24T21:36:26.958+0000] {logging_mixin.py:151} INFO - [2023-09-24T21:36:26.957+0000] {dag.py:2915} INFO - Sync 1 DAGs
[2023-09-24T21:36:26.982+0000] {logging_mixin.py:151} INFO - [2023-09-24T21:36:26.982+0000] {dag.py:3696} INFO - Setting next_dagrun for Nyc_Yellow_Taxi to 2023-09-23T22:00:00+00:00, run_after=2023-09-24T22:00:00+00:00
[2023-09-24T21:36:27.013+0000] {processor.py:179} INFO - Processing /opt/airflow/dags/tlc_etl.py took 0.152 seconds
[2023-09-24T21:36:57.120+0000] {processor.py:157} INFO - Started process (PID=259) to work on /opt/airflow/dags/tlc_etl.py
[2023-09-24T21:36:57.121+0000] {processor.py:829} INFO - Processing file /opt/airflow/dags/tlc_etl.py for tasks to queue
[2023-09-24T21:36:57.124+0000] {logging_mixin.py:151} INFO - [2023-09-24T21:36:57.124+0000] {dagbag.py:539} INFO - Filling up the DagBag from /opt/airflow/dags/tlc_etl.py
[2023-09-24T21:36:57.192+0000] {processor.py:839} INFO - DAG(s) dict_keys(['Nyc_Yellow_Taxi']) retrieved from /opt/airflow/dags/tlc_etl.py
[2023-09-24T21:36:57.221+0000] {logging_mixin.py:151} INFO - [2023-09-24T21:36:57.220+0000] {dag.py:2915} INFO - Sync 1 DAGs
[2023-09-24T21:36:57.245+0000] {logging_mixin.py:151} INFO - [2023-09-24T21:36:57.245+0000] {dag.py:3696} INFO - Setting next_dagrun for Nyc_Yellow_Taxi to 2023-09-23T22:00:00+00:00, run_after=2023-09-24T22:00:00+00:00
[2023-09-24T21:36:57.273+0000] {processor.py:179} INFO - Processing /opt/airflow/dags/tlc_etl.py took 0.158 seconds
[2023-09-24T21:37:27.371+0000] {processor.py:157} INFO - Started process (PID=267) to work on /opt/airflow/dags/tlc_etl.py
[2023-09-24T21:37:27.373+0000] {processor.py:829} INFO - Processing file /opt/airflow/dags/tlc_etl.py for tasks to queue
[2023-09-24T21:37:27.376+0000] {logging_mixin.py:151} INFO - [2023-09-24T21:37:27.376+0000] {dagbag.py:539} INFO - Filling up the DagBag from /opt/airflow/dags/tlc_etl.py
[2023-09-24T21:37:27.439+0000] {processor.py:839} INFO - DAG(s) dict_keys(['Nyc_Yellow_Taxi']) retrieved from /opt/airflow/dags/tlc_etl.py
[2023-09-24T21:37:27.471+0000] {logging_mixin.py:151} INFO - [2023-09-24T21:37:27.470+0000] {dag.py:2915} INFO - Sync 1 DAGs
[2023-09-24T21:37:27.497+0000] {logging_mixin.py:151} INFO - [2023-09-24T21:37:27.497+0000] {dag.py:3696} INFO - Setting next_dagrun for Nyc_Yellow_Taxi to 2023-09-23T22:00:00+00:00, run_after=2023-09-24T22:00:00+00:00
[2023-09-24T21:37:27.519+0000] {processor.py:179} INFO - Processing /opt/airflow/dags/tlc_etl.py took 0.153 seconds
[2023-09-24T21:37:57.646+0000] {processor.py:157} INFO - Started process (PID=275) to work on /opt/airflow/dags/tlc_etl.py
[2023-09-24T21:37:57.647+0000] {processor.py:829} INFO - Processing file /opt/airflow/dags/tlc_etl.py for tasks to queue
[2023-09-24T21:37:57.652+0000] {logging_mixin.py:151} INFO - [2023-09-24T21:37:57.651+0000] {dagbag.py:539} INFO - Filling up the DagBag from /opt/airflow/dags/tlc_etl.py
[2023-09-24T21:37:57.742+0000] {processor.py:839} INFO - DAG(s) dict_keys(['Nyc_Yellow_Taxi']) retrieved from /opt/airflow/dags/tlc_etl.py
[2023-09-24T21:37:57.791+0000] {logging_mixin.py:151} INFO - [2023-09-24T21:37:57.790+0000] {dag.py:2915} INFO - Sync 1 DAGs
[2023-09-24T21:37:57.840+0000] {logging_mixin.py:151} INFO - [2023-09-24T21:37:57.839+0000] {dag.py:3696} INFO - Setting next_dagrun for Nyc_Yellow_Taxi to 2023-09-23T22:00:00+00:00, run_after=2023-09-24T22:00:00+00:00
[2023-09-24T21:37:57.867+0000] {processor.py:179} INFO - Processing /opt/airflow/dags/tlc_etl.py took 0.227 seconds
[2023-09-24T21:38:28.075+0000] {processor.py:157} INFO - Started process (PID=283) to work on /opt/airflow/dags/tlc_etl.py
[2023-09-24T21:38:28.076+0000] {processor.py:829} INFO - Processing file /opt/airflow/dags/tlc_etl.py for tasks to queue
[2023-09-24T21:38:28.078+0000] {logging_mixin.py:151} INFO - [2023-09-24T21:38:28.078+0000] {dagbag.py:539} INFO - Filling up the DagBag from /opt/airflow/dags/tlc_etl.py
[2023-09-24T21:38:28.146+0000] {processor.py:839} INFO - DAG(s) dict_keys(['Nyc_Yellow_Taxi']) retrieved from /opt/airflow/dags/tlc_etl.py
[2023-09-24T21:38:28.177+0000] {logging_mixin.py:151} INFO - [2023-09-24T21:38:28.176+0000] {dag.py:2915} INFO - Sync 1 DAGs
[2023-09-24T21:38:28.200+0000] {logging_mixin.py:151} INFO - [2023-09-24T21:38:28.200+0000] {dag.py:3696} INFO - Setting next_dagrun for Nyc_Yellow_Taxi to 2023-09-23T22:00:00+00:00, run_after=2023-09-24T22:00:00+00:00
[2023-09-24T21:38:28.227+0000] {processor.py:179} INFO - Processing /opt/airflow/dags/tlc_etl.py took 0.156 seconds
[2023-09-24T21:38:58.534+0000] {processor.py:157} INFO - Started process (PID=291) to work on /opt/airflow/dags/tlc_etl.py
[2023-09-24T21:38:58.535+0000] {processor.py:829} INFO - Processing file /opt/airflow/dags/tlc_etl.py for tasks to queue
[2023-09-24T21:38:58.537+0000] {logging_mixin.py:151} INFO - [2023-09-24T21:38:58.537+0000] {dagbag.py:539} INFO - Filling up the DagBag from /opt/airflow/dags/tlc_etl.py
[2023-09-24T21:38:58.602+0000] {processor.py:839} INFO - DAG(s) dict_keys(['Nyc_Yellow_Taxi']) retrieved from /opt/airflow/dags/tlc_etl.py
[2023-09-24T21:38:58.633+0000] {logging_mixin.py:151} INFO - [2023-09-24T21:38:58.632+0000] {dag.py:2915} INFO - Sync 1 DAGs
[2023-09-24T21:38:58.660+0000] {logging_mixin.py:151} INFO - [2023-09-24T21:38:58.660+0000] {dag.py:3696} INFO - Setting next_dagrun for Nyc_Yellow_Taxi to 2023-09-23T22:00:00+00:00, run_after=2023-09-24T22:00:00+00:00
[2023-09-24T21:38:58.689+0000] {processor.py:179} INFO - Processing /opt/airflow/dags/tlc_etl.py took 0.159 seconds
[2023-09-24T21:39:28.806+0000] {processor.py:157} INFO - Started process (PID=299) to work on /opt/airflow/dags/tlc_etl.py
[2023-09-24T21:39:28.809+0000] {processor.py:829} INFO - Processing file /opt/airflow/dags/tlc_etl.py for tasks to queue
[2023-09-24T21:39:28.814+0000] {logging_mixin.py:151} INFO - [2023-09-24T21:39:28.814+0000] {dagbag.py:539} INFO - Filling up the DagBag from /opt/airflow/dags/tlc_etl.py
[2023-09-24T21:39:28.940+0000] {processor.py:839} INFO - DAG(s) dict_keys(['Nyc_Yellow_Taxi']) retrieved from /opt/airflow/dags/tlc_etl.py
[2023-09-24T21:39:29.016+0000] {logging_mixin.py:151} INFO - [2023-09-24T21:39:29.016+0000] {dag.py:2915} INFO - Sync 1 DAGs
[2023-09-24T21:39:29.089+0000] {logging_mixin.py:151} INFO - [2023-09-24T21:39:29.088+0000] {dag.py:3696} INFO - Setting next_dagrun for Nyc_Yellow_Taxi to 2023-09-23T22:00:00+00:00, run_after=2023-09-24T22:00:00+00:00
[2023-09-24T21:39:29.146+0000] {processor.py:179} INFO - Processing /opt/airflow/dags/tlc_etl.py took 0.350 seconds
[2023-09-24T21:39:59.404+0000] {processor.py:157} INFO - Started process (PID=307) to work on /opt/airflow/dags/tlc_etl.py
[2023-09-24T21:39:59.406+0000] {processor.py:829} INFO - Processing file /opt/airflow/dags/tlc_etl.py for tasks to queue
[2023-09-24T21:39:59.409+0000] {logging_mixin.py:151} INFO - [2023-09-24T21:39:59.409+0000] {dagbag.py:539} INFO - Filling up the DagBag from /opt/airflow/dags/tlc_etl.py
[2023-09-24T21:39:59.495+0000] {processor.py:839} INFO - DAG(s) dict_keys(['Nyc_Yellow_Taxi']) retrieved from /opt/airflow/dags/tlc_etl.py
[2023-09-24T21:39:59.533+0000] {logging_mixin.py:151} INFO - [2023-09-24T21:39:59.532+0000] {dag.py:2915} INFO - Sync 1 DAGs
[2023-09-24T21:39:59.563+0000] {logging_mixin.py:151} INFO - [2023-09-24T21:39:59.563+0000] {dag.py:3696} INFO - Setting next_dagrun for Nyc_Yellow_Taxi to 2023-09-23T22:00:00+00:00, run_after=2023-09-24T22:00:00+00:00
[2023-09-24T21:39:59.588+0000] {processor.py:179} INFO - Processing /opt/airflow/dags/tlc_etl.py took 0.188 seconds
[2023-09-24T21:40:29.866+0000] {processor.py:157} INFO - Started process (PID=315) to work on /opt/airflow/dags/tlc_etl.py
[2023-09-24T21:40:29.868+0000] {processor.py:829} INFO - Processing file /opt/airflow/dags/tlc_etl.py for tasks to queue
[2023-09-24T21:40:29.881+0000] {logging_mixin.py:151} INFO - [2023-09-24T21:40:29.880+0000] {dagbag.py:539} INFO - Filling up the DagBag from /opt/airflow/dags/tlc_etl.py
[2023-09-24T21:40:30.000+0000] {processor.py:839} INFO - DAG(s) dict_keys(['Nyc_Yellow_Taxi']) retrieved from /opt/airflow/dags/tlc_etl.py
[2023-09-24T21:40:30.071+0000] {logging_mixin.py:151} INFO - [2023-09-24T21:40:30.070+0000] {dag.py:2915} INFO - Sync 1 DAGs
[2023-09-24T21:40:30.116+0000] {logging_mixin.py:151} INFO - [2023-09-24T21:40:30.115+0000] {dag.py:3696} INFO - Setting next_dagrun for Nyc_Yellow_Taxi to 2023-09-23T22:00:00+00:00, run_after=2023-09-24T22:00:00+00:00
[2023-09-24T21:40:30.157+0000] {processor.py:179} INFO - Processing /opt/airflow/dags/tlc_etl.py took 0.305 seconds
[2023-09-24T21:41:00.375+0000] {processor.py:157} INFO - Started process (PID=323) to work on /opt/airflow/dags/tlc_etl.py
[2023-09-24T21:41:00.377+0000] {processor.py:829} INFO - Processing file /opt/airflow/dags/tlc_etl.py for tasks to queue
[2023-09-24T21:41:00.382+0000] {logging_mixin.py:151} INFO - [2023-09-24T21:41:00.381+0000] {dagbag.py:539} INFO - Filling up the DagBag from /opt/airflow/dags/tlc_etl.py
[2023-09-24T21:41:00.458+0000] {processor.py:839} INFO - DAG(s) dict_keys(['Nyc_Yellow_Taxi']) retrieved from /opt/airflow/dags/tlc_etl.py
[2023-09-24T21:41:00.513+0000] {logging_mixin.py:151} INFO - [2023-09-24T21:41:00.512+0000] {dag.py:2915} INFO - Sync 1 DAGs
[2023-09-24T21:41:00.540+0000] {logging_mixin.py:151} INFO - [2023-09-24T21:41:00.540+0000] {dag.py:3696} INFO - Setting next_dagrun for Nyc_Yellow_Taxi to 2023-09-23T22:00:00+00:00, run_after=2023-09-24T22:00:00+00:00
[2023-09-24T21:41:00.566+0000] {processor.py:179} INFO - Processing /opt/airflow/dags/tlc_etl.py took 0.199 seconds
[2023-09-24T21:41:30.776+0000] {processor.py:157} INFO - Started process (PID=331) to work on /opt/airflow/dags/tlc_etl.py
[2023-09-24T21:41:30.777+0000] {processor.py:829} INFO - Processing file /opt/airflow/dags/tlc_etl.py for tasks to queue
[2023-09-24T21:41:30.779+0000] {logging_mixin.py:151} INFO - [2023-09-24T21:41:30.779+0000] {dagbag.py:539} INFO - Filling up the DagBag from /opt/airflow/dags/tlc_etl.py
[2023-09-24T21:41:30.857+0000] {processor.py:839} INFO - DAG(s) dict_keys(['Nyc_Yellow_Taxi']) retrieved from /opt/airflow/dags/tlc_etl.py
[2023-09-24T21:41:30.897+0000] {logging_mixin.py:151} INFO - [2023-09-24T21:41:30.897+0000] {dag.py:2915} INFO - Sync 1 DAGs
[2023-09-24T21:41:30.947+0000] {logging_mixin.py:151} INFO - [2023-09-24T21:41:30.946+0000] {dag.py:3696} INFO - Setting next_dagrun for Nyc_Yellow_Taxi to 2023-09-23T22:00:00+00:00, run_after=2023-09-24T22:00:00+00:00
[2023-09-24T21:41:30.998+0000] {processor.py:179} INFO - Processing /opt/airflow/dags/tlc_etl.py took 0.225 seconds
[2023-09-24T21:42:01.196+0000] {processor.py:157} INFO - Started process (PID=339) to work on /opt/airflow/dags/tlc_etl.py
[2023-09-24T21:42:01.197+0000] {processor.py:829} INFO - Processing file /opt/airflow/dags/tlc_etl.py for tasks to queue
[2023-09-24T21:42:01.201+0000] {logging_mixin.py:151} INFO - [2023-09-24T21:42:01.200+0000] {dagbag.py:539} INFO - Filling up the DagBag from /opt/airflow/dags/tlc_etl.py
[2023-09-24T21:42:01.283+0000] {processor.py:839} INFO - DAG(s) dict_keys(['Nyc_Yellow_Taxi']) retrieved from /opt/airflow/dags/tlc_etl.py
[2023-09-24T21:42:01.317+0000] {logging_mixin.py:151} INFO - [2023-09-24T21:42:01.316+0000] {dag.py:2915} INFO - Sync 1 DAGs
[2023-09-24T21:42:01.345+0000] {logging_mixin.py:151} INFO - [2023-09-24T21:42:01.345+0000] {dag.py:3696} INFO - Setting next_dagrun for Nyc_Yellow_Taxi to 2023-09-23T22:00:00+00:00, run_after=2023-09-24T22:00:00+00:00
[2023-09-24T21:42:01.366+0000] {processor.py:179} INFO - Processing /opt/airflow/dags/tlc_etl.py took 0.174 seconds
[2023-09-24T21:42:31.565+0000] {processor.py:157} INFO - Started process (PID=347) to work on /opt/airflow/dags/tlc_etl.py
[2023-09-24T21:42:31.566+0000] {processor.py:829} INFO - Processing file /opt/airflow/dags/tlc_etl.py for tasks to queue
[2023-09-24T21:42:31.568+0000] {logging_mixin.py:151} INFO - [2023-09-24T21:42:31.568+0000] {dagbag.py:539} INFO - Filling up the DagBag from /opt/airflow/dags/tlc_etl.py
[2023-09-24T21:42:31.629+0000] {processor.py:839} INFO - DAG(s) dict_keys(['Nyc_Yellow_Taxi']) retrieved from /opt/airflow/dags/tlc_etl.py
[2023-09-24T21:42:31.669+0000] {logging_mixin.py:151} INFO - [2023-09-24T21:42:31.668+0000] {dag.py:2915} INFO - Sync 1 DAGs
[2023-09-24T21:42:31.701+0000] {logging_mixin.py:151} INFO - [2023-09-24T21:42:31.700+0000] {dag.py:3696} INFO - Setting next_dagrun for Nyc_Yellow_Taxi to 2023-09-23T22:00:00+00:00, run_after=2023-09-24T22:00:00+00:00
[2023-09-24T21:42:31.721+0000] {processor.py:179} INFO - Processing /opt/airflow/dags/tlc_etl.py took 0.160 seconds
[2023-09-24T21:43:01.914+0000] {processor.py:157} INFO - Started process (PID=355) to work on /opt/airflow/dags/tlc_etl.py
[2023-09-24T21:43:01.915+0000] {processor.py:829} INFO - Processing file /opt/airflow/dags/tlc_etl.py for tasks to queue
[2023-09-24T21:43:01.918+0000] {logging_mixin.py:151} INFO - [2023-09-24T21:43:01.918+0000] {dagbag.py:539} INFO - Filling up the DagBag from /opt/airflow/dags/tlc_etl.py
[2023-09-24T21:43:01.986+0000] {processor.py:839} INFO - DAG(s) dict_keys(['Nyc_Yellow_Taxi']) retrieved from /opt/airflow/dags/tlc_etl.py
[2023-09-24T21:43:02.020+0000] {logging_mixin.py:151} INFO - [2023-09-24T21:43:02.020+0000] {dag.py:2915} INFO - Sync 1 DAGs
[2023-09-24T21:43:02.047+0000] {logging_mixin.py:151} INFO - [2023-09-24T21:43:02.047+0000] {dag.py:3696} INFO - Setting next_dagrun for Nyc_Yellow_Taxi to 2023-09-23T22:00:00+00:00, run_after=2023-09-24T22:00:00+00:00
[2023-09-24T21:43:02.082+0000] {processor.py:179} INFO - Processing /opt/airflow/dags/tlc_etl.py took 0.173 seconds
[2023-09-24T21:43:32.270+0000] {processor.py:157} INFO - Started process (PID=363) to work on /opt/airflow/dags/tlc_etl.py
[2023-09-24T21:43:32.271+0000] {processor.py:829} INFO - Processing file /opt/airflow/dags/tlc_etl.py for tasks to queue
[2023-09-24T21:43:32.273+0000] {logging_mixin.py:151} INFO - [2023-09-24T21:43:32.273+0000] {dagbag.py:539} INFO - Filling up the DagBag from /opt/airflow/dags/tlc_etl.py
[2023-09-24T21:43:32.352+0000] {processor.py:839} INFO - DAG(s) dict_keys(['Nyc_Yellow_Taxi']) retrieved from /opt/airflow/dags/tlc_etl.py
[2023-09-24T21:43:32.387+0000] {logging_mixin.py:151} INFO - [2023-09-24T21:43:32.386+0000] {dag.py:2915} INFO - Sync 1 DAGs
[2023-09-24T21:43:32.415+0000] {logging_mixin.py:151} INFO - [2023-09-24T21:43:32.415+0000] {dag.py:3696} INFO - Setting next_dagrun for Nyc_Yellow_Taxi to 2023-09-23T22:00:00+00:00, run_after=2023-09-24T22:00:00+00:00
[2023-09-24T21:43:32.445+0000] {processor.py:179} INFO - Processing /opt/airflow/dags/tlc_etl.py took 0.179 seconds
[2023-09-24T21:44:02.656+0000] {processor.py:157} INFO - Started process (PID=371) to work on /opt/airflow/dags/tlc_etl.py
[2023-09-24T21:44:02.657+0000] {processor.py:829} INFO - Processing file /opt/airflow/dags/tlc_etl.py for tasks to queue
[2023-09-24T21:44:02.659+0000] {logging_mixin.py:151} INFO - [2023-09-24T21:44:02.659+0000] {dagbag.py:539} INFO - Filling up the DagBag from /opt/airflow/dags/tlc_etl.py
[2023-09-24T21:44:02.730+0000] {processor.py:839} INFO - DAG(s) dict_keys(['Nyc_Yellow_Taxi']) retrieved from /opt/airflow/dags/tlc_etl.py
[2023-09-24T21:44:02.761+0000] {logging_mixin.py:151} INFO - [2023-09-24T21:44:02.760+0000] {dag.py:2915} INFO - Sync 1 DAGs
[2023-09-24T21:44:02.783+0000] {logging_mixin.py:151} INFO - [2023-09-24T21:44:02.783+0000] {dag.py:3696} INFO - Setting next_dagrun for Nyc_Yellow_Taxi to 2023-09-23T22:00:00+00:00, run_after=2023-09-24T22:00:00+00:00
[2023-09-24T21:44:02.810+0000] {processor.py:179} INFO - Processing /opt/airflow/dags/tlc_etl.py took 0.157 seconds
[2023-09-24T21:44:32.996+0000] {processor.py:157} INFO - Started process (PID=379) to work on /opt/airflow/dags/tlc_etl.py
[2023-09-24T21:44:32.997+0000] {processor.py:829} INFO - Processing file /opt/airflow/dags/tlc_etl.py for tasks to queue
[2023-09-24T21:44:32.999+0000] {logging_mixin.py:151} INFO - [2023-09-24T21:44:32.999+0000] {dagbag.py:539} INFO - Filling up the DagBag from /opt/airflow/dags/tlc_etl.py
[2023-09-24T21:44:33.061+0000] {processor.py:839} INFO - DAG(s) dict_keys(['Nyc_Yellow_Taxi']) retrieved from /opt/airflow/dags/tlc_etl.py
[2023-09-24T21:44:33.091+0000] {logging_mixin.py:151} INFO - [2023-09-24T21:44:33.090+0000] {dag.py:2915} INFO - Sync 1 DAGs
[2023-09-24T21:44:33.117+0000] {logging_mixin.py:151} INFO - [2023-09-24T21:44:33.117+0000] {dag.py:3696} INFO - Setting next_dagrun for Nyc_Yellow_Taxi to 2023-09-23T22:00:00+00:00, run_after=2023-09-24T22:00:00+00:00
[2023-09-24T21:44:33.145+0000] {processor.py:179} INFO - Processing /opt/airflow/dags/tlc_etl.py took 0.154 seconds
[2023-09-24T21:45:03.361+0000] {processor.py:157} INFO - Started process (PID=387) to work on /opt/airflow/dags/tlc_etl.py
[2023-09-24T21:45:03.362+0000] {processor.py:829} INFO - Processing file /opt/airflow/dags/tlc_etl.py for tasks to queue
[2023-09-24T21:45:03.365+0000] {logging_mixin.py:151} INFO - [2023-09-24T21:45:03.365+0000] {dagbag.py:539} INFO - Filling up the DagBag from /opt/airflow/dags/tlc_etl.py
[2023-09-24T21:45:03.439+0000] {processor.py:839} INFO - DAG(s) dict_keys(['Nyc_Yellow_Taxi']) retrieved from /opt/airflow/dags/tlc_etl.py
[2023-09-24T21:45:03.479+0000] {logging_mixin.py:151} INFO - [2023-09-24T21:45:03.478+0000] {dag.py:2915} INFO - Sync 1 DAGs
[2023-09-24T21:45:03.507+0000] {logging_mixin.py:151} INFO - [2023-09-24T21:45:03.506+0000] {dag.py:3696} INFO - Setting next_dagrun for Nyc_Yellow_Taxi to 2023-09-23T22:00:00+00:00, run_after=2023-09-24T22:00:00+00:00
[2023-09-24T21:45:03.527+0000] {processor.py:179} INFO - Processing /opt/airflow/dags/tlc_etl.py took 0.171 seconds
