[2023-10-09T17:53:10.721+0000] {taskinstance.py:1157} INFO - Dependencies all met for dep_context=non-requeueable deps ti=<TaskInstance: Nyc_Yellow_Taxi.copy_data_into_trip_distance_table manual__2023-10-09T17:51:30.888679+00:00 [queued]>
[2023-10-09T17:53:10.739+0000] {taskinstance.py:1157} INFO - Dependencies all met for dep_context=requeueable deps ti=<TaskInstance: Nyc_Yellow_Taxi.copy_data_into_trip_distance_table manual__2023-10-09T17:51:30.888679+00:00 [queued]>
[2023-10-09T17:53:10.740+0000] {taskinstance.py:1359} INFO - Starting attempt 2 of 2
[2023-10-09T17:53:10.762+0000] {taskinstance.py:1380} INFO - Executing <Task(SnowflakeOperator): copy_data_into_trip_distance_table> on 2023-10-09 17:51:30.888679+00:00
[2023-10-09T17:53:10.770+0000] {standard_task_runner.py:57} INFO - Started process 824 to run task
[2023-10-09T17:53:10.777+0000] {standard_task_runner.py:84} INFO - Running: ['***', 'tasks', 'run', 'Nyc_Yellow_Taxi', 'copy_data_into_trip_distance_table', 'manual__2023-10-09T17:51:30.888679+00:00', '--job-id', '3549', '--raw', '--subdir', 'DAGS_FOLDER/tlc_etl.py', '--cfg-path', '/tmp/tmpy9j1zw48']
[2023-10-09T17:53:10.784+0000] {standard_task_runner.py:85} INFO - Job 3549: Subtask copy_data_into_trip_distance_table
[2023-10-09T17:53:10.857+0000] {task_command.py:415} INFO - Running <TaskInstance: Nyc_Yellow_Taxi.copy_data_into_trip_distance_table manual__2023-10-09T17:51:30.888679+00:00 [running]> on host c41f4f98c0da
[2023-10-09T17:53:11.003+0000] {taskinstance.py:1660} INFO - Exporting env vars: AIRFLOW_CTX_DAG_OWNER='***' AIRFLOW_CTX_DAG_ID='Nyc_Yellow_Taxi' AIRFLOW_CTX_TASK_ID='copy_data_into_trip_distance_table' AIRFLOW_CTX_EXECUTION_DATE='2023-10-09T17:51:30.888679+00:00' AIRFLOW_CTX_TRY_NUMBER='2' AIRFLOW_CTX_DAG_RUN_ID='manual__2023-10-09T17:51:30.888679+00:00'
[2023-10-09T17:53:11.004+0000] {sql.py:274} INFO - Executing: 
                            CREATE OR REPLACE PIPE trip_distance_dim_pipe
                            AUTO_INGEST = TRUE
                            COMMENT = 'Creates a trip distance dimension pipe'
                            AS
                            COPY INTO AIRFLOW_NYC_TLC.Airflow_Yellow_Taxi.trip_distance_dim
                            FROM @***_tlc_aws_s3_stage/trip_distance_dim
                            FILE_FORMAT = (TYPE = 'PARQUET')
                            MATCH_BY_COLUMN_NAME = CASE_INSENSITIVE

                            
[2023-10-09T17:53:11.020+0000] {base.py:73} INFO - Using connection ID 'snowflake_default' for task execution.
[2023-10-09T17:53:11.034+0000] {base.py:73} INFO - Using connection ID 'snowflake_default' for task execution.
[2023-10-09T17:53:11.035+0000] {connection.py:314} INFO - Snowflake Connector for Python Version: 3.1.1, Python Version: 3.8.18, Platform: Linux-5.10.102.1-microsoft-standard-WSL2-x86_64-with-glibc2.2.5
[2023-10-09T17:53:11.036+0000] {connection.py:1050} INFO - This connection is in OCSP Fail Open Mode. TLS Certificates would be checked for validity and revocation status. Any other Certificate Revocation related exceptions or OCSP Responder failures would be disregarded in favor of connectivity.
[2023-10-09T17:53:11.037+0000] {connection.py:1068} INFO - Setting use_openssl_only mode to False
[2023-10-09T17:53:11.485+0000] {cursor.py:804} INFO - query: [ALTER SESSION SET autocommit=False]
[2023-10-09T17:53:11.558+0000] {cursor.py:817} INFO - query execution done
[2023-10-09T17:53:11.558+0000] {cursor.py:959} INFO - Number of results in first chunk: 1
[2023-10-09T17:53:11.559+0000] {sql.py:418} INFO - Running statement: CREATE OR REPLACE PIPE trip_distance_dim_pipe
                            AUTO_INGEST = TRUE
                            COMMENT = 'Creates a trip distance dimension pipe'
                            AS
                            COPY INTO AIRFLOW_NYC_TLC.Airflow_Yellow_Taxi.trip_distance_dim
                            FROM @***_tlc_aws_s3_stage/trip_distance_dim
                            FILE_FORMAT = (TYPE = 'PARQUET')
                            MATCH_BY_COLUMN_NAME = CASE_INSENSITIVE, parameters: None
[2023-10-09T17:53:11.560+0000] {cursor.py:804} INFO - query: [CREATE OR REPLACE PIPE trip_distance_dim_pipe AUTO_INGEST = TRUE COMMENT = 'Crea...]
[2023-10-09T17:53:12.064+0000] {cursor.py:817} INFO - query execution done
[2023-10-09T17:53:12.064+0000] {cursor.py:959} INFO - Number of results in first chunk: 1
[2023-10-09T17:53:12.065+0000] {sql.py:427} INFO - Rows affected: 1
[2023-10-09T17:53:12.065+0000] {snowflake.py:427} INFO - Rows affected: 1
[2023-10-09T17:53:12.066+0000] {snowflake.py:428} INFO - Snowflake query id: 01af8991-3202-08cd-0002-3f6a0002a696
[2023-10-09T17:53:12.066+0000] {cursor.py:804} INFO - query: [COMMIT]
[2023-10-09T17:53:12.124+0000] {cursor.py:817} INFO - query execution done
[2023-10-09T17:53:12.124+0000] {cursor.py:959} INFO - Number of results in first chunk: 1
[2023-10-09T17:53:12.125+0000] {connection.py:640} INFO - closed
[2023-10-09T17:53:12.158+0000] {connection.py:646} INFO - No async queries seem to be running, deleting session
[2023-10-09T17:53:12.226+0000] {taskinstance.py:1398} INFO - Marking task as SUCCESS. dag_id=Nyc_Yellow_Taxi, task_id=copy_data_into_trip_distance_table, execution_date=20231009T175130, start_date=20231009T175310, end_date=20231009T175312
[2023-10-09T17:53:12.312+0000] {local_task_job_runner.py:228} INFO - Task exited with return code 0
[2023-10-09T17:53:12.350+0000] {taskinstance.py:2776} INFO - 0 downstream tasks scheduled from follow-on schedule check
