[2023-09-17T15:35:59.824+0000] {taskinstance.py:1157} INFO - Dependencies all met for dep_context=non-requeueable deps ti=<TaskInstance: Nyc_Yellow_Taxi.create_schema manual__2023-09-17T15:35:49.213413+00:00 [queued]>
[2023-09-17T15:35:59.843+0000] {taskinstance.py:1157} INFO - Dependencies all met for dep_context=requeueable deps ti=<TaskInstance: Nyc_Yellow_Taxi.create_schema manual__2023-09-17T15:35:49.213413+00:00 [queued]>
[2023-09-17T15:35:59.845+0000] {taskinstance.py:1359} INFO - Starting attempt 1 of 1
[2023-09-17T15:35:59.875+0000] {taskinstance.py:1380} INFO - Executing <Task(SnowflakeOperator): create_schema> on 2023-09-17 15:35:49.213413+00:00
[2023-09-17T15:35:59.884+0000] {standard_task_runner.py:57} INFO - Started process 6081 to run task
[2023-09-17T15:35:59.892+0000] {standard_task_runner.py:84} INFO - Running: ['***', 'tasks', 'run', 'Nyc_Yellow_Taxi', 'create_schema', 'manual__2023-09-17T15:35:49.213413+00:00', '--job-id', '2812', '--raw', '--subdir', 'DAGS_FOLDER/tlc_etl.py', '--cfg-path', '/tmp/tmp7h8z4ytq']
[2023-09-17T15:35:59.899+0000] {standard_task_runner.py:85} INFO - Job 2812: Subtask create_schema
[2023-09-17T15:35:59.990+0000] {task_command.py:415} INFO - Running <TaskInstance: Nyc_Yellow_Taxi.create_schema manual__2023-09-17T15:35:49.213413+00:00 [running]> on host b0bf2d690aa3
[2023-09-17T15:36:00.128+0000] {taskinstance.py:1660} INFO - Exporting env vars: AIRFLOW_CTX_DAG_OWNER='***' AIRFLOW_CTX_DAG_ID='Nyc_Yellow_Taxi' AIRFLOW_CTX_TASK_ID='create_schema' AIRFLOW_CTX_EXECUTION_DATE='2023-09-17T15:35:49.213413+00:00' AIRFLOW_CTX_TRY_NUMBER='1' AIRFLOW_CTX_DAG_RUN_ID='manual__2023-09-17T15:35:49.213413+00:00'
[2023-09-17T15:36:00.129+0000] {sql.py:274} INFO - Executing: 
                      CREATE SCHEMA IF NOT EXISTS Yellow_Taxi
                      DATA_RETENTION_TIME_IN_DAYS = 90
                      COMMENT = 'Yellow Taxi'

                      
[2023-09-17T15:36:00.141+0000] {base.py:73} INFO - Using connection ID 'snowflake_default' for task execution.
[2023-09-17T15:36:00.154+0000] {base.py:73} INFO - Using connection ID 'snowflake_default' for task execution.
[2023-09-17T15:36:00.155+0000] {connection.py:314} INFO - Snowflake Connector for Python Version: 3.1.1, Python Version: 3.8.18, Platform: Linux-5.10.102.1-microsoft-standard-WSL2-x86_64-with-glibc2.2.5
[2023-09-17T15:36:00.156+0000] {connection.py:1050} INFO - This connection is in OCSP Fail Open Mode. TLS Certificates would be checked for validity and revocation status. Any other Certificate Revocation related exceptions or OCSP Responder failures would be disregarded in favor of connectivity.
[2023-09-17T15:36:00.157+0000] {connection.py:1068} INFO - Setting use_openssl_only mode to False
[2023-09-17T15:36:00.796+0000] {cursor.py:804} INFO - query: [ALTER SESSION SET autocommit=False]
[2023-09-17T15:36:00.881+0000] {cursor.py:817} INFO - query execution done
[2023-09-17T15:36:00.882+0000] {cursor.py:959} INFO - Number of results in first chunk: 1
[2023-09-17T15:36:00.883+0000] {sql.py:418} INFO - Running statement: CREATE SCHEMA IF NOT EXISTS Yellow_Taxi
                      DATA_RETENTION_TIME_IN_DAYS = 90
                      COMMENT = 'Yellow Taxi', parameters: None
[2023-09-17T15:36:00.883+0000] {cursor.py:804} INFO - query: [CREATE SCHEMA IF NOT EXISTS Yellow_Taxi DATA_RETENTION_TIME_IN_DAYS = 90 COMMENT...]
[2023-09-17T15:36:00.973+0000] {cursor.py:817} INFO - query execution done
[2023-09-17T15:36:00.974+0000] {cursor.py:959} INFO - Number of results in first chunk: 1
[2023-09-17T15:36:00.975+0000] {sql.py:427} INFO - Rows affected: 1
[2023-09-17T15:36:00.977+0000] {snowflake.py:427} INFO - Rows affected: 1
[2023-09-17T15:36:00.978+0000] {snowflake.py:428} INFO - Snowflake query id: 01af0d48-3201-f4ec-0000-00023f6a26e1
[2023-09-17T15:36:00.979+0000] {cursor.py:804} INFO - query: [COMMIT]
[2023-09-17T15:36:01.058+0000] {cursor.py:817} INFO - query execution done
[2023-09-17T15:36:01.059+0000] {cursor.py:959} INFO - Number of results in first chunk: 1
[2023-09-17T15:36:01.060+0000] {connection.py:640} INFO - closed
[2023-09-17T15:36:01.096+0000] {connection.py:646} INFO - No async queries seem to be running, deleting session
[2023-09-17T15:36:01.237+0000] {taskinstance.py:1398} INFO - Marking task as SUCCESS. dag_id=Nyc_Yellow_Taxi, task_id=create_schema, execution_date=20230917T153549, start_date=20230917T153559, end_date=20230917T153601
[2023-09-17T15:36:01.312+0000] {local_task_job_runner.py:228} INFO - Task exited with return code 0
[2023-09-17T15:36:01.387+0000] {taskinstance.py:2776} INFO - 0 downstream tasks scheduled from follow-on schedule check
