[2023-10-09T17:43:59.238+0000] {taskinstance.py:1157} INFO - Dependencies all met for dep_context=non-requeueable deps ti=<TaskInstance: Nyc_Yellow_Taxi.copy_data_into_payment_type_table scheduled__2023-10-07T22:00:00+00:00 [queued]>
[2023-10-09T17:43:59.263+0000] {taskinstance.py:1157} INFO - Dependencies all met for dep_context=requeueable deps ti=<TaskInstance: Nyc_Yellow_Taxi.copy_data_into_payment_type_table scheduled__2023-10-07T22:00:00+00:00 [queued]>
[2023-10-09T17:43:59.266+0000] {taskinstance.py:1359} INFO - Starting attempt 1 of 1
[2023-10-09T17:43:59.328+0000] {taskinstance.py:1380} INFO - Executing <Task(SnowflakeOperator): copy_data_into_payment_type_table> on 2023-10-07 22:00:00+00:00
[2023-10-09T17:43:59.348+0000] {standard_task_runner.py:57} INFO - Started process 274 to run task
[2023-10-09T17:43:59.369+0000] {standard_task_runner.py:84} INFO - Running: ['***', 'tasks', 'run', 'Nyc_Yellow_Taxi', 'copy_data_into_payment_type_table', 'scheduled__2023-10-07T22:00:00+00:00', '--job-id', '3474', '--raw', '--subdir', 'DAGS_FOLDER/tlc_etl.py', '--cfg-path', '/tmp/tmp2kqxq1qn']
[2023-10-09T17:43:59.382+0000] {standard_task_runner.py:85} INFO - Job 3474: Subtask copy_data_into_payment_type_table
[2023-10-09T17:43:59.667+0000] {task_command.py:415} INFO - Running <TaskInstance: Nyc_Yellow_Taxi.copy_data_into_payment_type_table scheduled__2023-10-07T22:00:00+00:00 [running]> on host c41f4f98c0da
[2023-10-09T17:44:00.033+0000] {taskinstance.py:1660} INFO - Exporting env vars: AIRFLOW_CTX_DAG_OWNER='***' AIRFLOW_CTX_DAG_ID='Nyc_Yellow_Taxi' AIRFLOW_CTX_TASK_ID='copy_data_into_payment_type_table' AIRFLOW_CTX_EXECUTION_DATE='2023-10-07T22:00:00+00:00' AIRFLOW_CTX_TRY_NUMBER='1' AIRFLOW_CTX_DAG_RUN_ID='scheduled__2023-10-07T22:00:00+00:00'
[2023-10-09T17:44:00.039+0000] {sql.py:274} INFO - Executing: 
                           CREATE OR REPLACE PIPE payment_type_dim_pipe
                           AUTO_INGEST = TRUE
                           COMMENT = 'Creates a payment type dimension pipe'
                           AS
                           COPY INTO AIRFLOW_NYC_TLC.Airflow_Yellow_Taxi.payment_type_dim
                           FROM @***_tlc_aws_s3_stage/payment_type_dim
                           FILE_FORMAT = (TYPE = 'PARQUET')
                           MATCH_BY_COLUMN_NAME = CASE_INSENSITIVE
                              
                           
[2023-10-09T17:44:00.089+0000] {base.py:73} INFO - Using connection ID 'snowflake_default' for task execution.
[2023-10-09T17:44:00.128+0000] {base.py:73} INFO - Using connection ID 'snowflake_default' for task execution.
[2023-10-09T17:44:00.137+0000] {connection.py:314} INFO - Snowflake Connector for Python Version: 3.1.1, Python Version: 3.8.18, Platform: Linux-5.10.102.1-microsoft-standard-WSL2-x86_64-with-glibc2.2.5
[2023-10-09T17:44:00.139+0000] {connection.py:1050} INFO - This connection is in OCSP Fail Open Mode. TLS Certificates would be checked for validity and revocation status. Any other Certificate Revocation related exceptions or OCSP Responder failures would be disregarded in favor of connectivity.
[2023-10-09T17:44:00.141+0000] {connection.py:1068} INFO - Setting use_openssl_only mode to False
[2023-10-09T17:44:01.028+0000] {cursor.py:804} INFO - query: [ALTER SESSION SET autocommit=False]
[2023-10-09T17:44:01.110+0000] {cursor.py:817} INFO - query execution done
[2023-10-09T17:44:01.112+0000] {cursor.py:959} INFO - Number of results in first chunk: 1
[2023-10-09T17:44:01.115+0000] {sql.py:418} INFO - Running statement: CREATE OR REPLACE PIPE payment_type_dim_pipe
                           AUTO_INGEST = TRUE
                           COMMENT = 'Creates a payment type dimension pipe'
                           AS
                           COPY INTO AIRFLOW_NYC_TLC.Airflow_Yellow_Taxi.payment_type_dim
                           FROM @***_tlc_aws_s3_stage/payment_type_dim
                           FILE_FORMAT = (TYPE = 'PARQUET')
                           MATCH_BY_COLUMN_NAME = CASE_INSENSITIVE, parameters: None
[2023-10-09T17:44:01.117+0000] {cursor.py:804} INFO - query: [CREATE OR REPLACE PIPE payment_type_dim_pipe AUTO_INGEST = TRUE COMMENT = 'Creat...]
[2023-10-09T17:44:01.664+0000] {cursor.py:817} INFO - query execution done
[2023-10-09T17:44:01.665+0000] {cursor.py:959} INFO - Number of results in first chunk: 1
[2023-10-09T17:44:01.666+0000] {sql.py:427} INFO - Rows affected: 1
[2023-10-09T17:44:01.667+0000] {snowflake.py:427} INFO - Rows affected: 1
[2023-10-09T17:44:01.667+0000] {snowflake.py:428} INFO - Snowflake query id: 01af8988-3202-08ce-0002-3f6a00028556
[2023-10-09T17:44:01.668+0000] {cursor.py:804} INFO - query: [COMMIT]
[2023-10-09T17:44:01.730+0000] {cursor.py:817} INFO - query execution done
[2023-10-09T17:44:01.732+0000] {cursor.py:959} INFO - Number of results in first chunk: 1
[2023-10-09T17:44:01.734+0000] {connection.py:640} INFO - closed
[2023-10-09T17:44:01.774+0000] {connection.py:646} INFO - No async queries seem to be running, deleting session
[2023-10-09T17:44:01.926+0000] {taskinstance.py:1398} INFO - Marking task as SUCCESS. dag_id=Nyc_Yellow_Taxi, task_id=copy_data_into_payment_type_table, execution_date=20231007T220000, start_date=20231009T174359, end_date=20231009T174401
[2023-10-09T17:44:01.969+0000] {local_task_job_runner.py:228} INFO - Task exited with return code 0
[2023-10-09T17:44:02.079+0000] {taskinstance.py:2776} INFO - 0 downstream tasks scheduled from follow-on schedule check
[2023-10-09T17:51:50.506+0000] {taskinstance.py:1157} INFO - Dependencies all met for dep_context=non-requeueable deps ti=<TaskInstance: Nyc_Yellow_Taxi.copy_data_into_payment_type_table scheduled__2023-10-07T22:00:00+00:00 [queued]>
[2023-10-09T17:51:50.524+0000] {taskinstance.py:1157} INFO - Dependencies all met for dep_context=requeueable deps ti=<TaskInstance: Nyc_Yellow_Taxi.copy_data_into_payment_type_table scheduled__2023-10-07T22:00:00+00:00 [queued]>
[2023-10-09T17:51:50.525+0000] {taskinstance.py:1359} INFO - Starting attempt 1 of 1
[2023-10-09T17:51:50.546+0000] {taskinstance.py:1380} INFO - Executing <Task(SnowflakeOperator): copy_data_into_payment_type_table> on 2023-10-07 22:00:00+00:00
[2023-10-09T17:51:50.552+0000] {standard_task_runner.py:57} INFO - Started process 621 to run task
[2023-10-09T17:51:50.558+0000] {standard_task_runner.py:84} INFO - Running: ['***', 'tasks', 'run', 'Nyc_Yellow_Taxi', 'copy_data_into_payment_type_table', 'scheduled__2023-10-07T22:00:00+00:00', '--job-id', '3517', '--raw', '--subdir', 'DAGS_FOLDER/tlc_etl.py', '--cfg-path', '/tmp/tmp__yoa23p']
[2023-10-09T17:51:50.564+0000] {standard_task_runner.py:85} INFO - Job 3517: Subtask copy_data_into_payment_type_table
[2023-10-09T17:51:50.639+0000] {task_command.py:415} INFO - Running <TaskInstance: Nyc_Yellow_Taxi.copy_data_into_payment_type_table scheduled__2023-10-07T22:00:00+00:00 [running]> on host c41f4f98c0da
[2023-10-09T17:51:50.764+0000] {taskinstance.py:1660} INFO - Exporting env vars: AIRFLOW_CTX_DAG_OWNER='***' AIRFLOW_CTX_DAG_ID='Nyc_Yellow_Taxi' AIRFLOW_CTX_TASK_ID='copy_data_into_payment_type_table' AIRFLOW_CTX_EXECUTION_DATE='2023-10-07T22:00:00+00:00' AIRFLOW_CTX_TRY_NUMBER='1' AIRFLOW_CTX_DAG_RUN_ID='scheduled__2023-10-07T22:00:00+00:00'
[2023-10-09T17:51:50.766+0000] {sql.py:274} INFO - Executing: 
                           CREATE OR REPLACE PIPE payment_type_dim_pipe
                           AUTO_INGEST = TRUE
                           COMMENT = 'Creates a payment type dimension pipe'
                           AS
                           COPY INTO AIRFLOW_NYC_TLC.Airflow_Yellow_Taxi.payment_type_dim
                           FROM @***_tlc_aws_s3_stage/payment_type_dim
                           FILE_FORMAT = (TYPE = 'PARQUET')
                           MATCH_BY_COLUMN_NAME = CASE_INSENSITIVE
                              
                           
[2023-10-09T17:51:50.781+0000] {base.py:73} INFO - Using connection ID 'snowflake_default' for task execution.
[2023-10-09T17:51:50.797+0000] {base.py:73} INFO - Using connection ID 'snowflake_default' for task execution.
[2023-10-09T17:51:50.799+0000] {connection.py:314} INFO - Snowflake Connector for Python Version: 3.1.1, Python Version: 3.8.18, Platform: Linux-5.10.102.1-microsoft-standard-WSL2-x86_64-with-glibc2.2.5
[2023-10-09T17:51:50.800+0000] {connection.py:1050} INFO - This connection is in OCSP Fail Open Mode. TLS Certificates would be checked for validity and revocation status. Any other Certificate Revocation related exceptions or OCSP Responder failures would be disregarded in favor of connectivity.
[2023-10-09T17:51:50.801+0000] {connection.py:1068} INFO - Setting use_openssl_only mode to False
[2023-10-09T17:51:51.280+0000] {cursor.py:804} INFO - query: [ALTER SESSION SET autocommit=False]
[2023-10-09T17:51:51.353+0000] {cursor.py:817} INFO - query execution done
[2023-10-09T17:51:51.354+0000] {cursor.py:959} INFO - Number of results in first chunk: 1
[2023-10-09T17:51:51.354+0000] {sql.py:418} INFO - Running statement: CREATE OR REPLACE PIPE payment_type_dim_pipe
                           AUTO_INGEST = TRUE
                           COMMENT = 'Creates a payment type dimension pipe'
                           AS
                           COPY INTO AIRFLOW_NYC_TLC.Airflow_Yellow_Taxi.payment_type_dim
                           FROM @***_tlc_aws_s3_stage/payment_type_dim
                           FILE_FORMAT = (TYPE = 'PARQUET')
                           MATCH_BY_COLUMN_NAME = CASE_INSENSITIVE, parameters: None
[2023-10-09T17:51:51.355+0000] {cursor.py:804} INFO - query: [CREATE OR REPLACE PIPE payment_type_dim_pipe AUTO_INGEST = TRUE COMMENT = 'Creat...]
[2023-10-09T17:51:51.817+0000] {cursor.py:817} INFO - query execution done
[2023-10-09T17:51:51.818+0000] {cursor.py:959} INFO - Number of results in first chunk: 1
[2023-10-09T17:51:51.818+0000] {sql.py:427} INFO - Rows affected: 1
[2023-10-09T17:51:51.819+0000] {snowflake.py:427} INFO - Rows affected: 1
[2023-10-09T17:51:51.819+0000] {snowflake.py:428} INFO - Snowflake query id: 01af898f-3202-08cc-0002-3f6a000294ba
[2023-10-09T17:51:51.820+0000] {cursor.py:804} INFO - query: [COMMIT]
[2023-10-09T17:51:51.881+0000] {cursor.py:817} INFO - query execution done
[2023-10-09T17:51:51.882+0000] {cursor.py:959} INFO - Number of results in first chunk: 1
[2023-10-09T17:51:51.883+0000] {connection.py:640} INFO - closed
[2023-10-09T17:51:51.912+0000] {connection.py:646} INFO - No async queries seem to be running, deleting session
[2023-10-09T17:51:51.974+0000] {taskinstance.py:1398} INFO - Marking task as SUCCESS. dag_id=Nyc_Yellow_Taxi, task_id=copy_data_into_payment_type_table, execution_date=20231007T220000, start_date=20231009T175150, end_date=20231009T175151
[2023-10-09T17:51:52.014+0000] {local_task_job_runner.py:228} INFO - Task exited with return code 0
[2023-10-09T17:51:52.172+0000] {taskinstance.py:2776} INFO - 0 downstream tasks scheduled from follow-on schedule check
