[2023-10-09T17:53:02.687+0000] {taskinstance.py:1157} INFO - Dependencies all met for dep_context=non-requeueable deps ti=<TaskInstance: Nyc_Yellow_Taxi.create_rate_code_table manual__2023-10-09T17:51:30.888679+00:00 [queued]>
[2023-10-09T17:53:02.699+0000] {taskinstance.py:1157} INFO - Dependencies all met for dep_context=requeueable deps ti=<TaskInstance: Nyc_Yellow_Taxi.create_rate_code_table manual__2023-10-09T17:51:30.888679+00:00 [queued]>
[2023-10-09T17:53:02.700+0000] {taskinstance.py:1359} INFO - Starting attempt 2 of 2
[2023-10-09T17:53:02.716+0000] {taskinstance.py:1380} INFO - Executing <Task(SnowflakeOperator): create_rate_code_table> on 2023-10-09 17:51:30.888679+00:00
[2023-10-09T17:53:02.724+0000] {standard_task_runner.py:57} INFO - Started process 750 to run task
[2023-10-09T17:53:02.731+0000] {standard_task_runner.py:84} INFO - Running: ['***', 'tasks', 'run', 'Nyc_Yellow_Taxi', 'create_rate_code_table', 'manual__2023-10-09T17:51:30.888679+00:00', '--job-id', '3533', '--raw', '--subdir', 'DAGS_FOLDER/tlc_etl.py', '--cfg-path', '/tmp/tmpjfkz_cso']
[2023-10-09T17:53:02.737+0000] {standard_task_runner.py:85} INFO - Job 3533: Subtask create_rate_code_table
[2023-10-09T17:53:02.799+0000] {task_command.py:415} INFO - Running <TaskInstance: Nyc_Yellow_Taxi.create_rate_code_table manual__2023-10-09T17:51:30.888679+00:00 [running]> on host c41f4f98c0da
[2023-10-09T17:53:02.928+0000] {taskinstance.py:1660} INFO - Exporting env vars: AIRFLOW_CTX_DAG_OWNER='***' AIRFLOW_CTX_DAG_ID='Nyc_Yellow_Taxi' AIRFLOW_CTX_TASK_ID='create_rate_code_table' AIRFLOW_CTX_EXECUTION_DATE='2023-10-09T17:51:30.888679+00:00' AIRFLOW_CTX_TRY_NUMBER='2' AIRFLOW_CTX_DAG_RUN_ID='manual__2023-10-09T17:51:30.888679+00:00'
[2023-10-09T17:53:02.929+0000] {sql.py:274} INFO - Executing: 
                       CREATE OR REPLACE TABLE rate_code_dim (
                                                                rate_code_id INT PRIMARY KEY,
                                                                RatecodeID INT,
                                                                rate_code_name TEXT
                                                              )
                       STAGE_FILE_FORMAT = (TYPE = 'PARQUET')
                       COMMENT = 'create rate code dimension'

                      
[2023-10-09T17:53:02.947+0000] {base.py:73} INFO - Using connection ID 'snowflake_default' for task execution.
[2023-10-09T17:53:02.964+0000] {base.py:73} INFO - Using connection ID 'snowflake_default' for task execution.
[2023-10-09T17:53:02.965+0000] {connection.py:314} INFO - Snowflake Connector for Python Version: 3.1.1, Python Version: 3.8.18, Platform: Linux-5.10.102.1-microsoft-standard-WSL2-x86_64-with-glibc2.2.5
[2023-10-09T17:53:02.967+0000] {connection.py:1050} INFO - This connection is in OCSP Fail Open Mode. TLS Certificates would be checked for validity and revocation status. Any other Certificate Revocation related exceptions or OCSP Responder failures would be disregarded in favor of connectivity.
[2023-10-09T17:53:02.967+0000] {connection.py:1068} INFO - Setting use_openssl_only mode to False
[2023-10-09T17:53:03.580+0000] {cursor.py:804} INFO - query: [ALTER SESSION SET autocommit=False]
[2023-10-09T17:53:03.652+0000] {cursor.py:817} INFO - query execution done
[2023-10-09T17:53:03.653+0000] {cursor.py:959} INFO - Number of results in first chunk: 1
[2023-10-09T17:53:03.654+0000] {sql.py:418} INFO - Running statement: CREATE OR REPLACE TABLE rate_code_dim (
                                                                rate_code_id INT PRIMARY KEY,
                                                                RatecodeID INT,
                                                                rate_code_name TEXT
                                                              )
                       STAGE_FILE_FORMAT = (TYPE = 'PARQUET')
                       COMMENT = 'create rate code dimension', parameters: None
[2023-10-09T17:53:03.655+0000] {cursor.py:804} INFO - query: [CREATE OR REPLACE TABLE rate_code_dim ( rate_code_id INT PRIMARY KEY, RatecodeID...]
[2023-10-09T17:53:03.822+0000] {cursor.py:817} INFO - query execution done
[2023-10-09T17:53:03.823+0000] {cursor.py:959} INFO - Number of results in first chunk: 1
[2023-10-09T17:53:03.824+0000] {sql.py:427} INFO - Rows affected: 1
[2023-10-09T17:53:03.825+0000] {snowflake.py:427} INFO - Rows affected: 1
[2023-10-09T17:53:03.825+0000] {snowflake.py:428} INFO - Snowflake query id: 01af8991-3202-08ce-0002-3f6a00028646
[2023-10-09T17:53:03.826+0000] {cursor.py:804} INFO - query: [COMMIT]
[2023-10-09T17:53:03.942+0000] {cursor.py:817} INFO - query execution done
[2023-10-09T17:53:03.943+0000] {cursor.py:959} INFO - Number of results in first chunk: 1
[2023-10-09T17:53:03.943+0000] {connection.py:640} INFO - closed
[2023-10-09T17:53:03.972+0000] {connection.py:646} INFO - No async queries seem to be running, deleting session
[2023-10-09T17:53:04.039+0000] {taskinstance.py:1398} INFO - Marking task as SUCCESS. dag_id=Nyc_Yellow_Taxi, task_id=create_rate_code_table, execution_date=20231009T175130, start_date=20231009T175302, end_date=20231009T175304
[2023-10-09T17:53:04.107+0000] {local_task_job_runner.py:228} INFO - Task exited with return code 0
[2023-10-09T17:53:04.358+0000] {taskinstance.py:2776} INFO - 0 downstream tasks scheduled from follow-on schedule check
