[2023-10-09T17:51:42.317+0000] {taskinstance.py:1157} INFO - Dependencies all met for dep_context=non-requeueable deps ti=<TaskInstance: Nyc_Yellow_Taxi.create_payment_type_table manual__2023-10-09T17:51:30.888679+00:00 [queued]>
[2023-10-09T17:51:42.330+0000] {taskinstance.py:1157} INFO - Dependencies all met for dep_context=requeueable deps ti=<TaskInstance: Nyc_Yellow_Taxi.create_payment_type_table manual__2023-10-09T17:51:30.888679+00:00 [queued]>
[2023-10-09T17:51:42.331+0000] {taskinstance.py:1359} INFO - Starting attempt 1 of 1
[2023-10-09T17:51:42.350+0000] {taskinstance.py:1380} INFO - Executing <Task(SnowflakeOperator): create_payment_type_table> on 2023-10-09 17:51:30.888679+00:00
[2023-10-09T17:51:42.359+0000] {standard_task_runner.py:57} INFO - Started process 555 to run task
[2023-10-09T17:51:42.363+0000] {standard_task_runner.py:84} INFO - Running: ['***', 'tasks', 'run', 'Nyc_Yellow_Taxi', 'create_payment_type_table', 'manual__2023-10-09T17:51:30.888679+00:00', '--job-id', '3505', '--raw', '--subdir', 'DAGS_FOLDER/tlc_etl.py', '--cfg-path', '/tmp/tmp3yz3o4b6']
[2023-10-09T17:51:42.368+0000] {standard_task_runner.py:85} INFO - Job 3505: Subtask create_payment_type_table
[2023-10-09T17:51:42.456+0000] {task_command.py:415} INFO - Running <TaskInstance: Nyc_Yellow_Taxi.create_payment_type_table manual__2023-10-09T17:51:30.888679+00:00 [running]> on host c41f4f98c0da
[2023-10-09T17:51:42.593+0000] {taskinstance.py:1660} INFO - Exporting env vars: AIRFLOW_CTX_DAG_OWNER='***' AIRFLOW_CTX_DAG_ID='Nyc_Yellow_Taxi' AIRFLOW_CTX_TASK_ID='create_payment_type_table' AIRFLOW_CTX_EXECUTION_DATE='2023-10-09T17:51:30.888679+00:00' AIRFLOW_CTX_TRY_NUMBER='1' AIRFLOW_CTX_DAG_RUN_ID='manual__2023-10-09T17:51:30.888679+00:00'
[2023-10-09T17:51:42.595+0000] {sql.py:274} INFO - Executing: 
                          CREATE OR REPLACE TABLE payment_type_dim (
                                                                     payment_type_id INT PRIMARY KEY,
                                                                     payment_type INT,
                                                                     payment_type_name TEXT
                                                                   )
                          STAGE_FILE_FORMAT = (TYPE = 'PARQUET')
                          COMMENT = 'create payment type dimension'

                          
[2023-10-09T17:51:42.607+0000] {base.py:73} INFO - Using connection ID 'snowflake_default' for task execution.
[2023-10-09T17:51:42.622+0000] {base.py:73} INFO - Using connection ID 'snowflake_default' for task execution.
[2023-10-09T17:51:42.623+0000] {connection.py:314} INFO - Snowflake Connector for Python Version: 3.1.1, Python Version: 3.8.18, Platform: Linux-5.10.102.1-microsoft-standard-WSL2-x86_64-with-glibc2.2.5
[2023-10-09T17:51:42.625+0000] {connection.py:1050} INFO - This connection is in OCSP Fail Open Mode. TLS Certificates would be checked for validity and revocation status. Any other Certificate Revocation related exceptions or OCSP Responder failures would be disregarded in favor of connectivity.
[2023-10-09T17:51:42.625+0000] {connection.py:1068} INFO - Setting use_openssl_only mode to False
[2023-10-09T17:51:43.291+0000] {cursor.py:804} INFO - query: [ALTER SESSION SET autocommit=False]
[2023-10-09T17:51:43.362+0000] {cursor.py:817} INFO - query execution done
[2023-10-09T17:51:43.363+0000] {cursor.py:959} INFO - Number of results in first chunk: 1
[2023-10-09T17:51:43.363+0000] {sql.py:418} INFO - Running statement: CREATE OR REPLACE TABLE payment_type_dim (
                                                                     payment_type_id INT PRIMARY KEY,
                                                                     payment_type INT,
                                                                     payment_type_name TEXT
                                                                   )
                          STAGE_FILE_FORMAT = (TYPE = 'PARQUET')
                          COMMENT = 'create payment type dimension', parameters: None
[2023-10-09T17:51:43.364+0000] {cursor.py:804} INFO - query: [CREATE OR REPLACE TABLE payment_type_dim ( payment_type_id INT PRIMARY KEY, paym...]
[2023-10-09T17:51:43.627+0000] {cursor.py:817} INFO - query execution done
[2023-10-09T17:51:43.628+0000] {cursor.py:959} INFO - Number of results in first chunk: 1
[2023-10-09T17:51:43.628+0000] {sql.py:427} INFO - Rows affected: 1
[2023-10-09T17:51:43.629+0000] {snowflake.py:427} INFO - Rows affected: 1
[2023-10-09T17:51:43.630+0000] {snowflake.py:428} INFO - Snowflake query id: 01af898f-3202-08cd-0002-3f6a0002a5f2
[2023-10-09T17:51:43.630+0000] {cursor.py:804} INFO - query: [COMMIT]
[2023-10-09T17:51:43.693+0000] {cursor.py:817} INFO - query execution done
[2023-10-09T17:51:43.694+0000] {cursor.py:959} INFO - Number of results in first chunk: 1
[2023-10-09T17:51:43.694+0000] {connection.py:640} INFO - closed
[2023-10-09T17:51:43.723+0000] {connection.py:646} INFO - No async queries seem to be running, deleting session
[2023-10-09T17:51:43.801+0000] {taskinstance.py:1398} INFO - Marking task as SUCCESS. dag_id=Nyc_Yellow_Taxi, task_id=create_payment_type_table, execution_date=20231009T175130, start_date=20231009T175142, end_date=20231009T175143
[2023-10-09T17:51:43.861+0000] {local_task_job_runner.py:228} INFO - Task exited with return code 0
[2023-10-09T17:51:44.011+0000] {taskinstance.py:2776} INFO - 0 downstream tasks scheduled from follow-on schedule check
