[2023-10-09T18:12:44.557+0000] {taskinstance.py:1157} INFO - Dependencies all met for dep_context=non-requeueable deps ti=<TaskInstance: Nyc_Yellow_Taxi.create_external_storage_integration manual__2023-10-09T18:12:28.079337+00:00 [queued]>
[2023-10-09T18:12:44.569+0000] {taskinstance.py:1157} INFO - Dependencies all met for dep_context=requeueable deps ti=<TaskInstance: Nyc_Yellow_Taxi.create_external_storage_integration manual__2023-10-09T18:12:28.079337+00:00 [queued]>
[2023-10-09T18:12:44.570+0000] {taskinstance.py:1359} INFO - Starting attempt 1 of 1
[2023-10-09T18:12:44.584+0000] {taskinstance.py:1380} INFO - Executing <Task(SnowflakeOperator): create_external_storage_integration> on 2023-10-09 18:12:28.079337+00:00
[2023-10-09T18:12:44.589+0000] {standard_task_runner.py:57} INFO - Started process 1208 to run task
[2023-10-09T18:12:44.593+0000] {standard_task_runner.py:84} INFO - Running: ['***', 'tasks', 'run', 'Nyc_Yellow_Taxi', 'create_external_storage_integration', 'manual__2023-10-09T18:12:28.079337+00:00', '--job-id', '3561', '--raw', '--subdir', 'DAGS_FOLDER/tlc_etl.py', '--cfg-path', '/tmp/tmpqhzj_3sh']
[2023-10-09T18:12:44.596+0000] {standard_task_runner.py:85} INFO - Job 3561: Subtask create_external_storage_integration
[2023-10-09T18:12:44.641+0000] {task_command.py:415} INFO - Running <TaskInstance: Nyc_Yellow_Taxi.create_external_storage_integration manual__2023-10-09T18:12:28.079337+00:00 [running]> on host c41f4f98c0da
[2023-10-09T18:12:44.717+0000] {taskinstance.py:1660} INFO - Exporting env vars: AIRFLOW_CTX_DAG_OWNER='***' AIRFLOW_CTX_DAG_ID='Nyc_Yellow_Taxi' AIRFLOW_CTX_TASK_ID='create_external_storage_integration' AIRFLOW_CTX_EXECUTION_DATE='2023-10-09T18:12:28.079337+00:00' AIRFLOW_CTX_TRY_NUMBER='1' AIRFLOW_CTX_DAG_RUN_ID='manual__2023-10-09T18:12:28.079337+00:00'
[2023-10-09T18:12:44.719+0000] {sql.py:274} INFO - Executing: 
                              CREATE STORAGE INTEGRATION IF NOT EXISTS ***_tlc_aws_s3_int
                              TYPE = EXTERNAL_STAGE
                              STORAGE_PROVIDER = 'S3'
                              ENABLED = TRUE
                              STORAGE_AWS_ROLE_ARN = 'arn:aws:iam::068113920969:role/snowflake-role'
                              STORAGE_ALLOWED_LOCATIONS = ('s3://nyc-tlc-trip-data/yellow-taxi/')
                              COMMENT = 'create an aws storage integration for nyc taxi trip data'

                              
[2023-10-09T18:12:44.727+0000] {base.py:73} INFO - Using connection ID 'snowflake_default' for task execution.
[2023-10-09T18:12:44.735+0000] {base.py:73} INFO - Using connection ID 'snowflake_default' for task execution.
[2023-10-09T18:12:44.736+0000] {connection.py:314} INFO - Snowflake Connector for Python Version: 3.1.1, Python Version: 3.8.18, Platform: Linux-5.10.102.1-microsoft-standard-WSL2-x86_64-with-glibc2.2.5
[2023-10-09T18:12:44.737+0000] {connection.py:1050} INFO - This connection is in OCSP Fail Open Mode. TLS Certificates would be checked for validity and revocation status. Any other Certificate Revocation related exceptions or OCSP Responder failures would be disregarded in favor of connectivity.
[2023-10-09T18:12:44.738+0000] {connection.py:1068} INFO - Setting use_openssl_only mode to False
[2023-10-09T18:12:45.078+0000] {cursor.py:804} INFO - query: [ALTER SESSION SET autocommit=False]
[2023-10-09T18:12:45.143+0000] {cursor.py:817} INFO - query execution done
[2023-10-09T18:12:45.144+0000] {cursor.py:959} INFO - Number of results in first chunk: 1
[2023-10-09T18:12:45.145+0000] {sql.py:418} INFO - Running statement: CREATE STORAGE INTEGRATION IF NOT EXISTS ***_tlc_aws_s3_int
                              TYPE = EXTERNAL_STAGE
                              STORAGE_PROVIDER = 'S3'
                              ENABLED = TRUE
                              STORAGE_AWS_ROLE_ARN = 'arn:aws:iam::068113920969:role/snowflake-role'
                              STORAGE_ALLOWED_LOCATIONS = ('s3://nyc-tlc-trip-data/yellow-taxi/')
                              COMMENT = 'create an aws storage integration for nyc taxi trip data', parameters: None
[2023-10-09T18:12:45.145+0000] {cursor.py:804} INFO - query: [CREATE STORAGE INTEGRATION IF NOT EXISTS ***_tlc_aws_s3_int TYPE = EXTERNAL_...]
[2023-10-09T18:12:45.214+0000] {cursor.py:817} INFO - query execution done
[2023-10-09T18:12:45.214+0000] {cursor.py:959} INFO - Number of results in first chunk: 1
[2023-10-09T18:12:45.215+0000] {sql.py:427} INFO - Rows affected: 1
[2023-10-09T18:12:45.215+0000] {snowflake.py:427} INFO - Rows affected: 1
[2023-10-09T18:12:45.216+0000] {snowflake.py:428} INFO - Snowflake query id: 01af89a4-3202-08ce-0002-3f6a000287e2
[2023-10-09T18:12:45.216+0000] {cursor.py:804} INFO - query: [COMMIT]
[2023-10-09T18:12:45.318+0000] {cursor.py:817} INFO - query execution done
[2023-10-09T18:12:45.318+0000] {cursor.py:959} INFO - Number of results in first chunk: 1
[2023-10-09T18:12:45.319+0000] {connection.py:640} INFO - closed
[2023-10-09T18:12:45.347+0000] {connection.py:646} INFO - No async queries seem to be running, deleting session
[2023-10-09T18:12:45.408+0000] {taskinstance.py:1398} INFO - Marking task as SUCCESS. dag_id=Nyc_Yellow_Taxi, task_id=create_external_storage_integration, execution_date=20231009T181228, start_date=20231009T181244, end_date=20231009T181245
[2023-10-09T18:12:45.447+0000] {local_task_job_runner.py:228} INFO - Task exited with return code 0
[2023-10-09T18:12:45.502+0000] {taskinstance.py:2776} INFO - 1 downstream tasks scheduled from follow-on schedule check
