[2023-10-09T17:43:39.297+0000] {taskinstance.py:1157} INFO - Dependencies all met for dep_context=non-requeueable deps ti=<TaskInstance: Nyc_Yellow_Taxi.create_pickup_location_table scheduled__2023-10-06T22:00:00+00:00 [queued]>
[2023-10-09T17:43:39.336+0000] {taskinstance.py:1157} INFO - Dependencies all met for dep_context=requeueable deps ti=<TaskInstance: Nyc_Yellow_Taxi.create_pickup_location_table scheduled__2023-10-06T22:00:00+00:00 [queued]>
[2023-10-09T17:43:39.339+0000] {taskinstance.py:1359} INFO - Starting attempt 1 of 1
[2023-10-09T17:43:39.415+0000] {taskinstance.py:1380} INFO - Executing <Task(SnowflakeOperator): create_pickup_location_table> on 2023-10-06 22:00:00+00:00
[2023-10-09T17:43:39.641+0000] {standard_task_runner.py:57} INFO - Started process 153 to run task
[2023-10-09T17:43:39.702+0000] {standard_task_runner.py:84} INFO - Running: ['***', 'tasks', 'run', 'Nyc_Yellow_Taxi', 'create_pickup_location_table', 'scheduled__2023-10-06T22:00:00+00:00', '--job-id', '3453', '--raw', '--subdir', 'DAGS_FOLDER/tlc_etl.py', '--cfg-path', '/tmp/tmpzs2fmhlv']
[2023-10-09T17:43:39.765+0000] {standard_task_runner.py:85} INFO - Job 3453: Subtask create_pickup_location_table
[2023-10-09T17:43:40.301+0000] {task_command.py:415} INFO - Running <TaskInstance: Nyc_Yellow_Taxi.create_pickup_location_table scheduled__2023-10-06T22:00:00+00:00 [running]> on host c41f4f98c0da
[2023-10-09T17:43:41.041+0000] {taskinstance.py:1660} INFO - Exporting env vars: AIRFLOW_CTX_DAG_OWNER='***' AIRFLOW_CTX_DAG_ID='Nyc_Yellow_Taxi' AIRFLOW_CTX_TASK_ID='create_pickup_location_table' AIRFLOW_CTX_EXECUTION_DATE='2023-10-06T22:00:00+00:00' AIRFLOW_CTX_TRY_NUMBER='1' AIRFLOW_CTX_DAG_RUN_ID='scheduled__2023-10-06T22:00:00+00:00'
[2023-10-09T17:43:41.062+0000] {sql.py:274} INFO - Executing: 
                             CREATE OR REPLACE TABLE pickup_location_dim (
                                                                             pickup_location_id INT PRIMARY KEY,
                                                                             PULocationID INT,
                                                                             Borough TEXT,
                                                                             Zone TEXT,
                                                                             service_zone TEXT
                                                                           )
                             STAGE_FILE_FORMAT = (TYPE = 'PARQUET')
                             COMMENT = 'create pickup location dimension'

                           
[2023-10-09T17:43:41.155+0000] {base.py:73} INFO - Using connection ID 'snowflake_default' for task execution.
[2023-10-09T17:43:41.216+0000] {base.py:73} INFO - Using connection ID 'snowflake_default' for task execution.
[2023-10-09T17:43:41.244+0000] {connection.py:314} INFO - Snowflake Connector for Python Version: 3.1.1, Python Version: 3.8.18, Platform: Linux-5.10.102.1-microsoft-standard-WSL2-x86_64-with-glibc2.2.5
[2023-10-09T17:43:41.253+0000] {connection.py:1050} INFO - This connection is in OCSP Fail Open Mode. TLS Certificates would be checked for validity and revocation status. Any other Certificate Revocation related exceptions or OCSP Responder failures would be disregarded in favor of connectivity.
[2023-10-09T17:43:41.254+0000] {connection.py:1068} INFO - Setting use_openssl_only mode to False
[2023-10-09T17:43:43.076+0000] {cursor.py:804} INFO - query: [ALTER SESSION SET autocommit=False]
[2023-10-09T17:43:43.189+0000] {cursor.py:817} INFO - query execution done
[2023-10-09T17:43:43.192+0000] {cursor.py:959} INFO - Number of results in first chunk: 1
[2023-10-09T17:43:43.193+0000] {sql.py:418} INFO - Running statement: CREATE OR REPLACE TABLE pickup_location_dim (
                                                                             pickup_location_id INT PRIMARY KEY,
                                                                             PULocationID INT,
                                                                             Borough TEXT,
                                                                             Zone TEXT,
                                                                             service_zone TEXT
                                                                           )
                             STAGE_FILE_FORMAT = (TYPE = 'PARQUET')
                             COMMENT = 'create pickup location dimension', parameters: None
[2023-10-09T17:43:43.195+0000] {cursor.py:804} INFO - query: [CREATE OR REPLACE TABLE pickup_location_dim ( pickup_location_id INT PRIMARY KEY...]
[2023-10-09T17:43:43.431+0000] {cursor.py:817} INFO - query execution done
[2023-10-09T17:43:43.432+0000] {cursor.py:959} INFO - Number of results in first chunk: 1
[2023-10-09T17:43:43.432+0000] {sql.py:427} INFO - Rows affected: 1
[2023-10-09T17:43:43.434+0000] {snowflake.py:427} INFO - Rows affected: 1
[2023-10-09T17:43:43.436+0000] {snowflake.py:428} INFO - Snowflake query id: 01af8987-3202-08cd-0002-3f6a0002a50a
[2023-10-09T17:43:43.438+0000] {cursor.py:804} INFO - query: [COMMIT]
[2023-10-09T17:43:43.497+0000] {cursor.py:817} INFO - query execution done
[2023-10-09T17:43:43.499+0000] {cursor.py:959} INFO - Number of results in first chunk: 1
[2023-10-09T17:43:43.500+0000] {connection.py:640} INFO - closed
[2023-10-09T17:43:43.540+0000] {connection.py:646} INFO - No async queries seem to be running, deleting session
[2023-10-09T17:43:43.758+0000] {taskinstance.py:1398} INFO - Marking task as SUCCESS. dag_id=Nyc_Yellow_Taxi, task_id=create_pickup_location_table, execution_date=20231006T220000, start_date=20231009T174339, end_date=20231009T174343
[2023-10-09T17:43:43.903+0000] {local_task_job_runner.py:228} INFO - Task exited with return code 0
[2023-10-09T17:43:44.080+0000] {taskinstance.py:2776} INFO - 0 downstream tasks scheduled from follow-on schedule check
